2024-11-07 12:41:57.290 [info] [main] Log level: Info
2024-11-07 12:41:57.290 [info] [main] Validating found git in: "git"
2024-11-07 12:41:57.290 [info] [main] Using git "2.34.1" from "git"
2024-11-07 12:41:57.290 [info] [Model][doInitialScan] Initial repository scan started
2024-11-07 12:41:57.295 [info] > git rev-parse --show-toplevel [8ms]
2024-11-07 12:41:57.348 [info] > git rev-parse --git-dir --git-common-dir [10ms]
2024-11-07 12:41:57.360 [info] [Model][openRepository] Opened repository: /home/greg
2024-11-07 12:41:57.367 [info] > git config --get commit.template [2ms]
2024-11-07 12:41:57.367 [info] > git rev-parse --show-toplevel [2ms]
2024-11-07 12:41:57.370 [info] [Git][getRemotes] No remotes found in the git config file
2024-11-07 12:41:57.373 [info] > git for-each-ref --format=%(refname)%00%(upstream:short)%00%(objectname)%00%(upstream:track)%00%(upstream:remotename)%00%(upstream:remoteref) refs/heads/master refs/remotes/master [4ms]
2024-11-07 12:41:57.382 [info] > git rev-parse --show-toplevel [9ms]
2024-11-07 12:41:57.386 [info] > git rev-parse --show-toplevel [1ms]
2024-11-07 12:41:57.387 [info] > git for-each-ref --sort -committerdate --format %(refname) %(objectname) %(*objectname) [6ms]
2024-11-07 12:41:57.392 [info] > git rev-parse --show-toplevel [1ms]
2024-11-07 12:41:57.395 [info] > git rev-parse --show-toplevel [1ms]
2024-11-07 12:41:57.400 [info] > git rev-parse --show-toplevel [2ms]
2024-11-07 12:41:57.405 [info] > git rev-parse --show-toplevel [2ms]
2024-11-07 12:41:57.409 [info] > git rev-parse --git-dir --git-common-dir [1ms]
2024-11-07 12:41:57.415 [info] [Model][openRepository] Opened repository: /home/greg/.nvm
2024-11-07 12:41:57.422 [info] > git config --get commit.template [3ms]
2024-11-07 12:41:57.423 [info] > git rev-parse --show-toplevel [1ms]
2024-11-07 12:41:57.430 [info] > git rev-parse --show-toplevel [2ms]
2024-11-07 12:41:57.433 [info] > git rev-parse --show-toplevel [1ms]
2024-11-07 12:41:57.440 [info] [Model][doInitialScan] Initial repository scan completed - repositories (2), closed repositories (0), parent repositories (0), unsafe repositories (0)
2024-11-07 12:41:57.446 [info] > git for-each-ref --format %(refname) %(objectname) %(*objectname) refs/tags [20ms]
2024-11-07 12:41:57.454 [info] > git status -z -uall [6ms]
2024-11-07 12:41:57.455 [info] > git for-each-ref --sort -committerdate --format %(refname) %(objectname) %(*objectname) [4ms]
2024-11-07 12:41:57.496 [info] > git status -z -uall [120ms]
2024-11-07 12:41:57.509 [info] > git for-each-ref --format=%(refname)%00%(upstream:short)%00%(objectname)%00%(upstream:track)%00%(upstream:remotename)%00%(upstream:remoteref) refs/heads/master refs/remotes/master [6ms]
2024-11-07 12:41:57.511 [info] > git config --get commit.template [15ms]
2024-11-07 12:41:57.512 [info] > git config --local branch.master.vscode-merge-base [2ms]
2024-11-07 12:41:57.512 [warning] [Git][config] git config failed: Failed to execute git
2024-11-07 12:41:57.515 [info] > git config --get commit.template [6ms]
2024-11-07 12:41:57.519 [info] [Git][getRemotes] No remotes found in the git config file
2024-11-07 12:41:57.520 [info] > git for-each-ref --format %(refname) %(objectname) %(*objectname) refs/tags [3ms]
2024-11-07 12:41:57.525 [info] > git status -z -uall [3ms]
2024-11-07 12:41:57.525 [info] > git for-each-ref --format=%(refname)%00%(upstream:short)%00%(objectname)%00%(upstream:track)%00%(upstream:remotename)%00%(upstream:remoteref) refs/heads/master refs/remotes/master [6ms]
2024-11-07 12:41:57.532 [info] > git for-each-ref --sort -committerdate --format %(refname) %(objectname) %(*objectname) [8ms]
2024-11-07 12:41:57.537 [info] > git for-each-ref --sort -committerdate --format %(refname) %(objectname) %(*objectname) [6ms]
2024-11-07 12:41:57.548 [info] > git reflog master --grep-reflog=branch: Created from *. [34ms]
2024-11-07 12:41:57.552 [info] > git symbolic-ref --short refs/remotes/origin/HEAD [2ms]
2024-11-07 12:41:57.552 [info] fatal: ref refs/remotes/origin/HEAD is not a symbolic ref
2024-11-07 12:41:57.552 [warning] [Repository][getDefaultBranch] Failed to get default branch details: Failed to execute git.
2024-11-07 12:41:57.565 [info] > git status -z -uall [37ms]
2024-11-07 12:41:57.885 [info] > git show --textconv :example-app/routes/web.php [10ms]
2024-11-07 12:41:57.886 [info] > git show --textconv :example-app/app/Http/Controllers/AanvraagController.php [8ms]
2024-11-07 12:41:57.886 [info] > git ls-files --stage -- /home/greg/example-app/app/Http/Controllers/AanvraagController.php [4ms]
2024-11-07 12:41:57.889 [info] > git ls-files --stage -- /home/greg/example-app/routes/web.php [9ms]
2024-11-07 12:41:57.894 [info] > git cat-file -s 6eb56ba9e68c54a21fd2ebc104b8359049555a93 [3ms]
2024-11-07 12:41:57.895 [info] > git cat-file -s f96d8ae6a77f32d076227242e5af429909706531 [7ms]
2024-11-07 12:41:58.277 [info] > git check-ignore -v -z --stdin [0ms]
2024-11-07 12:41:58.281 [info] > git check-ignore -v -z --stdin [7ms]
2024-11-07 13:03:29.470 [info] [Git][getRemotes] No remotes found in the git config file
2024-11-07 13:03:29.487 [info] > git config --get commit.template [21ms]
2024-11-07 13:03:29.489 [info] > git for-each-ref --format=%(refname)%00%(upstream:short)%00%(objectname)%00%(upstream:track)%00%(upstream:remotename)%00%(upstream:remoteref) refs/heads/master refs/remotes/master [19ms]
2024-11-07 13:03:29.497 [info] > git for-each-ref --sort -committerdate --format %(refname) %(objectname) %(*objectname) [4ms]
2024-11-07 13:03:29.962 [info] > git status -z -uall [471ms]
2024-11-07 13:03:34.969 [info] [Git][getRemotes] No remotes found in the git config file
2024-11-07 13:03:34.970 [info] > git config --get commit.template [3ms]
2024-11-07 13:03:34.970 [info] > git for-each-ref --format=%(refname)%00%(upstream:short)%00%(objectname)%00%(upstream:track)%00%(upstream:remotename)%00%(upstream:remoteref) refs/heads/master refs/remotes/master [1ms]
2024-11-07 13:03:34.975 [info] > git for-each-ref --sort -committerdate --format %(refname) %(objectname) %(*objectname) [1ms]
2024-11-07 13:03:34.996 [info] > git status -z -uall [24ms]
2024-11-07 13:06:52.835 [info] [Git][getRemotes] No remotes found in the git config file
2024-11-07 13:06:52.835 [info] > git config --get commit.template [3ms]
2024-11-07 13:06:52.835 [info] > git for-each-ref --format=%(refname)%00%(upstream:short)%00%(objectname)%00%(upstream:track)%00%(upstream:remotename)%00%(upstream:remoteref) refs/heads/master refs/remotes/master [1ms]
2024-11-07 13:06:52.844 [info] > git for-each-ref --sort -committerdate --format %(refname) %(objectname) %(*objectname) [1ms]
2024-11-07 13:06:52.865 [info] > git status -z -uall [26ms]
2024-11-07 13:06:56.383 [info] > git ls-files --stage -- /home/greg/example-app/resources/views/aanvragen/geaccepteerd.blade.php [11ms]
2024-11-07 13:06:56.407 [info] > git cat-file -s f5bc416526ef14dceaf03b5f7406d1a1c54e0c9e [22ms]
2024-11-07 13:06:56.411 [info] > git show --textconv :example-app/resources/views/aanvragen/geaccepteerd.blade.php [40ms]
2024-11-07 13:06:56.779 [info] > git check-ignore -v -z --stdin [5ms]
2024-11-07 13:06:57.870 [info] [Git][getRemotes] No remotes found in the git config file
2024-11-07 13:06:57.871 [info] > git config --get commit.template [3ms]
2024-11-07 13:06:57.871 [info] > git for-each-ref --format=%(refname)%00%(upstream:short)%00%(objectname)%00%(upstream:track)%00%(upstream:remotename)%00%(upstream:remoteref) refs/heads/master refs/remotes/master [1ms]
2024-11-07 13:06:57.878 [info] > git for-each-ref --sort -committerdate --format %(refname) %(objectname) %(*objectname) [1ms]
2024-11-07 13:06:57.897 [info] > git status -z -uall [24ms]
2024-11-07 13:07:37.469 [info] > git check-ignore -v -z --stdin [2ms]
2024-11-07 13:07:38.733 [info] > git check-ignore -v -z --stdin [3ms]
2024-11-07 13:07:39.894 [info] [Git][getRemotes] No remotes found in the git config file
2024-11-07 13:07:39.895 [info] > git config --get commit.template [4ms]
2024-11-07 13:07:39.896 [info] > git for-each-ref --format=%(refname)%00%(upstream:short)%00%(objectname)%00%(upstream:track)%00%(upstream:remotename)%00%(upstream:remoteref) refs/heads/master refs/remotes/master [2ms]
2024-11-07 13:07:39.903 [info] > git for-each-ref --sort -committerdate --format %(refname) %(objectname) %(*objectname) [2ms]
2024-11-07 13:07:39.931 [info] > git status -z -uall [32ms]
2024-11-07 13:07:40.290 [info] > git ls-files --stage -- /home/greg/example-app/database/migrations/2024_10_03_152617_create_reviews_table.php [2ms]
2024-11-07 13:07:40.293 [info] > git show --textconv :example-app/database/migrations/2024_10_03_152617_create_reviews_table.php [6ms]
2024-11-07 13:07:40.293 [info] > git cat-file -s d5244fdec20e744ba5d71212dbd8992e42f98a52 [1ms]
2024-11-07 13:07:44.938 [info] [Git][getRemotes] No remotes found in the git config file
2024-11-07 13:07:44.939 [info] > git config --get commit.template [2ms]
2024-11-07 13:07:44.939 [info] > git for-each-ref --format=%(refname)%00%(upstream:short)%00%(objectname)%00%(upstream:track)%00%(upstream:remotename)%00%(upstream:remoteref) refs/heads/master refs/remotes/master [1ms]
2024-11-07 13:07:44.944 [info] > git for-each-ref --sort -committerdate --format %(refname) %(objectname) %(*objectname) [1ms]
2024-11-07 13:07:44.965 [info] > git status -z -uall [24ms]
2024-11-07 13:12:11.784 [info] > git config --get commit.template [1ms]
2024-11-07 13:12:11.787 [info] [Git][getRemotes] No remotes found in the git config file
2024-11-07 13:12:11.788 [info] > git for-each-ref --format=%(refname)%00%(upstream:short)%00%(objectname)%00%(upstream:track)%00%(upstream:remotename)%00%(upstream:remoteref) refs/heads/master refs/remotes/master [1ms]
2024-11-07 13:12:11.795 [info] > git for-each-ref --sort -committerdate --format %(refname) %(objectname) %(*objectname) [1ms]
2024-11-07 13:12:11.822 [info] > git status -z -uall [32ms]
2024-11-07 13:12:16.829 [info] [Git][getRemotes] No remotes found in the git config file
2024-11-07 13:12:16.829 [info] > git config --get commit.template [2ms]
2024-11-07 13:12:16.830 [info] > git for-each-ref --format=%(refname)%00%(upstream:short)%00%(objectname)%00%(upstream:track)%00%(upstream:remotename)%00%(upstream:remoteref) refs/heads/master refs/remotes/master [1ms]
2024-11-07 13:12:16.835 [info] > git for-each-ref --sort -committerdate --format %(refname) %(objectname) %(*objectname) [1ms]
2024-11-07 13:12:16.857 [info] > git status -z -uall [24ms]
2024-11-07 13:12:21.863 [info] [Git][getRemotes] No remotes found in the git config file
2024-11-07 13:12:21.863 [info] > git config --get commit.template [2ms]
2024-11-07 13:12:21.863 [info] > git for-each-ref --format=%(refname)%00%(upstream:short)%00%(objectname)%00%(upstream:track)%00%(upstream:remotename)%00%(upstream:remoteref) refs/heads/master refs/remotes/master [0ms]
2024-11-07 13:12:21.869 [info] > git for-each-ref --sort -committerdate --format %(refname) %(objectname) %(*objectname) [2ms]
2024-11-07 13:12:21.889 [info] > git status -z -uall [24ms]
2024-11-07 13:12:26.895 [info] [Git][getRemotes] No remotes found in the git config file
2024-11-07 13:12:26.897 [info] > git config --get commit.template [3ms]
2024-11-07 13:12:26.897 [info] > git for-each-ref --format=%(refname)%00%(upstream:short)%00%(objectname)%00%(upstream:track)%00%(upstream:remotename)%00%(upstream:remoteref) refs/heads/master refs/remotes/master [1ms]
2024-11-07 13:12:26.903 [info] > git for-each-ref --sort -committerdate --format %(refname) %(objectname) %(*objectname) [1ms]
2024-11-07 13:12:26.925 [info] > git status -z -uall [26ms]
2024-11-07 13:12:29.959 [info] > git check-ignore -v -z --stdin [3ms]
2024-11-07 13:12:32.997 [info] [Git][getRemotes] No remotes found in the git config file
2024-11-07 13:12:32.997 [info] > git config --get commit.template [4ms]
2024-11-07 13:12:32.998 [info] > git for-each-ref --format=%(refname)%00%(upstream:short)%00%(objectname)%00%(upstream:track)%00%(upstream:remotename)%00%(upstream:remoteref) refs/heads/master refs/remotes/master [2ms]
2024-11-07 13:12:33.005 [info] > git for-each-ref --sort -committerdate --format %(refname) %(objectname) %(*objectname) [2ms]
2024-11-07 13:12:33.032 [info] > git status -z -uall [32ms]
2024-11-07 13:12:37.848 [info] > git show --textconv :example-app/app/Models/Review.php [3ms]
2024-11-07 13:12:37.848 [info] > git ls-files --stage -- /home/greg/example-app/app/Models/Review.php [1ms]
2024-11-07 13:12:37.851 [info] > git cat-file -s 9326f17be031af61bcff6b25b1847cf84d668841 [1ms]
2024-11-07 13:12:38.038 [info] > git config --get commit.template [1ms]
2024-11-07 13:12:38.039 [info] [Git][getRemotes] No remotes found in the git config file
2024-11-07 13:12:38.040 [info] > git for-each-ref --format=%(refname)%00%(upstream:short)%00%(objectname)%00%(upstream:track)%00%(upstream:remotename)%00%(upstream:remoteref) refs/heads/master refs/remotes/master [1ms]
2024-11-07 13:12:38.046 [info] > git for-each-ref --sort -committerdate --format %(refname) %(objectname) %(*objectname) [1ms]
2024-11-07 13:12:38.066 [info] > git status -z -uall [24ms]
2024-11-07 13:12:43.071 [info] > git config --get commit.template [1ms]
2024-11-07 13:12:43.073 [info] [Git][getRemotes] No remotes found in the git config file
2024-11-07 13:12:43.074 [info] > git for-each-ref --format=%(refname)%00%(upstream:short)%00%(objectname)%00%(upstream:track)%00%(upstream:remotename)%00%(upstream:remoteref) refs/heads/master refs/remotes/master [1ms]
2024-11-07 13:12:43.078 [info] > git for-each-ref --sort -committerdate --format %(refname) %(objectname) %(*objectname) [1ms]
2024-11-07 13:12:43.098 [info] > git status -z -uall [23ms]
2024-11-07 13:12:52.088 [info] [Git][getRemotes] No remotes found in the git config file
2024-11-07 13:12:52.088 [info] > git config --get commit.template [4ms]
2024-11-07 13:12:52.089 [info] > git for-each-ref --format=%(refname)%00%(upstream:short)%00%(objectname)%00%(upstream:track)%00%(upstream:remotename)%00%(upstream:remoteref) refs/heads/master refs/remotes/master [1ms]
2024-11-07 13:12:52.096 [info] > git for-each-ref --sort -committerdate --format %(refname) %(objectname) %(*objectname) [1ms]
2024-11-07 13:12:52.120 [info] > git status -z -uall [29ms]
2024-11-07 13:12:57.126 [info] [Git][getRemotes] No remotes found in the git config file
2024-11-07 13:12:57.126 [info] > git config --get commit.template [2ms]
2024-11-07 13:12:57.127 [info] > git for-each-ref --format=%(refname)%00%(upstream:short)%00%(objectname)%00%(upstream:track)%00%(upstream:remotename)%00%(upstream:remoteref) refs/heads/master refs/remotes/master [1ms]
2024-11-07 13:12:57.132 [info] > git for-each-ref --sort -committerdate --format %(refname) %(objectname) %(*objectname) [1ms]
2024-11-07 13:12:57.155 [info] > git status -z -uall [26ms]
2024-11-07 13:12:57.949 [info] > git show --textconv :example-app/app/Models/Pet.php [3ms]
2024-11-07 13:12:57.951 [info] > git ls-files --stage -- /home/greg/example-app/app/Models/Pet.php [2ms]
2024-11-07 13:12:57.954 [info] > git cat-file -s c6938c047be1899971130cd66cc3f7cae433ad9f [1ms]
2024-11-07 13:13:07.652 [info] [Git][getRemotes] No remotes found in the git config file
2024-11-07 13:13:07.652 [info] > git config --get commit.template [3ms]
2024-11-07 13:13:07.653 [info] > git for-each-ref --format=%(refname)%00%(upstream:short)%00%(objectname)%00%(upstream:track)%00%(upstream:remotename)%00%(upstream:remoteref) refs/heads/master refs/remotes/master [1ms]
2024-11-07 13:13:07.660 [info] > git for-each-ref --sort -committerdate --format %(refname) %(objectname) %(*objectname) [2ms]
2024-11-07 13:13:07.686 [info] > git status -z -uall [31ms]
2024-11-07 13:13:12.692 [info] [Git][getRemotes] No remotes found in the git config file
2024-11-07 13:13:12.694 [info] > git config --get commit.template [2ms]
2024-11-07 13:13:12.695 [info] > git for-each-ref --format=%(refname)%00%(upstream:short)%00%(objectname)%00%(upstream:track)%00%(upstream:remotename)%00%(upstream:remoteref) refs/heads/master refs/remotes/master [1ms]
2024-11-07 13:13:12.700 [info] > git for-each-ref --sort -committerdate --format %(refname) %(objectname) %(*objectname) [1ms]
2024-11-07 13:13:12.719 [info] > git status -z -uall [23ms]
2024-11-07 13:13:39.411 [info] [Git][getRemotes] No remotes found in the git config file
2024-11-07 13:13:39.412 [info] > git config --get commit.template [4ms]
2024-11-07 13:13:39.413 [info] > git for-each-ref --format=%(refname)%00%(upstream:short)%00%(objectname)%00%(upstream:track)%00%(upstream:remotename)%00%(upstream:remoteref) refs/heads/master refs/remotes/master [1ms]
2024-11-07 13:13:39.420 [info] > git for-each-ref --sort -committerdate --format %(refname) %(objectname) %(*objectname) [2ms]
2024-11-07 13:13:39.443 [info] > git status -z -uall [28ms]
2024-11-07 13:13:39.798 [info] > git show --textconv :example-app/database/migrations/2024_10_03_152617_create_reviews_table.php [2ms]
2024-11-07 13:13:39.799 [info] > git ls-files --stage -- /home/greg/example-app/database/migrations/2024_10_03_152617_create_reviews_table.php [1ms]
2024-11-07 13:13:39.802 [info] > git cat-file -s d5244fdec20e744ba5d71212dbd8992e42f98a52 [2ms]
2024-11-07 13:22:52.919 [info] [Git][getRemotes] No remotes found in the git config file
2024-11-07 13:22:52.919 [info] > git config --get commit.template [3ms]
2024-11-07 13:22:52.920 [info] > git for-each-ref --format=%(refname)%00%(upstream:short)%00%(objectname)%00%(upstream:track)%00%(upstream:remotename)%00%(upstream:remoteref) refs/heads/master refs/remotes/master [2ms]
2024-11-07 13:22:52.926 [info] > git for-each-ref --sort -committerdate --format %(refname) %(objectname) %(*objectname) [2ms]
2024-11-07 13:22:52.965 [info] > git status -z -uall [43ms]
2024-11-07 13:22:58.177 [info] [Git][getRemotes] No remotes found in the git config file
2024-11-07 13:22:58.177 [info] > git config --get commit.template [3ms]
2024-11-07 13:22:58.178 [info] > git for-each-ref --format=%(refname)%00%(upstream:short)%00%(objectname)%00%(upstream:track)%00%(upstream:remotename)%00%(upstream:remoteref) refs/heads/master refs/remotes/master [1ms]
2024-11-07 13:22:58.183 [info] > git for-each-ref --sort -committerdate --format %(refname) %(objectname) %(*objectname) [1ms]
2024-11-07 13:22:58.212 [info] > git status -z -uall [33ms]
2024-11-07 13:23:03.220 [info] [Git][getRemotes] No remotes found in the git config file
2024-11-07 13:23:03.221 [info] > git config --get commit.template [3ms]
2024-11-07 13:23:03.221 [info] > git for-each-ref --format=%(refname)%00%(upstream:short)%00%(objectname)%00%(upstream:track)%00%(upstream:remotename)%00%(upstream:remoteref) refs/heads/master refs/remotes/master [1ms]
2024-11-07 13:23:03.226 [info] > git for-each-ref --sort -committerdate --format %(refname) %(objectname) %(*objectname) [2ms]
2024-11-07 13:23:03.247 [info] > git status -z -uall [24ms]
2024-11-07 13:23:08.254 [info] [Git][getRemotes] No remotes found in the git config file
2024-11-07 13:23:08.255 [info] > git config --get commit.template [2ms]
2024-11-07 13:23:08.255 [info] > git for-each-ref --format=%(refname)%00%(upstream:short)%00%(objectname)%00%(upstream:track)%00%(upstream:remotename)%00%(upstream:remoteref) refs/heads/master refs/remotes/master [1ms]
2024-11-07 13:23:08.259 [info] > git for-each-ref --sort -committerdate --format %(refname) %(objectname) %(*objectname) [1ms]
2024-11-07 13:23:08.280 [info] > git status -z -uall [24ms]
2024-11-07 13:23:13.286 [info] [Git][getRemotes] No remotes found in the git config file
2024-11-07 13:23:13.287 [info] > git config --get commit.template [3ms]
2024-11-07 13:23:13.287 [info] > git for-each-ref --format=%(refname)%00%(upstream:short)%00%(objectname)%00%(upstream:track)%00%(upstream:remotename)%00%(upstream:remoteref) refs/heads/master refs/remotes/master [1ms]
2024-11-07 13:23:13.292 [info] > git for-each-ref --sort -committerdate --format %(refname) %(objectname) %(*objectname) [2ms]
2024-11-07 13:23:13.312 [info] > git status -z -uall [23ms]
2024-11-07 13:23:18.317 [info] [Git][getRemotes] No remotes found in the git config file
2024-11-07 13:23:18.317 [info] > git config --get commit.template [2ms]
2024-11-07 13:23:18.317 [info] > git for-each-ref --format=%(refname)%00%(upstream:short)%00%(objectname)%00%(upstream:track)%00%(upstream:remotename)%00%(upstream:remoteref) refs/heads/master refs/remotes/master [0ms]
2024-11-07 13:23:18.322 [info] > git for-each-ref --sort -committerdate --format %(refname) %(objectname) %(*objectname) [1ms]
2024-11-07 13:23:18.344 [info] > git status -z -uall [25ms]
2024-11-07 13:23:23.350 [info] [Git][getRemotes] No remotes found in the git config file
2024-11-07 13:23:23.351 [info] > git config --get commit.template [3ms]
2024-11-07 13:23:23.352 [info] > git for-each-ref --format=%(refname)%00%(upstream:short)%00%(objectname)%00%(upstream:track)%00%(upstream:remotename)%00%(upstream:remoteref) refs/heads/master refs/remotes/master [2ms]
2024-11-07 13:23:23.358 [info] > git for-each-ref --sort -committerdate --format %(refname) %(objectname) %(*objectname) [1ms]
2024-11-07 13:23:23.378 [info] > git status -z -uall [24ms]
2024-11-07 13:23:28.386 [info] [Git][getRemotes] No remotes found in the git config file
2024-11-07 13:23:28.386 [info] > git config --get commit.template [3ms]
2024-11-07 13:23:28.387 [info] > git for-each-ref --format=%(refname)%00%(upstream:short)%00%(objectname)%00%(upstream:track)%00%(upstream:remotename)%00%(upstream:remoteref) refs/heads/master refs/remotes/master [0ms]
2024-11-07 13:23:28.392 [info] > git for-each-ref --sort -committerdate --format %(refname) %(objectname) %(*objectname) [2ms]
2024-11-07 13:23:28.413 [info] > git status -z -uall [25ms]
2024-11-07 13:23:33.421 [info] > git config --get commit.template [2ms]
2024-11-07 13:23:33.423 [info] [Git][getRemotes] No remotes found in the git config file
2024-11-07 13:23:33.424 [info] > git for-each-ref --format=%(refname)%00%(upstream:short)%00%(objectname)%00%(upstream:track)%00%(upstream:remotename)%00%(upstream:remoteref) refs/heads/master refs/remotes/master [1ms]
2024-11-07 13:23:33.430 [info] > git for-each-ref --sort -committerdate --format %(refname) %(objectname) %(*objectname) [1ms]
2024-11-07 13:23:33.452 [info] > git status -z -uall [25ms]
2024-11-07 13:23:38.459 [info] [Git][getRemotes] No remotes found in the git config file
2024-11-07 13:23:38.459 [info] > git config --get commit.template [3ms]
2024-11-07 13:23:38.460 [info] > git for-each-ref --format=%(refname)%00%(upstream:short)%00%(objectname)%00%(upstream:track)%00%(upstream:remotename)%00%(upstream:remoteref) refs/heads/master refs/remotes/master [2ms]
2024-11-07 13:23:38.465 [info] > git for-each-ref --sort -committerdate --format %(refname) %(objectname) %(*objectname) [1ms]
2024-11-07 13:23:38.491 [info] > git status -z -uall [29ms]
2024-11-07 13:23:43.498 [info] [Git][getRemotes] No remotes found in the git config file
2024-11-07 13:23:43.498 [info] > git config --get commit.template [3ms]
2024-11-07 13:23:43.500 [info] > git for-each-ref --format=%(refname)%00%(upstream:short)%00%(objectname)%00%(upstream:track)%00%(upstream:remotename)%00%(upstream:remoteref) refs/heads/master refs/remotes/master [2ms]
2024-11-07 13:23:43.508 [info] > git for-each-ref --sort -committerdate --format %(refname) %(objectname) %(*objectname) [1ms]
2024-11-07 13:23:43.553 [info] > git status -z -uall [48ms]
2024-11-07 13:23:48.560 [info] [Git][getRemotes] No remotes found in the git config file
2024-11-07 13:23:48.560 [info] > git config --get commit.template [3ms]
2024-11-07 13:23:48.561 [info] > git for-each-ref --format=%(refname)%00%(upstream:short)%00%(objectname)%00%(upstream:track)%00%(upstream:remotename)%00%(upstream:remoteref) refs/heads/master refs/remotes/master [2ms]
2024-11-07 13:23:48.566 [info] > git for-each-ref --sort -committerdate --format %(refname) %(objectname) %(*objectname) [1ms]
2024-11-07 13:23:48.593 [info] > git status -z -uall [30ms]
2024-11-07 13:23:53.602 [info] [Git][getRemotes] No remotes found in the git config file
2024-11-07 13:23:53.602 [info] > git config --get commit.template [3ms]
2024-11-07 13:23:53.602 [info] > git for-each-ref --format=%(refname)%00%(upstream:short)%00%(objectname)%00%(upstream:track)%00%(upstream:remotename)%00%(upstream:remoteref) refs/heads/master refs/remotes/master [0ms]
2024-11-07 13:23:53.607 [info] > git for-each-ref --sort -committerdate --format %(refname) %(objectname) %(*objectname) [1ms]
2024-11-07 13:23:53.633 [info] > git status -z -uall [29ms]
2024-11-07 13:23:58.639 [info] [Git][getRemotes] No remotes found in the git config file
2024-11-07 13:23:58.639 [info] > git config --get commit.template [2ms]
2024-11-07 13:23:58.640 [info] > git for-each-ref --format=%(refname)%00%(upstream:short)%00%(objectname)%00%(upstream:track)%00%(upstream:remotename)%00%(upstream:remoteref) refs/heads/master refs/remotes/master [1ms]
2024-11-07 13:23:58.648 [info] > git for-each-ref --sort -committerdate --format %(refname) %(objectname) %(*objectname) [3ms]
2024-11-07 13:23:58.670 [info] > git status -z -uall [27ms]
2024-11-07 13:24:26.318 [info] > git config --get commit.template [2ms]
2024-11-07 13:24:26.321 [info] [Git][getRemotes] No remotes found in the git config file
2024-11-07 13:24:26.322 [info] > git for-each-ref --format=%(refname)%00%(upstream:short)%00%(objectname)%00%(upstream:track)%00%(upstream:remotename)%00%(upstream:remoteref) refs/heads/master refs/remotes/master [1ms]
2024-11-07 13:24:26.329 [info] > git for-each-ref --sort -committerdate --format %(refname) %(objectname) %(*objectname) [1ms]
2024-11-07 13:24:26.369 [info] > git status -z -uall [44ms]
2024-11-07 13:24:27.691 [info] > git check-ignore -v -z --stdin [3ms]
2024-11-07 13:24:31.375 [info] > git config --get commit.template [1ms]
2024-11-07 13:24:31.377 [info] [Git][getRemotes] No remotes found in the git config file
2024-11-07 13:24:31.378 [info] > git for-each-ref --format=%(refname)%00%(upstream:short)%00%(objectname)%00%(upstream:track)%00%(upstream:remotename)%00%(upstream:remoteref) refs/heads/master refs/remotes/master [1ms]
2024-11-07 13:24:31.384 [info] > git for-each-ref --sort -committerdate --format %(refname) %(objectname) %(*objectname) [2ms]
2024-11-07 13:24:31.407 [info] > git status -z -uall [26ms]
2024-11-07 13:24:31.554 [info] > git log --format=%H%n%aN%n%aE%n%at%n%ct%n%P%n%D%n%B -z --shortstat --diff-merges=first-parent -n50 --skip=0 --topo-order --decorate=full --stdin [4427ms]
2024-11-07 13:24:36.412 [info] [Git][getRemotes] No remotes found in the git config file
2024-11-07 13:24:36.414 [info] > git config --get commit.template [2ms]
2024-11-07 13:24:36.416 [info] > git for-each-ref --format=%(refname)%00%(upstream:short)%00%(objectname)%00%(upstream:track)%00%(upstream:remotename)%00%(upstream:remoteref) refs/heads/master refs/remotes/master [2ms]
2024-11-07 13:24:36.435 [info] > git for-each-ref --sort -committerdate --format %(refname) %(objectname) %(*objectname) [6ms]
2024-11-07 13:24:36.450 [info] > git status -z -uall [30ms]
2024-11-07 13:24:41.461 [info] [Git][getRemotes] No remotes found in the git config file
2024-11-07 13:24:41.461 [info] > git config --get commit.template [2ms]
2024-11-07 13:24:41.462 [info] > git for-each-ref --format=%(refname)%00%(upstream:short)%00%(objectname)%00%(upstream:track)%00%(upstream:remotename)%00%(upstream:remoteref) refs/heads/master refs/remotes/master [1ms]
2024-11-07 13:24:41.467 [info] > git for-each-ref --sort -committerdate --format %(refname) %(objectname) %(*objectname) [1ms]
2024-11-07 13:24:41.489 [info] > git status -z -uall [25ms]
2024-11-07 13:24:48.188 [info] > git config --get commit.template [1ms]
2024-11-07 13:24:48.188 [info] [Git][getRemotes] No remotes found in the git config file
2024-11-07 13:24:48.192 [info] > git for-each-ref --format=%(refname)%00%(upstream:short)%00%(objectname)%00%(upstream:track)%00%(upstream:remotename)%00%(upstream:remoteref) refs/heads/master refs/remotes/master [1ms]
2024-11-07 13:24:48.212 [info] > git for-each-ref --sort -committerdate --format %(refname) %(objectname) %(*objectname) [7ms]
2024-11-07 13:24:48.237 [info] > git status -z -uall [42ms]
