2024-11-02 00:55:57.632 [info] [main] Log level: Info
2024-11-02 00:55:57.632 [info] [main] Validating found git in: "git"
2024-11-02 00:55:57.632 [info] [main] Using git "2.34.1" from "git"
2024-11-02 00:55:57.632 [info] [Model][doInitialScan] Initial repository scan started
2024-11-02 00:55:57.632 [info] > git rev-parse --show-toplevel [6ms]
2024-11-02 00:55:57.632 [info] fatal: not a git repository (or any of the parent directories): .git
2024-11-02 00:55:57.634 [info] > git rev-parse --show-toplevel [1ms]
2024-11-02 00:55:57.634 [info] fatal: not a git repository (or any of the parent directories): .git
2024-11-02 00:55:57.638 [info] > git rev-parse --show-toplevel [2ms]
2024-11-02 00:55:57.638 [info] fatal: not a git repository (or any of the parent directories): .git
2024-11-02 00:55:57.645 [info] > git rev-parse --show-toplevel [1ms]
2024-11-02 00:55:57.645 [info] fatal: not a git repository (or any of the parent directories): .git
2024-11-02 00:55:57.648 [info] > git rev-parse --show-toplevel [1ms]
2024-11-02 00:55:57.648 [info] fatal: not a git repository (or any of the parent directories): .git
2024-11-02 00:55:57.651 [info] > git rev-parse --show-toplevel [1ms]
2024-11-02 00:55:57.651 [info] fatal: not a git repository (or any of the parent directories): .git
2024-11-02 00:55:57.713 [info] > git rev-parse --show-toplevel [60ms]
2024-11-02 00:55:57.713 [info] fatal: not a git repository (or any of the parent directories): .git
2024-11-02 00:55:57.727 [info] > git rev-parse --show-toplevel [7ms]
2024-11-02 00:55:57.731 [info] > git rev-parse --git-dir --git-common-dir [1ms]
2024-11-02 00:55:57.746 [info] [Model][openRepository] Opened repository: /home/greg/.nvm
2024-11-02 00:55:57.754 [info] > git config --get commit.template [3ms]
2024-11-02 00:55:57.755 [info] > git rev-parse --show-toplevel [2ms]
2024-11-02 00:55:57.755 [info] fatal: not a git repository (or any of the parent directories): .git
2024-11-02 00:55:57.764 [info] > git rev-parse --show-toplevel [3ms]
2024-11-02 00:55:57.764 [info] fatal: not a git repository (or any of the parent directories): .git
2024-11-02 00:55:57.767 [info] > git for-each-ref --format %(refname) %(objectname) %(*objectname) refs/tags [9ms]
2024-11-02 00:55:57.775 [info] > git rev-parse --show-toplevel [9ms]
2024-11-02 00:55:57.775 [info] fatal: not a git repository (or any of the parent directories): .git
2024-11-02 00:55:57.778 [info] [Model][doInitialScan] Initial repository scan completed - repositories (1), closed repositories (0), parent repositories (0), unsafe repositories (0)
2024-11-02 00:55:57.780 [info] > git for-each-ref --sort -committerdate --format %(refname) %(objectname) %(*objectname) [6ms]
2024-11-02 00:55:57.809 [info] > git status -z -uall [39ms]
2024-11-02 00:55:57.841 [info] > git config --get commit.template [2ms]
2024-11-02 00:55:57.844 [info] > git for-each-ref --format %(refname) %(objectname) %(*objectname) refs/tags [1ms]
2024-11-02 00:55:57.850 [info] > git for-each-ref --sort -committerdate --format %(refname) %(objectname) %(*objectname) [1ms]
2024-11-02 00:55:57.857 [info] > git status -z -uall [10ms]
2024-11-02 00:55:58.343 [info] > git check-ignore -v -z --stdin [0ms]
2024-11-02 00:58:22.483 [info] > git rev-parse --show-toplevel [1ms]
2024-11-02 00:58:22.483 [info] fatal: not a git repository (or any of the parent directories): .git
2024-11-02 00:58:22.571 [info] > git rev-parse --show-toplevel [2ms]
2024-11-02 00:58:22.571 [info] fatal: not a git repository (or any of the parent directories): .git
2024-11-02 00:58:22.575 [info] > git rev-parse --show-toplevel [1ms]
2024-11-02 00:58:22.575 [info] fatal: not a git repository (or any of the parent directories): .git
2024-11-02 00:59:52.408 [info] > git rev-parse --show-toplevel [1ms]
2024-11-02 00:59:52.408 [info] fatal: not a git repository (or any of the parent directories): .git
2024-11-02 00:59:52.439 [info] > git rev-parse --show-toplevel [3ms]
2024-11-02 00:59:52.439 [info] fatal: not a git repository (or any of the parent directories): .git
2024-11-02 00:59:52.442 [info] > git rev-parse --show-toplevel [1ms]
2024-11-02 00:59:52.442 [info] fatal: not a git repository (or any of the parent directories): .git
2024-11-02 01:00:42.600 [info] > git rev-parse --show-toplevel [1ms]
2024-11-02 01:00:42.600 [info] fatal: not a git repository (or any of the parent directories): .git
2024-11-02 01:00:42.604 [info] > git rev-parse --show-toplevel [1ms]
2024-11-02 01:00:42.604 [info] fatal: not a git repository (or any of the parent directories): .git
2024-11-02 01:00:42.608 [info] > git rev-parse --show-toplevel [1ms]
2024-11-02 01:00:42.608 [info] fatal: not a git repository (or any of the parent directories): .git
2024-11-02 01:03:26.036 [info] > git rev-parse --show-toplevel [1ms]
2024-11-02 01:03:26.036 [info] fatal: not a git repository (or any of the parent directories): .git
2024-11-02 01:03:26.040 [info] > git rev-parse --show-toplevel [1ms]
2024-11-02 01:03:26.040 [info] fatal: not a git repository (or any of the parent directories): .git
2024-11-02 01:03:26.042 [info] > git rev-parse --show-toplevel [1ms]
2024-11-02 01:03:26.042 [info] fatal: not a git repository (or any of the parent directories): .git
2024-11-02 01:04:21.795 [info] > git rev-parse --show-toplevel [1ms]
2024-11-02 01:04:21.795 [info] fatal: not a git repository (or any of the parent directories): .git
2024-11-02 01:04:21.819 [info] > git rev-parse --show-toplevel [1ms]
2024-11-02 01:04:21.819 [info] fatal: not a git repository (or any of the parent directories): .git
2024-11-02 01:04:21.822 [info] > git rev-parse --show-toplevel [1ms]
2024-11-02 01:04:21.822 [info] fatal: not a git repository (or any of the parent directories): .git
2024-11-02 01:04:22.619 [info] > git rev-parse --show-toplevel [0ms]
2024-11-02 01:04:22.619 [info] fatal: not a git repository (or any of the parent directories): .git
2024-11-02 01:04:22.672 [info] > git rev-parse --show-toplevel [1ms]
2024-11-02 01:04:22.672 [info] fatal: not a git repository (or any of the parent directories): .git
2024-11-02 01:04:22.675 [info] > git rev-parse --show-toplevel [1ms]
2024-11-02 01:04:22.675 [info] fatal: not a git repository (or any of the parent directories): .git
2024-11-02 01:04:51.187 [info] > git rev-parse --show-toplevel [1ms]
2024-11-02 01:04:51.187 [info] fatal: not a git repository (or any of the parent directories): .git
2024-11-02 01:04:51.190 [info] > git rev-parse --show-toplevel [1ms]
2024-11-02 01:04:51.190 [info] fatal: not a git repository (or any of the parent directories): .git
2024-11-02 01:04:51.194 [info] > git rev-parse --show-toplevel [1ms]
2024-11-02 01:04:51.194 [info] fatal: not a git repository (or any of the parent directories): .git
2024-11-02 01:08:34.636 [info] > git rev-parse --show-toplevel [18ms]
2024-11-02 01:08:34.636 [info] fatal: not a git repository (or any of the parent directories): .git
2024-11-02 01:08:34.639 [info] > git rev-parse --show-toplevel [1ms]
2024-11-02 01:08:34.639 [info] fatal: not a git repository (or any of the parent directories): .git
2024-11-02 01:08:34.642 [info] > git rev-parse --show-toplevel [1ms]
2024-11-02 01:08:34.642 [info] fatal: not a git repository (or any of the parent directories): .git
2024-11-02 01:10:22.669 [info] > git rev-parse --show-toplevel [1ms]
2024-11-02 01:10:22.669 [info] fatal: not a git repository (or any of the parent directories): .git
2024-11-02 01:10:22.672 [info] > git rev-parse --show-toplevel [1ms]
2024-11-02 01:10:22.672 [info] fatal: not a git repository (or any of the parent directories): .git
2024-11-02 01:10:22.676 [info] > git rev-parse --show-toplevel [0ms]
2024-11-02 01:10:22.676 [info] fatal: not a git repository (or any of the parent directories): .git
2024-11-02 01:10:23.954 [info] > git rev-parse --show-toplevel [1ms]
2024-11-02 01:10:23.954 [info] fatal: not a git repository (or any of the parent directories): .git
2024-11-02 01:10:23.957 [info] > git rev-parse --show-toplevel [1ms]
2024-11-02 01:10:23.957 [info] fatal: not a git repository (or any of the parent directories): .git
2024-11-02 01:10:23.961 [info] > git rev-parse --show-toplevel [1ms]
2024-11-02 01:10:23.961 [info] fatal: not a git repository (or any of the parent directories): .git
2024-11-02 01:12:22.870 [info] > git rev-parse --show-toplevel [0ms]
2024-11-02 01:12:22.871 [info] fatal: not a git repository (or any of the parent directories): .git
2024-11-02 01:12:22.914 [info] > git rev-parse --show-toplevel [2ms]
2024-11-02 01:12:22.914 [info] fatal: not a git repository (or any of the parent directories): .git
2024-11-02 01:12:22.917 [info] > git rev-parse --show-toplevel [1ms]
2024-11-02 01:12:22.918 [info] fatal: not a git repository (or any of the parent directories): .git
2024-11-02 01:24:14.375 [info] > git rev-parse --show-toplevel [1ms]
2024-11-02 01:24:14.375 [info] fatal: not a git repository (or any of the parent directories): .git
2024-11-02 01:24:14.440 [info] > git rev-parse --show-toplevel [2ms]
2024-11-02 01:24:14.440 [info] fatal: not a git repository (or any of the parent directories): .git
2024-11-02 01:24:14.443 [info] > git rev-parse --show-toplevel [1ms]
2024-11-02 01:24:14.443 [info] fatal: not a git repository (or any of the parent directories): .git
2024-11-02 01:24:17.486 [info] > git rev-parse --show-toplevel [0ms]
2024-11-02 01:24:17.486 [info] fatal: not a git repository (or any of the parent directories): .git
2024-11-02 01:24:17.539 [info] > git rev-parse --show-toplevel [2ms]
2024-11-02 01:24:17.539 [info] fatal: not a git repository (or any of the parent directories): .git
2024-11-02 01:24:17.542 [info] > git rev-parse --show-toplevel [1ms]
2024-11-02 01:24:17.542 [info] fatal: not a git repository (or any of the parent directories): .git
2024-11-02 01:24:19.717 [info] > git rev-parse --show-toplevel [1ms]
2024-11-02 01:24:19.717 [info] fatal: not a git repository (or any of the parent directories): .git
2024-11-02 01:24:19.771 [info] > git rev-parse --show-toplevel [3ms]
2024-11-02 01:24:19.771 [info] fatal: not a git repository (or any of the parent directories): .git
2024-11-02 01:24:19.775 [info] > git rev-parse --show-toplevel [1ms]
2024-11-02 01:24:19.775 [info] fatal: not a git repository (or any of the parent directories): .git
2024-11-02 01:24:39.405 [info] > git rev-parse --show-toplevel [1ms]
2024-11-02 01:24:39.405 [info] fatal: not a git repository (or any of the parent directories): .git
2024-11-02 01:24:39.425 [info] > git rev-parse --show-toplevel [1ms]
2024-11-02 01:24:39.425 [info] fatal: not a git repository (or any of the parent directories): .git
2024-11-02 01:24:39.428 [info] > git rev-parse --show-toplevel [1ms]
2024-11-02 01:24:39.428 [info] fatal: not a git repository (or any of the parent directories): .git
2024-11-02 01:33:38.939 [info] > git rev-parse --show-toplevel [1ms]
2024-11-02 01:33:38.939 [info] fatal: not a git repository (or any of the parent directories): .git
2024-11-02 01:33:38.962 [info] > git rev-parse --show-toplevel [1ms]
2024-11-02 01:33:38.962 [info] fatal: not a git repository (or any of the parent directories): .git
2024-11-02 01:33:38.964 [info] > git rev-parse --show-toplevel [1ms]
2024-11-02 01:33:38.964 [info] fatal: not a git repository (or any of the parent directories): .git
2024-11-02 01:33:49.350 [info] > git rev-parse --show-toplevel [1ms]
2024-11-02 01:33:49.350 [info] fatal: not a git repository (or any of the parent directories): .git
2024-11-02 01:33:49.380 [info] > git rev-parse --show-toplevel [2ms]
2024-11-02 01:33:49.380 [info] fatal: not a git repository (or any of the parent directories): .git
2024-11-02 01:33:49.382 [info] > git rev-parse --show-toplevel [1ms]
2024-11-02 01:33:49.382 [info] fatal: not a git repository (or any of the parent directories): .git
2024-11-02 01:33:50.657 [info] > git rev-parse --show-toplevel [1ms]
2024-11-02 01:33:50.657 [info] fatal: not a git repository (or any of the parent directories): .git
2024-11-02 01:33:50.719 [info] > git rev-parse --show-toplevel [0ms]
2024-11-02 01:33:50.719 [info] fatal: not a git repository (or any of the parent directories): .git
2024-11-02 01:33:50.722 [info] > git rev-parse --show-toplevel [1ms]
2024-11-02 01:33:50.722 [info] fatal: not a git repository (or any of the parent directories): .git
2024-11-02 01:33:51.038 [info] > git rev-parse --show-toplevel [1ms]
2024-11-02 01:33:51.038 [info] fatal: not a git repository (or any of the parent directories): .git
2024-11-02 01:33:51.088 [info] > git rev-parse --show-toplevel [1ms]
2024-11-02 01:33:51.088 [info] fatal: not a git repository (or any of the parent directories): .git
2024-11-02 01:33:51.090 [info] > git rev-parse --show-toplevel [0ms]
2024-11-02 01:33:51.090 [info] fatal: not a git repository (or any of the parent directories): .git
