2024-10-03 16:35:29.806 [info] [main] Log level: Info
2024-10-03 16:35:29.806 [info] [main] Validating found git in: "git"
2024-10-03 16:35:29.806 [info] [main] Using git "2.34.1" from "git"
2024-10-03 16:35:29.806 [info] [Model][doInitialScan] Initial repository scan started
2024-10-03 16:35:29.806 [info] > git rev-parse --show-toplevel [3ms]
2024-10-03 16:35:29.806 [info] fatal: not a git repository (or any of the parent directories): .git
2024-10-03 16:35:29.807 [info] > git rev-parse --show-toplevel [2ms]
2024-10-03 16:35:29.807 [info] fatal: not a git repository (or any of the parent directories): .git
2024-10-03 16:35:29.810 [info] > git rev-parse --show-toplevel [1ms]
2024-10-03 16:35:29.810 [info] fatal: not a git repository (or any of the parent directories): .git
2024-10-03 16:35:29.812 [info] > git rev-parse --show-toplevel [1ms]
2024-10-03 16:35:29.812 [info] fatal: not a git repository (or any of the parent directories): .git
2024-10-03 16:35:29.815 [info] > git rev-parse --show-toplevel [1ms]
2024-10-03 16:35:29.815 [info] fatal: not a git repository (or any of the parent directories): .git
2024-10-03 16:35:29.817 [info] > git rev-parse --show-toplevel [1ms]
2024-10-03 16:35:29.818 [info] fatal: not a git repository (or any of the parent directories): .git
2024-10-03 16:35:29.822 [info] > git rev-parse --show-toplevel [3ms]
2024-10-03 16:35:29.825 [info] > git rev-parse --git-dir --git-common-dir [1ms]
2024-10-03 16:35:29.835 [info] [Model][openRepository] Opened repository: /home/greg/.nvm
2024-10-03 16:35:29.881 [info] > git rev-parse --show-toplevel [39ms]
2024-10-03 16:35:29.881 [info] fatal: not a git repository (or any of the parent directories): .git
2024-10-03 16:35:29.881 [info] > git config --get commit.template [41ms]
2024-10-03 16:35:29.890 [info] > git rev-parse --show-toplevel [5ms]
2024-10-03 16:35:29.890 [info] fatal: not a git repository (or any of the parent directories): .git
2024-10-03 16:35:29.895 [info] [Model][doInitialScan] Initial repository scan completed - repositories (1), closed repositories (0), parent repositories (0), unsafe repositories (0)
2024-10-03 16:35:29.900 [info] > git for-each-ref --format %(refname) %(objectname) %(*objectname) refs/tags [12ms]
2024-10-03 16:35:29.952 [info] > git status -z -uall [48ms]
2024-10-03 16:35:29.962 [info] > git config --get commit.template [3ms]
2024-10-03 16:35:29.962 [info] > git for-each-ref --format %(refname) %(objectname) %(*objectname) refs/tags [1ms]
2024-10-03 16:35:29.974 [info] > git status -z -uall [10ms]
2024-10-03 16:35:30.382 [info] > git check-ignore -v -z --stdin [1ms]
2024-10-03 16:46:42.753 [info] > git rev-parse --show-toplevel [14ms]
2024-10-03 16:46:42.753 [info] fatal: not a git repository (or any of the parent directories): .git
2024-10-03 17:25:30.604 [info] > git rev-parse --show-toplevel [4ms]
2024-10-03 17:25:30.604 [info] fatal: not a git repository (or any of the parent directories): .git
2024-10-03 17:30:10.629 [info] > git rev-parse --show-toplevel [3ms]
2024-10-03 17:30:10.629 [info] fatal: not a git repository (or any of the parent directories): .git
2024-10-03 17:32:00.361 [info] > git rev-parse --show-toplevel [2ms]
2024-10-03 17:32:00.361 [info] fatal: not a git repository (or any of the parent directories): .git
2024-10-03 17:35:26.728 [info] > git rev-parse --show-toplevel [2ms]
2024-10-03 17:35:26.728 [info] fatal: not a git repository (or any of the parent directories): .git
2024-10-03 17:35:27.400 [info] > git rev-parse --show-toplevel [2ms]
2024-10-03 17:35:27.400 [info] fatal: not a git repository (or any of the parent directories): .git
2024-10-03 17:35:27.853 [info] > git rev-parse --show-toplevel [1ms]
2024-10-03 17:35:27.853 [info] fatal: not a git repository (or any of the parent directories): .git
2024-10-03 17:35:33.092 [info] > git rev-parse --show-toplevel [1ms]
2024-10-03 17:35:33.092 [info] fatal: not a git repository (or any of the parent directories): .git
2024-10-03 17:35:33.899 [info] > git rev-parse --show-toplevel [2ms]
2024-10-03 17:35:33.899 [info] fatal: not a git repository (or any of the parent directories): .git
2024-10-03 17:35:35.133 [info] > git rev-parse --show-toplevel [0ms]
2024-10-03 17:35:35.133 [info] fatal: not a git repository (or any of the parent directories): .git
2024-10-03 17:35:37.282 [info] > git rev-parse --show-toplevel [1ms]
2024-10-03 17:35:37.282 [info] fatal: not a git repository (or any of the parent directories): .git
2024-10-03 17:35:37.867 [info] > git rev-parse --show-toplevel [3ms]
2024-10-03 17:35:37.867 [info] fatal: not a git repository (or any of the parent directories): .git
2024-10-03 17:35:38.231 [info] > git rev-parse --show-toplevel [2ms]
2024-10-03 17:35:38.231 [info] fatal: not a git repository (or any of the parent directories): .git
2024-10-03 17:36:16.562 [info] > git rev-parse --show-toplevel [1ms]
2024-10-03 17:36:16.562 [info] fatal: not a git repository (or any of the parent directories): .git
2024-10-03 17:36:27.059 [info] > git rev-parse --show-toplevel [1ms]
2024-10-03 17:36:27.059 [info] fatal: not a git repository (or any of the parent directories): .git
2024-10-03 17:38:10.646 [info] > git rev-parse --show-toplevel [1ms]
2024-10-03 17:38:10.646 [info] fatal: not a git repository (or any of the parent directories): .git
2024-10-03 17:38:16.301 [info] > git rev-parse --show-toplevel [1ms]
2024-10-03 17:38:16.301 [info] fatal: not a git repository (or any of the parent directories): .git
2024-10-03 17:38:33.249 [info] > git rev-parse --show-toplevel [3ms]
2024-10-03 17:38:33.249 [info] fatal: not a git repository (or any of the parent directories): .git
2024-10-03 17:38:37.118 [info] > git rev-parse --show-toplevel [1ms]
2024-10-03 17:38:37.118 [info] fatal: not a git repository (or any of the parent directories): .git
2024-10-03 17:38:37.783 [info] > git rev-parse --show-toplevel [1ms]
2024-10-03 17:38:37.783 [info] fatal: not a git repository (or any of the parent directories): .git
2024-10-03 17:38:38.129 [info] > git rev-parse --show-toplevel [2ms]
2024-10-03 17:38:38.129 [info] fatal: not a git repository (or any of the parent directories): .git
2024-10-03 17:40:50.712 [info] > git rev-parse --show-toplevel [3ms]
2024-10-03 17:40:50.712 [info] fatal: not a git repository (or any of the parent directories): .git
2024-10-03 17:58:27.319 [info] > git rev-parse --show-toplevel [1ms]
2024-10-03 17:58:27.319 [info] fatal: not a git repository (or any of the parent directories): .git
2024-10-03 18:11:04.475 [info] > git rev-parse --show-toplevel [3ms]
2024-10-03 18:11:04.475 [info] fatal: not a git repository (or any of the parent directories): .git
2024-10-03 18:11:35.297 [info] > git rev-parse --show-toplevel [3ms]
2024-10-03 18:11:35.297 [info] fatal: not a git repository (or any of the parent directories): .git
2024-10-03 18:11:57.653 [info] > git rev-parse --show-toplevel [2ms]
2024-10-03 18:11:57.653 [info] fatal: not a git repository (or any of the parent directories): .git
2024-10-03 18:12:07.564 [info] > git rev-parse --show-toplevel [2ms]
2024-10-03 18:12:07.564 [info] fatal: not a git repository (or any of the parent directories): .git
2024-10-03 18:12:22.458 [info] > git rev-parse --show-toplevel [1ms]
2024-10-03 18:12:22.458 [info] fatal: not a git repository (or any of the parent directories): .git
2024-10-03 18:12:23.080 [info] > git rev-parse --show-toplevel [1ms]
2024-10-03 18:12:23.080 [info] fatal: not a git repository (or any of the parent directories): .git
2024-10-03 18:12:24.894 [info] > git rev-parse --show-toplevel [1ms]
2024-10-03 18:12:24.894 [info] fatal: not a git repository (or any of the parent directories): .git
2024-10-03 18:12:25.356 [info] > git rev-parse --show-toplevel [2ms]
2024-10-03 18:12:25.356 [info] fatal: not a git repository (or any of the parent directories): .git
2024-10-03 18:12:26.115 [info] > git rev-parse --show-toplevel [1ms]
2024-10-03 18:12:26.115 [info] fatal: not a git repository (or any of the parent directories): .git
2024-10-03 18:12:26.780 [info] > git rev-parse --show-toplevel [2ms]
2024-10-03 18:12:26.780 [info] fatal: not a git repository (or any of the parent directories): .git
2024-10-03 18:12:53.085 [info] > git rev-parse --show-toplevel [1ms]
2024-10-03 18:12:53.085 [info] fatal: not a git repository (or any of the parent directories): .git
2024-10-03 18:12:53.838 [info] > git rev-parse --show-toplevel [0ms]
2024-10-03 18:12:53.838 [info] fatal: not a git repository (or any of the parent directories): .git
2024-10-03 18:13:06.995 [info] > git rev-parse --show-toplevel [1ms]
2024-10-03 18:13:06.995 [info] fatal: not a git repository (or any of the parent directories): .git
2024-10-03 18:13:07.734 [info] > git rev-parse --show-toplevel [2ms]
2024-10-03 18:13:07.734 [info] fatal: not a git repository (or any of the parent directories): .git
2024-10-03 18:13:08.146 [info] > git rev-parse --show-toplevel [1ms]
2024-10-03 18:13:08.146 [info] fatal: not a git repository (or any of the parent directories): .git
2024-10-03 18:13:08.396 [info] > git rev-parse --show-toplevel [1ms]
2024-10-03 18:13:08.396 [info] fatal: not a git repository (or any of the parent directories): .git
2024-10-03 18:25:48.363 [info] > git rev-parse --show-toplevel [2ms]
2024-10-03 18:25:48.363 [info] fatal: not a git repository (or any of the parent directories): .git
2024-10-03 18:25:57.722 [info] > git rev-parse --show-toplevel [2ms]
2024-10-03 18:25:57.722 [info] fatal: not a git repository (or any of the parent directories): .git
2024-10-03 18:26:09.308 [info] > git rev-parse --show-toplevel [3ms]
2024-10-03 18:26:09.308 [info] fatal: not a git repository (or any of the parent directories): .git
2024-10-03 18:26:24.123 [info] > git rev-parse --show-toplevel [2ms]
2024-10-03 18:26:24.123 [info] fatal: not a git repository (or any of the parent directories): .git
2024-10-03 18:26:33.539 [info] > git rev-parse --show-toplevel [2ms]
2024-10-03 18:26:33.539 [info] fatal: not a git repository (or any of the parent directories): .git
2024-10-03 18:26:40.366 [info] > git rev-parse --show-toplevel [3ms]
2024-10-03 18:26:40.366 [info] fatal: not a git repository (or any of the parent directories): .git
2024-10-03 18:44:32.071 [info] > git rev-parse --show-toplevel [4ms]
2024-10-03 18:44:32.071 [info] fatal: not a git repository (or any of the parent directories): .git
