2024-11-02 12:12:20.501 [info] Extension host with pid 991 started
2024-11-02 12:12:20.501 [error] Error: EEXIST: file already exists, open '/home/greg/.vscode-server/data/User/workspaceStorage/f4be759cc90087aa636f7144e54f67d7/vscode.lock'
2024-11-02 12:12:20.515 [info] Lock '/home/greg/.vscode-server/data/User/workspaceStorage/f4be759cc90087aa636f7144e54f67d7/vscode.lock': Could not acquire lock, checking if the file is stale.
2024-11-02 12:12:20.529 [info] Lock '/home/greg/.vscode-server/data/User/workspaceStorage/f4be759cc90087aa636f7144e54f67d7/vscode.lock': The pid 1003 appears to be gone.
2024-11-02 12:12:20.529 [info] Lock '/home/greg/.vscode-server/data/User/workspaceStorage/f4be759cc90087aa636f7144e54f67d7/vscode.lock': Deleting a stale lock.
2024-11-02 12:12:20.548 [info] Lock '/home/greg/.vscode-server/data/User/workspaceStorage/f4be759cc90087aa636f7144e54f67d7/vscode.lock': Lock acquired.
2024-11-02 12:12:20.726 [info] ExtensionService#_doActivateExtension vscode.tunnel-forwarding, startup: false, activationEvent: 'onTunnel'
2024-11-02 12:12:20.727 [info] ExtensionService#_doActivateExtension vscode.emmet, startup: false, activationEvent: 'onLanguage'
2024-11-02 12:12:20.727 [info] ExtensionService#_doActivateExtension vscode.php-language-features, startup: false, activationEvent: 'onLanguage:php'
2024-11-02 12:12:20.823 [info] ExtensionService#_doActivateExtension vscode.git-base, startup: true, activationEvent: '*', root cause: vscode.git
2024-11-02 12:12:21.235 [info] ExtensionService#_doActivateExtension vscode.git, startup: true, activationEvent: '*'
2024-11-02 12:12:21.236 [info] ExtensionService#_doActivateExtension vscode.github, startup: true, activationEvent: '*'
2024-11-02 12:12:21.491 [info] Eager extensions activated
2024-11-02 12:12:21.492 [info] ExtensionService#_doActivateExtension vscode.debug-auto-launch, startup: false, activationEvent: 'onStartupFinished'
2024-11-02 12:12:21.492 [info] ExtensionService#_doActivateExtension vscode.merge-conflict, startup: false, activationEvent: 'onStartupFinished'
2024-11-02 14:22:13.884 [info] ExtensionService#_doActivateExtension vscode.npm, startup: false, activationEvent: 'onTerminalQuickFixRequest:ms-vscode.npm-command'
2024-11-02 14:22:19.111 [info] ExtensionService#_doActivateExtension vscode.configuration-editing, startup: false, activationEvent: 'onLanguage:json'
2024-11-02 14:22:19.111 [info] ExtensionService#_doActivateExtension vscode.extension-editing, startup: false, activationEvent: 'onLanguage:json'
2024-11-02 14:22:19.111 [info] ExtensionService#_doActivateExtension vscode.json-language-features, startup: false, activationEvent: 'onLanguage:json'
2024-11-02 17:57:25.020 [warning] [Decorations] CAPPING events from decorations provider vscode.git 2612
2024-11-02 17:57:25.086 [warning] [Decorations] CAPPING events from decorations provider vscode.git 2612
2024-11-02 17:57:27.474 [warning] [Decorations] CAPPING events from decorations provider vscode.git 2612
2024-11-02 17:57:32.527 [warning] [Decorations] CAPPING events from decorations provider vscode.git 2612
