0 verbose cli /home/greg/.nvm/versions/node/v20.17.0/bin/node /home/greg/.nvm/versions/node/v20.17.0/bin/npm
1 info using npm@10.8.2
2 info using node@v20.17.0
3 silly config load:file:/home/greg/.nvm/versions/node/v20.17.0/lib/node_modules/npm/npmrc
4 silly config load:file:/home/greg/example-app/.npmrc
5 silly config load:file:/home/greg/.npmrc
6 silly config load:file:/home/greg/.nvm/versions/node/v20.17.0/etc/npmrc
7 verbose title npm install
8 verbose argv "install"
9 verbose logfile logs-max:10 dir:/home/greg/.npm/_logs/2024-09-24T11_44_19_089Z-
10 verbose logfile /home/greg/.npm/_logs/2024-09-24T11_44_19_089Z-debug-0.log
11 silly packumentCache heap:2197815296 maxSize:549453824 maxEntrySize:274726912
12 silly logfile done cleaning log files
13 silly idealTree buildDeps
14 verbose shrinkwrap failed to load node_modules/.package-lock.json out of date, updated: node_modules
15 silly reify moves {}
16 silly audit bulk request {
16 silly audit   '@alloc/quick-lru': [ '5.2.0' ],
16 silly audit   '@esbuild/aix-ppc64': [ '0.21.5' ],
16 silly audit   '@esbuild/android-arm': [ '0.21.5' ],
16 silly audit   '@esbuild/android-arm64': [ '0.21.5' ],
16 silly audit   '@esbuild/android-x64': [ '0.21.5' ],
16 silly audit   '@esbuild/darwin-arm64': [ '0.21.5' ],
16 silly audit   '@esbuild/darwin-x64': [ '0.21.5' ],
16 silly audit   '@esbuild/freebsd-arm64': [ '0.21.5' ],
16 silly audit   '@esbuild/freebsd-x64': [ '0.21.5' ],
16 silly audit   '@esbuild/linux-arm': [ '0.21.5' ],
16 silly audit   '@esbuild/linux-arm64': [ '0.21.5' ],
16 silly audit   '@esbuild/linux-ia32': [ '0.21.5' ],
16 silly audit   '@esbuild/linux-loong64': [ '0.21.5' ],
16 silly audit   '@esbuild/linux-mips64el': [ '0.21.5' ],
16 silly audit   '@esbuild/linux-ppc64': [ '0.21.5' ],
16 silly audit   '@esbuild/linux-riscv64': [ '0.21.5' ],
16 silly audit   '@esbuild/linux-s390x': [ '0.21.5' ],
16 silly audit   '@esbuild/linux-x64': [ '0.21.5' ],
16 silly audit   '@esbuild/netbsd-x64': [ '0.21.5' ],
16 silly audit   '@esbuild/openbsd-x64': [ '0.21.5' ],
16 silly audit   '@esbuild/sunos-x64': [ '0.21.5' ],
16 silly audit   '@esbuild/win32-arm64': [ '0.21.5' ],
16 silly audit   '@esbuild/win32-ia32': [ '0.21.5' ],
16 silly audit   '@esbuild/win32-x64': [ '0.21.5' ],
16 silly audit   '@isaacs/cliui': [ '8.0.2' ],
16 silly audit   '@jridgewell/gen-mapping': [ '0.3.5' ],
16 silly audit   '@jridgewell/resolve-uri': [ '3.1.2' ],
16 silly audit   '@jridgewell/set-array': [ '1.2.1' ],
16 silly audit   '@jridgewell/sourcemap-codec': [ '1.5.0' ],
16 silly audit   '@jridgewell/trace-mapping': [ '0.3.25' ],
16 silly audit   '@nodelib/fs.scandir': [ '2.1.5' ],
16 silly audit   '@nodelib/fs.stat': [ '2.0.5' ],
16 silly audit   '@nodelib/fs.walk': [ '1.2.8' ],
16 silly audit   '@pkgjs/parseargs': [ '0.11.0' ],
16 silly audit   '@rollup/rollup-android-arm-eabi': [ '4.22.4' ],
16 silly audit   '@rollup/rollup-android-arm64': [ '4.22.4' ],
16 silly audit   '@rollup/rollup-darwin-arm64': [ '4.22.4' ],
16 silly audit   '@rollup/rollup-darwin-x64': [ '4.22.4' ],
16 silly audit   '@rollup/rollup-linux-arm-gnueabihf': [ '4.22.4' ],
16 silly audit   '@rollup/rollup-linux-arm-musleabihf': [ '4.22.4' ],
16 silly audit   '@rollup/rollup-linux-arm64-gnu': [ '4.22.4' ],
16 silly audit   '@rollup/rollup-linux-arm64-musl': [ '4.22.4' ],
16 silly audit   '@rollup/rollup-linux-powerpc64le-gnu': [ '4.22.4' ],
16 silly audit   '@rollup/rollup-linux-riscv64-gnu': [ '4.22.4' ],
16 silly audit   '@rollup/rollup-linux-s390x-gnu': [ '4.22.4' ],
16 silly audit   '@rollup/rollup-linux-x64-gnu': [ '4.22.4' ],
16 silly audit   '@rollup/rollup-linux-x64-musl': [ '4.22.4' ],
16 silly audit   '@rollup/rollup-win32-arm64-msvc': [ '4.22.4' ],
16 silly audit   '@rollup/rollup-win32-ia32-msvc': [ '4.22.4' ],
16 silly audit   '@rollup/rollup-win32-x64-msvc': [ '4.22.4' ],
16 silly audit   '@tailwindcss/forms': [ '0.5.9' ],
16 silly audit   '@types/estree': [ '1.0.5' ],
16 silly audit   '@vue/reactivity': [ '3.1.5' ],
16 silly audit   '@vue/shared': [ '3.1.5' ],
16 silly audit   alpinejs: [ '3.14.1' ],
16 silly audit   'ansi-regex': [ '6.1.0', '5.0.1' ],
16 silly audit   'ansi-styles': [ '6.2.1', '4.3.0' ],
16 silly audit   'any-promise': [ '1.3.0' ],
16 silly audit   anymatch: [ '3.1.3' ],
16 silly audit   arg: [ '5.0.2' ],
16 silly audit   asynckit: [ '0.4.0' ],
16 silly audit   autoprefixer: [ '10.4.20' ],
16 silly audit   axios: [ '1.7.7' ],
16 silly audit   'balanced-match': [ '1.0.2' ],
16 silly audit   'binary-extensions': [ '2.3.0' ],
16 silly audit   'brace-expansion': [ '2.0.1' ],
16 silly audit   braces: [ '3.0.3' ],
16 silly audit   browserslist: [ '4.23.3' ],
16 silly audit   'camelcase-css': [ '2.0.1' ],
16 silly audit   'caniuse-lite': [ '1.0.30001663' ],
16 silly audit   chokidar: [ '3.6.0' ],
16 silly audit   'glob-parent': [ '5.1.2', '6.0.2' ],
16 silly audit   'color-convert': [ '2.0.1' ],
16 silly audit   'color-name': [ '1.1.4' ],
16 silly audit   'combined-stream': [ '1.0.8' ],
16 silly audit   commander: [ '4.1.1' ],
16 silly audit   'cross-spawn': [ '7.0.3' ],
16 silly audit   cssesc: [ '3.0.0' ],
16 silly audit   'delayed-stream': [ '1.0.0' ],
16 silly audit   didyoumean: [ '1.2.2' ],
16 silly audit   dlv: [ '1.1.3' ],
16 silly audit   eastasianwidth: [ '0.2.0' ],
16 silly audit   'electron-to-chromium': [ '1.5.28' ],
16 silly audit   'emoji-regex': [ '9.2.2', '8.0.0' ],
16 silly audit   esbuild: [ '0.21.5' ],
16 silly audit   escalade: [ '3.2.0' ],
16 silly audit   'fast-glob': [ '3.3.2' ],
16 silly audit   fastq: [ '1.17.1' ],
16 silly audit   'fill-range': [ '7.1.1' ],
16 silly audit   'follow-redirects': [ '1.15.9' ],
16 silly audit   'foreground-child': [ '3.3.0' ],
16 silly audit   'form-data': [ '4.0.0' ],
16 silly audit   'fraction.js': [ '4.3.7' ],
16 silly audit   fsevents: [ '2.3.3' ],
16 silly audit   'function-bind': [ '1.1.2' ],
16 silly audit   glob: [ '10.4.5' ],
16 silly audit   hasown: [ '2.0.2' ],
16 silly audit   'is-binary-path': [ '2.1.0' ],
16 silly audit   'is-core-module': [ '2.15.1' ],
16 silly audit   'is-extglob': [ '2.1.1' ],
16 silly audit   'is-fullwidth-code-point': [ '3.0.0' ],
16 silly audit   'is-glob': [ '4.0.3' ],
16 silly audit   'is-number': [ '7.0.0' ],
16 silly audit   isexe: [ '2.0.0' ],
16 silly audit   jackspeak: [ '3.4.3' ],
16 silly audit   jiti: [ '1.21.6' ],
16 silly audit   'laravel-vite-plugin': [ '1.0.5' ],
16 silly audit   lilconfig: [ '2.1.0', '3.1.2' ],
16 silly audit   'lines-and-columns': [ '1.2.4' ],
16 silly audit   'lru-cache': [ '10.4.3' ],
16 silly audit   merge2: [ '1.4.1' ],
16 silly audit   micromatch: [ '4.0.8' ],
16 silly audit   'mime-db': [ '1.52.0' ],
16 silly audit   'mime-types': [ '2.1.35' ],
16 silly audit   'mini-svg-data-uri': [ '1.4.4' ],
16 silly audit   minimatch: [ '9.0.5' ],
16 silly audit   minipass: [ '7.1.2' ],
16 silly audit   mz: [ '2.7.0' ],
16 silly audit   nanoid: [ '3.3.7' ],
16 silly audit   'node-releases': [ '2.0.18' ],
16 silly audit   'normalize-path': [ '3.0.0' ],
16 silly audit   'normalize-range': [ '0.1.2' ],
16 silly audit   'object-assign': [ '4.1.1' ],
16 silly audit   'object-hash': [ '3.0.0' ],
16 silly audit   'package-json-from-dist': [ '1.0.0' ],
16 silly audit   'path-key': [ '3.1.1' ],
16 silly audit   'path-parse': [ '1.0.7' ],
16 silly audit   'path-scurry': [ '1.11.1' ],
16 silly audit   picocolors: [ '1.1.0' ],
16 silly audit   picomatch: [ '2.3.1' ],
16 silly audit   pify: [ '2.3.0' ],
16 silly audit   pirates: [ '4.0.6' ],
16 silly audit   postcss: [ '8.4.47' ],
16 silly audit   'postcss-import': [ '15.1.0' ],
16 silly audit   'postcss-js': [ '4.0.1' ],
16 silly audit   'postcss-load-config': [ '4.0.2' ],
16 silly audit   'postcss-nested': [ '6.2.0' ],
16 silly audit   'postcss-selector-parser': [ '6.1.2' ],
16 silly audit   'postcss-value-parser': [ '4.2.0' ],
16 silly audit   'proxy-from-env': [ '1.1.0' ],
16 silly audit   'queue-microtask': [ '1.2.3' ],
16 silly audit   'read-cache': [ '1.0.0' ],
16 silly audit   readdirp: [ '3.6.0' ],
16 silly audit   resolve: [ '1.22.8' ],
16 silly audit   reusify: [ '1.0.4' ],
16 silly audit   rollup: [ '4.22.4' ],
16 silly audit   'run-parallel': [ '1.2.0' ],
16 silly audit   'shebang-command': [ '2.0.0' ],
16 silly audit   'shebang-regex': [ '3.0.0' ],
16 silly audit   'signal-exit': [ '4.1.0' ],
16 silly audit   'source-map-js': [ '1.2.1' ],
16 silly audit   'string-width': [ '5.1.2', '4.2.3' ],
16 silly audit   'strip-ansi': [ '6.0.1', '7.1.0' ],
16 silly audit   sucrase: [ '3.35.0' ],
16 silly audit   'supports-preserve-symlinks-flag': [ '1.0.0' ],
16 silly audit   tailwindcss: [ '3.4.13' ],
16 silly audit   thenify: [ '3.3.1' ],
16 silly audit   'thenify-all': [ '1.6.0' ],
16 silly audit   'to-regex-range': [ '5.0.1' ],
16 silly audit   'ts-interface-checker': [ '0.1.13' ],
16 silly audit   'update-browserslist-db': [ '1.1.0' ],
16 silly audit   'util-deprecate': [ '1.0.2' ],
16 silly audit   vite: [ '5.4.7' ],
16 silly audit   'vite-plugin-full-reload': [ '1.2.0' ],
16 silly audit   which: [ '2.0.2' ],
16 silly audit   'wrap-ansi': [ '8.1.0', '7.0.0' ],
16 silly audit   yaml: [ '2.5.1' ]
16 silly audit }
17 verbose reify failed optional dependency /home/greg/example-app/node_modules/fsevents
18 silly reify mark deleted [ '/home/greg/example-app/node_modules/fsevents' ]
19 verbose reify failed optional dependency /home/greg/example-app/node_modules/@rollup/rollup-win32-x64-msvc
20 silly reify mark deleted [ '/home/greg/example-app/node_modules/@rollup/rollup-win32-x64-msvc' ]
21 verbose reify failed optional dependency /home/greg/example-app/node_modules/@rollup/rollup-win32-ia32-msvc
22 silly reify mark deleted [
22 silly reify   '/home/greg/example-app/node_modules/@rollup/rollup-win32-ia32-msvc'
22 silly reify ]
23 verbose reify failed optional dependency /home/greg/example-app/node_modules/@rollup/rollup-win32-arm64-msvc
24 silly reify mark deleted [
24 silly reify   '/home/greg/example-app/node_modules/@rollup/rollup-win32-arm64-msvc'
24 silly reify ]
25 verbose reify failed optional dependency /home/greg/example-app/node_modules/@rollup/rollup-linux-s390x-gnu
26 silly reify mark deleted [
26 silly reify   '/home/greg/example-app/node_modules/@rollup/rollup-linux-s390x-gnu'
26 silly reify ]
27 verbose reify failed optional dependency /home/greg/example-app/node_modules/@rollup/rollup-linux-riscv64-gnu
28 silly reify mark deleted [
28 silly reify   '/home/greg/example-app/node_modules/@rollup/rollup-linux-riscv64-gnu'
28 silly reify ]
29 verbose reify failed optional dependency /home/greg/example-app/node_modules/@rollup/rollup-linux-powerpc64le-gnu
30 silly reify mark deleted [
30 silly reify   '/home/greg/example-app/node_modules/@rollup/rollup-linux-powerpc64le-gnu'
30 silly reify ]
31 verbose reify failed optional dependency /home/greg/example-app/node_modules/@rollup/rollup-linux-arm64-musl
32 silly reify mark deleted [
32 silly reify   '/home/greg/example-app/node_modules/@rollup/rollup-linux-arm64-musl'
32 silly reify ]
33 verbose reify failed optional dependency /home/greg/example-app/node_modules/@rollup/rollup-linux-arm64-gnu
34 silly reify mark deleted [
34 silly reify   '/home/greg/example-app/node_modules/@rollup/rollup-linux-arm64-gnu'
34 silly reify ]
35 verbose reify failed optional dependency /home/greg/example-app/node_modules/@rollup/rollup-linux-arm-musleabihf
36 silly reify mark deleted [
36 silly reify   '/home/greg/example-app/node_modules/@rollup/rollup-linux-arm-musleabihf'
36 silly reify ]
37 verbose reify failed optional dependency /home/greg/example-app/node_modules/@rollup/rollup-linux-arm-gnueabihf
38 silly reify mark deleted [
38 silly reify   '/home/greg/example-app/node_modules/@rollup/rollup-linux-arm-gnueabihf'
38 silly reify ]
39 verbose reify failed optional dependency /home/greg/example-app/node_modules/@rollup/rollup-darwin-x64
40 silly reify mark deleted [ '/home/greg/example-app/node_modules/@rollup/rollup-darwin-x64' ]
41 verbose reify failed optional dependency /home/greg/example-app/node_modules/@rollup/rollup-darwin-arm64
42 silly reify mark deleted [ '/home/greg/example-app/node_modules/@rollup/rollup-darwin-arm64' ]
43 verbose reify failed optional dependency /home/greg/example-app/node_modules/@rollup/rollup-android-arm64
44 silly reify mark deleted [ '/home/greg/example-app/node_modules/@rollup/rollup-android-arm64' ]
45 verbose reify failed optional dependency /home/greg/example-app/node_modules/@rollup/rollup-android-arm-eabi
46 silly reify mark deleted [
46 silly reify   '/home/greg/example-app/node_modules/@rollup/rollup-android-arm-eabi'
46 silly reify ]
47 verbose reify failed optional dependency /home/greg/example-app/node_modules/@esbuild/win32-x64
48 silly reify mark deleted [ '/home/greg/example-app/node_modules/@esbuild/win32-x64' ]
49 verbose reify failed optional dependency /home/greg/example-app/node_modules/@esbuild/win32-ia32
50 silly reify mark deleted [ '/home/greg/example-app/node_modules/@esbuild/win32-ia32' ]
51 verbose reify failed optional dependency /home/greg/example-app/node_modules/@esbuild/win32-arm64
52 silly reify mark deleted [ '/home/greg/example-app/node_modules/@esbuild/win32-arm64' ]
53 verbose reify failed optional dependency /home/greg/example-app/node_modules/@esbuild/sunos-x64
54 silly reify mark deleted [ '/home/greg/example-app/node_modules/@esbuild/sunos-x64' ]
55 verbose reify failed optional dependency /home/greg/example-app/node_modules/@esbuild/openbsd-x64
56 silly reify mark deleted [ '/home/greg/example-app/node_modules/@esbuild/openbsd-x64' ]
57 verbose reify failed optional dependency /home/greg/example-app/node_modules/@esbuild/netbsd-x64
58 silly reify mark deleted [ '/home/greg/example-app/node_modules/@esbuild/netbsd-x64' ]
59 verbose reify failed optional dependency /home/greg/example-app/node_modules/@esbuild/linux-s390x
60 silly reify mark deleted [ '/home/greg/example-app/node_modules/@esbuild/linux-s390x' ]
61 verbose reify failed optional dependency /home/greg/example-app/node_modules/@esbuild/linux-riscv64
62 silly reify mark deleted [ '/home/greg/example-app/node_modules/@esbuild/linux-riscv64' ]
63 verbose reify failed optional dependency /home/greg/example-app/node_modules/@esbuild/linux-ppc64
64 silly reify mark deleted [ '/home/greg/example-app/node_modules/@esbuild/linux-ppc64' ]
65 verbose reify failed optional dependency /home/greg/example-app/node_modules/@esbuild/linux-mips64el
66 silly reify mark deleted [ '/home/greg/example-app/node_modules/@esbuild/linux-mips64el' ]
67 verbose reify failed optional dependency /home/greg/example-app/node_modules/@esbuild/linux-loong64
68 silly reify mark deleted [ '/home/greg/example-app/node_modules/@esbuild/linux-loong64' ]
69 verbose reify failed optional dependency /home/greg/example-app/node_modules/@esbuild/linux-ia32
70 silly reify mark deleted [ '/home/greg/example-app/node_modules/@esbuild/linux-ia32' ]
71 verbose reify failed optional dependency /home/greg/example-app/node_modules/@esbuild/linux-arm64
72 silly reify mark deleted [ '/home/greg/example-app/node_modules/@esbuild/linux-arm64' ]
73 verbose reify failed optional dependency /home/greg/example-app/node_modules/@esbuild/linux-arm
74 silly reify mark deleted [ '/home/greg/example-app/node_modules/@esbuild/linux-arm' ]
75 verbose reify failed optional dependency /home/greg/example-app/node_modules/@esbuild/freebsd-x64
76 silly reify mark deleted [ '/home/greg/example-app/node_modules/@esbuild/freebsd-x64' ]
77 verbose reify failed optional dependency /home/greg/example-app/node_modules/@esbuild/freebsd-arm64
78 silly reify mark deleted [ '/home/greg/example-app/node_modules/@esbuild/freebsd-arm64' ]
79 verbose reify failed optional dependency /home/greg/example-app/node_modules/@esbuild/darwin-x64
80 silly reify mark deleted [ '/home/greg/example-app/node_modules/@esbuild/darwin-x64' ]
81 verbose reify failed optional dependency /home/greg/example-app/node_modules/@esbuild/darwin-arm64
82 silly reify mark deleted [ '/home/greg/example-app/node_modules/@esbuild/darwin-arm64' ]
83 verbose reify failed optional dependency /home/greg/example-app/node_modules/@esbuild/android-x64
84 silly reify mark deleted [ '/home/greg/example-app/node_modules/@esbuild/android-x64' ]
85 verbose reify failed optional dependency /home/greg/example-app/node_modules/@esbuild/android-arm64
86 silly reify mark deleted [ '/home/greg/example-app/node_modules/@esbuild/android-arm64' ]
87 verbose reify failed optional dependency /home/greg/example-app/node_modules/@esbuild/android-arm
88 silly reify mark deleted [ '/home/greg/example-app/node_modules/@esbuild/android-arm' ]
89 verbose reify failed optional dependency /home/greg/example-app/node_modules/@esbuild/aix-ppc64
90 silly reify mark deleted [ '/home/greg/example-app/node_modules/@esbuild/aix-ppc64' ]
91 http fetch POST 200 https://registry.npmjs.org/-/npm/v1/security/advisories/bulk 337ms
92 silly audit report {}
93 silly ADD
94 silly ADD
95 silly ADD
96 silly ADD
97 silly ADD
98 silly ADD
99 silly ADD
100 silly ADD
101 silly ADD
102 silly ADD
103 silly ADD
104 silly ADD
105 silly ADD
106 silly ADD
107 silly ADD
108 silly ADD
109 silly ADD
110 silly ADD
111 silly ADD
112 silly ADD
113 silly ADD
114 silly ADD
115 silly ADD
116 silly ADD
117 silly ADD
118 silly ADD
119 silly ADD
120 silly ADD
121 silly ADD
122 silly ADD
123 silly ADD
124 silly ADD
125 silly ADD
126 silly ADD
127 silly ADD
128 silly ADD
129 silly ADD
130 verbose cwd /home/greg/example-app
131 verbose os Linux 5.15.153.1-microsoft-standard-WSL2
132 verbose node v20.17.0
133 verbose npm  v10.8.2
134 verbose exit 0
135 info ok
