0 verbose cli /home/greg/.nvm/versions/node/v20.17.0/bin/node /home/greg/.nvm/versions/node/v20.17.0/bin/npm
1 info using npm@10.8.2
2 info using node@v20.17.0
3 silly config load:file:/home/greg/.nvm/versions/node/v20.17.0/lib/node_modules/npm/npmrc
4 silly config load:file:/home/greg/example-app/.npmrc
5 silly config load:file:/home/greg/.npmrc
6 silly config load:file:/home/greg/.nvm/versions/node/v20.17.0/etc/npmrc
7 verbose title npm install
8 verbose argv "install"
9 verbose logfile logs-max:10 dir:/home/greg/.npm/_logs/2024-09-24T11_23_59_982Z-
10 verbose logfile /home/greg/.npm/_logs/2024-09-24T11_23_59_982Z-debug-0.log
11 silly packumentCache heap:2197815296 maxSize:549453824 maxEntrySize:274726912
12 silly logfile done cleaning log files
13 silly idealTree buildDeps
14 silly reify moves {}
15 silly audit bulk request {
15 silly audit   '@alloc/quick-lru': [ '5.2.0' ],
15 silly audit   '@esbuild/aix-ppc64': [ '0.21.5' ],
15 silly audit   '@esbuild/android-arm': [ '0.21.5' ],
15 silly audit   '@esbuild/android-arm64': [ '0.21.5' ],
15 silly audit   '@esbuild/android-x64': [ '0.21.5' ],
15 silly audit   '@esbuild/darwin-arm64': [ '0.21.5' ],
15 silly audit   '@esbuild/darwin-x64': [ '0.21.5' ],
15 silly audit   '@esbuild/freebsd-arm64': [ '0.21.5' ],
15 silly audit   '@esbuild/freebsd-x64': [ '0.21.5' ],
15 silly audit   '@esbuild/linux-arm': [ '0.21.5' ],
15 silly audit   '@esbuild/linux-arm64': [ '0.21.5' ],
15 silly audit   '@esbuild/linux-ia32': [ '0.21.5' ],
15 silly audit   '@esbuild/linux-loong64': [ '0.21.5' ],
15 silly audit   '@esbuild/linux-mips64el': [ '0.21.5' ],
15 silly audit   '@esbuild/linux-ppc64': [ '0.21.5' ],
15 silly audit   '@esbuild/linux-riscv64': [ '0.21.5' ],
15 silly audit   '@esbuild/linux-s390x': [ '0.21.5' ],
15 silly audit   '@esbuild/linux-x64': [ '0.21.5' ],
15 silly audit   '@esbuild/netbsd-x64': [ '0.21.5' ],
15 silly audit   '@esbuild/openbsd-x64': [ '0.21.5' ],
15 silly audit   '@esbuild/sunos-x64': [ '0.21.5' ],
15 silly audit   '@esbuild/win32-arm64': [ '0.21.5' ],
15 silly audit   '@esbuild/win32-ia32': [ '0.21.5' ],
15 silly audit   '@esbuild/win32-x64': [ '0.21.5' ],
15 silly audit   '@isaacs/cliui': [ '8.0.2' ],
15 silly audit   '@jridgewell/gen-mapping': [ '0.3.5' ],
15 silly audit   '@jridgewell/resolve-uri': [ '3.1.2' ],
15 silly audit   '@jridgewell/set-array': [ '1.2.1' ],
15 silly audit   '@jridgewell/sourcemap-codec': [ '1.5.0' ],
15 silly audit   '@jridgewell/trace-mapping': [ '0.3.25' ],
15 silly audit   '@nodelib/fs.scandir': [ '2.1.5' ],
15 silly audit   '@nodelib/fs.stat': [ '2.0.5' ],
15 silly audit   '@nodelib/fs.walk': [ '1.2.8' ],
15 silly audit   '@pkgjs/parseargs': [ '0.11.0' ],
15 silly audit   '@rollup/rollup-android-arm-eabi': [ '4.22.4' ],
15 silly audit   '@rollup/rollup-android-arm64': [ '4.22.4' ],
15 silly audit   '@rollup/rollup-darwin-arm64': [ '4.22.4' ],
15 silly audit   '@rollup/rollup-darwin-x64': [ '4.22.4' ],
15 silly audit   '@rollup/rollup-linux-arm-gnueabihf': [ '4.22.4' ],
15 silly audit   '@rollup/rollup-linux-arm-musleabihf': [ '4.22.4' ],
15 silly audit   '@rollup/rollup-linux-arm64-gnu': [ '4.22.4' ],
15 silly audit   '@rollup/rollup-linux-arm64-musl': [ '4.22.4' ],
15 silly audit   '@rollup/rollup-linux-powerpc64le-gnu': [ '4.22.4' ],
15 silly audit   '@rollup/rollup-linux-riscv64-gnu': [ '4.22.4' ],
15 silly audit   '@rollup/rollup-linux-s390x-gnu': [ '4.22.4' ],
15 silly audit   '@rollup/rollup-linux-x64-gnu': [ '4.22.4' ],
15 silly audit   '@rollup/rollup-linux-x64-musl': [ '4.22.4' ],
15 silly audit   '@rollup/rollup-win32-arm64-msvc': [ '4.22.4' ],
15 silly audit   '@rollup/rollup-win32-ia32-msvc': [ '4.22.4' ],
15 silly audit   '@rollup/rollup-win32-x64-msvc': [ '4.22.4' ],
15 silly audit   '@tailwindcss/forms': [ '0.5.9' ],
15 silly audit   '@types/estree': [ '1.0.5' ],
15 silly audit   '@vue/reactivity': [ '3.1.5' ],
15 silly audit   '@vue/shared': [ '3.1.5' ],
15 silly audit   alpinejs: [ '3.14.1' ],
15 silly audit   'ansi-regex': [ '6.1.0', '5.0.1' ],
15 silly audit   'ansi-styles': [ '6.2.1', '4.3.0' ],
15 silly audit   'any-promise': [ '1.3.0' ],
15 silly audit   anymatch: [ '3.1.3' ],
15 silly audit   arg: [ '5.0.2' ],
15 silly audit   asynckit: [ '0.4.0' ],
15 silly audit   autoprefixer: [ '10.4.20' ],
15 silly audit   axios: [ '1.7.7' ],
15 silly audit   'balanced-match': [ '1.0.2' ],
15 silly audit   'binary-extensions': [ '2.3.0' ],
15 silly audit   'brace-expansion': [ '2.0.1' ],
15 silly audit   braces: [ '3.0.3' ],
15 silly audit   browserslist: [ '4.23.3' ],
15 silly audit   'camelcase-css': [ '2.0.1' ],
15 silly audit   'caniuse-lite': [ '1.0.30001663' ],
15 silly audit   chokidar: [ '3.6.0' ],
15 silly audit   'glob-parent': [ '5.1.2', '6.0.2' ],
15 silly audit   'color-convert': [ '2.0.1' ],
15 silly audit   'color-name': [ '1.1.4' ],
15 silly audit   'combined-stream': [ '1.0.8' ],
15 silly audit   commander: [ '4.1.1' ],
15 silly audit   'cross-spawn': [ '7.0.3' ],
15 silly audit   cssesc: [ '3.0.0' ],
15 silly audit   'delayed-stream': [ '1.0.0' ],
15 silly audit   didyoumean: [ '1.2.2' ],
15 silly audit   dlv: [ '1.1.3' ],
15 silly audit   eastasianwidth: [ '0.2.0' ],
15 silly audit   'electron-to-chromium': [ '1.5.28' ],
15 silly audit   'emoji-regex': [ '9.2.2', '8.0.0' ],
15 silly audit   esbuild: [ '0.21.5' ],
15 silly audit   escalade: [ '3.2.0' ],
15 silly audit   'fast-glob': [ '3.3.2' ],
15 silly audit   fastq: [ '1.17.1' ],
15 silly audit   'fill-range': [ '7.1.1' ],
15 silly audit   'follow-redirects': [ '1.15.9' ],
15 silly audit   'foreground-child': [ '3.3.0' ],
15 silly audit   'form-data': [ '4.0.0' ],
15 silly audit   'fraction.js': [ '4.3.7' ],
15 silly audit   fsevents: [ '2.3.3' ],
15 silly audit   'function-bind': [ '1.1.2' ],
15 silly audit   glob: [ '10.4.5' ],
15 silly audit   hasown: [ '2.0.2' ],
15 silly audit   'is-binary-path': [ '2.1.0' ],
15 silly audit   'is-core-module': [ '2.15.1' ],
15 silly audit   'is-extglob': [ '2.1.1' ],
15 silly audit   'is-fullwidth-code-point': [ '3.0.0' ],
15 silly audit   'is-glob': [ '4.0.3' ],
15 silly audit   'is-number': [ '7.0.0' ],
15 silly audit   isexe: [ '2.0.0' ],
15 silly audit   jackspeak: [ '3.4.3' ],
15 silly audit   jiti: [ '1.21.6' ],
15 silly audit   'laravel-vite-plugin': [ '1.0.5' ],
15 silly audit   lilconfig: [ '2.1.0', '3.1.2' ],
15 silly audit   'lines-and-columns': [ '1.2.4' ],
15 silly audit   'lru-cache': [ '10.4.3' ],
15 silly audit   merge2: [ '1.4.1' ],
15 silly audit   micromatch: [ '4.0.8' ],
15 silly audit   'mime-db': [ '1.52.0' ],
15 silly audit   'mime-types': [ '2.1.35' ],
15 silly audit   'mini-svg-data-uri': [ '1.4.4' ],
15 silly audit   minimatch: [ '9.0.5' ],
15 silly audit   minipass: [ '7.1.2' ],
15 silly audit   mz: [ '2.7.0' ],
15 silly audit   nanoid: [ '3.3.7' ],
15 silly audit   'node-releases': [ '2.0.18' ],
15 silly audit   'normalize-path': [ '3.0.0' ],
15 silly audit   'normalize-range': [ '0.1.2' ],
15 silly audit   'object-assign': [ '4.1.1' ],
15 silly audit   'object-hash': [ '3.0.0' ],
15 silly audit   'package-json-from-dist': [ '1.0.0' ],
15 silly audit   'path-key': [ '3.1.1' ],
15 silly audit   'path-parse': [ '1.0.7' ],
15 silly audit   'path-scurry': [ '1.11.1' ],
15 silly audit   picocolors: [ '1.1.0' ],
15 silly audit   picomatch: [ '2.3.1' ],
15 silly audit   pify: [ '2.3.0' ],
15 silly audit   pirates: [ '4.0.6' ],
15 silly audit   postcss: [ '8.4.47' ],
15 silly audit   'postcss-import': [ '15.1.0' ],
15 silly audit   'postcss-js': [ '4.0.1' ],
15 silly audit   'postcss-load-config': [ '4.0.2' ],
15 silly audit   'postcss-nested': [ '6.2.0' ],
15 silly audit   'postcss-selector-parser': [ '6.1.2' ],
15 silly audit   'postcss-value-parser': [ '4.2.0' ],
15 silly audit   'proxy-from-env': [ '1.1.0' ],
15 silly audit   'queue-microtask': [ '1.2.3' ],
15 silly audit   'read-cache': [ '1.0.0' ],
15 silly audit   readdirp: [ '3.6.0' ],
15 silly audit   resolve: [ '1.22.8' ],
15 silly audit   reusify: [ '1.0.4' ],
15 silly audit   rollup: [ '4.22.4' ],
15 silly audit   'run-parallel': [ '1.2.0' ],
15 silly audit   'shebang-command': [ '2.0.0' ],
15 silly audit   'shebang-regex': [ '3.0.0' ],
15 silly audit   'signal-exit': [ '4.1.0' ],
15 silly audit   'source-map-js': [ '1.2.1' ],
15 silly audit   'string-width': [ '5.1.2', '4.2.3' ],
15 silly audit   'strip-ansi': [ '6.0.1', '7.1.0' ],
15 silly audit   sucrase: [ '3.35.0' ],
15 silly audit   'supports-preserve-symlinks-flag': [ '1.0.0' ],
15 silly audit   tailwindcss: [ '3.4.13' ],
15 silly audit   thenify: [ '3.3.1' ],
15 silly audit   'thenify-all': [ '1.6.0' ],
15 silly audit   'to-regex-range': [ '5.0.1' ],
15 silly audit   'ts-interface-checker': [ '0.1.13' ],
15 silly audit   'update-browserslist-db': [ '1.1.0' ],
15 silly audit   'util-deprecate': [ '1.0.2' ],
15 silly audit   vite: [ '5.4.7' ],
15 silly audit   'vite-plugin-full-reload': [ '1.2.0' ],
15 silly audit   which: [ '2.0.2' ],
15 silly audit   'wrap-ansi': [ '8.1.0', '7.0.0' ],
15 silly audit   yaml: [ '2.5.1' ]
15 silly audit }
16 verbose reify failed optional dependency /home/greg/example-app/node_modules/fsevents
17 silly reify mark deleted [ '/home/greg/example-app/node_modules/fsevents' ]
18 verbose reify failed optional dependency /home/greg/example-app/node_modules/@rollup/rollup-win32-x64-msvc
19 silly reify mark deleted [ '/home/greg/example-app/node_modules/@rollup/rollup-win32-x64-msvc' ]
20 verbose reify failed optional dependency /home/greg/example-app/node_modules/@rollup/rollup-win32-ia32-msvc
21 silly reify mark deleted [
21 silly reify   '/home/greg/example-app/node_modules/@rollup/rollup-win32-ia32-msvc'
21 silly reify ]
22 verbose reify failed optional dependency /home/greg/example-app/node_modules/@rollup/rollup-win32-arm64-msvc
23 silly reify mark deleted [
23 silly reify   '/home/greg/example-app/node_modules/@rollup/rollup-win32-arm64-msvc'
23 silly reify ]
24 verbose reify failed optional dependency /home/greg/example-app/node_modules/@rollup/rollup-linux-s390x-gnu
25 silly reify mark deleted [
25 silly reify   '/home/greg/example-app/node_modules/@rollup/rollup-linux-s390x-gnu'
25 silly reify ]
26 verbose reify failed optional dependency /home/greg/example-app/node_modules/@rollup/rollup-linux-riscv64-gnu
27 silly reify mark deleted [
27 silly reify   '/home/greg/example-app/node_modules/@rollup/rollup-linux-riscv64-gnu'
27 silly reify ]
28 verbose reify failed optional dependency /home/greg/example-app/node_modules/@rollup/rollup-linux-powerpc64le-gnu
29 silly reify mark deleted [
29 silly reify   '/home/greg/example-app/node_modules/@rollup/rollup-linux-powerpc64le-gnu'
29 silly reify ]
30 verbose reify failed optional dependency /home/greg/example-app/node_modules/@rollup/rollup-linux-arm64-musl
31 silly reify mark deleted [
31 silly reify   '/home/greg/example-app/node_modules/@rollup/rollup-linux-arm64-musl'
31 silly reify ]
32 verbose reify failed optional dependency /home/greg/example-app/node_modules/@rollup/rollup-linux-arm64-gnu
33 silly reify mark deleted [
33 silly reify   '/home/greg/example-app/node_modules/@rollup/rollup-linux-arm64-gnu'
33 silly reify ]
34 verbose reify failed optional dependency /home/greg/example-app/node_modules/@rollup/rollup-linux-arm-musleabihf
35 silly reify mark deleted [
35 silly reify   '/home/greg/example-app/node_modules/@rollup/rollup-linux-arm-musleabihf'
35 silly reify ]
36 verbose reify failed optional dependency /home/greg/example-app/node_modules/@rollup/rollup-linux-arm-gnueabihf
37 silly reify mark deleted [
37 silly reify   '/home/greg/example-app/node_modules/@rollup/rollup-linux-arm-gnueabihf'
37 silly reify ]
38 verbose reify failed optional dependency /home/greg/example-app/node_modules/@rollup/rollup-darwin-x64
39 silly reify mark deleted [ '/home/greg/example-app/node_modules/@rollup/rollup-darwin-x64' ]
40 verbose reify failed optional dependency /home/greg/example-app/node_modules/@rollup/rollup-darwin-arm64
41 silly reify mark deleted [ '/home/greg/example-app/node_modules/@rollup/rollup-darwin-arm64' ]
42 verbose reify failed optional dependency /home/greg/example-app/node_modules/@rollup/rollup-android-arm64
43 silly reify mark deleted [ '/home/greg/example-app/node_modules/@rollup/rollup-android-arm64' ]
44 verbose reify failed optional dependency /home/greg/example-app/node_modules/@rollup/rollup-android-arm-eabi
45 silly reify mark deleted [
45 silly reify   '/home/greg/example-app/node_modules/@rollup/rollup-android-arm-eabi'
45 silly reify ]
46 verbose reify failed optional dependency /home/greg/example-app/node_modules/@esbuild/win32-x64
47 silly reify mark deleted [ '/home/greg/example-app/node_modules/@esbuild/win32-x64' ]
48 verbose reify failed optional dependency /home/greg/example-app/node_modules/@esbuild/win32-ia32
49 silly reify mark deleted [ '/home/greg/example-app/node_modules/@esbuild/win32-ia32' ]
50 verbose reify failed optional dependency /home/greg/example-app/node_modules/@esbuild/win32-arm64
51 silly reify mark deleted [ '/home/greg/example-app/node_modules/@esbuild/win32-arm64' ]
52 verbose reify failed optional dependency /home/greg/example-app/node_modules/@esbuild/sunos-x64
53 silly reify mark deleted [ '/home/greg/example-app/node_modules/@esbuild/sunos-x64' ]
54 verbose reify failed optional dependency /home/greg/example-app/node_modules/@esbuild/openbsd-x64
55 silly reify mark deleted [ '/home/greg/example-app/node_modules/@esbuild/openbsd-x64' ]
56 verbose reify failed optional dependency /home/greg/example-app/node_modules/@esbuild/netbsd-x64
57 silly reify mark deleted [ '/home/greg/example-app/node_modules/@esbuild/netbsd-x64' ]
58 verbose reify failed optional dependency /home/greg/example-app/node_modules/@esbuild/linux-s390x
59 silly reify mark deleted [ '/home/greg/example-app/node_modules/@esbuild/linux-s390x' ]
60 verbose reify failed optional dependency /home/greg/example-app/node_modules/@esbuild/linux-riscv64
61 silly reify mark deleted [ '/home/greg/example-app/node_modules/@esbuild/linux-riscv64' ]
62 verbose reify failed optional dependency /home/greg/example-app/node_modules/@esbuild/linux-ppc64
63 silly reify mark deleted [ '/home/greg/example-app/node_modules/@esbuild/linux-ppc64' ]
64 verbose reify failed optional dependency /home/greg/example-app/node_modules/@esbuild/linux-mips64el
65 silly reify mark deleted [ '/home/greg/example-app/node_modules/@esbuild/linux-mips64el' ]
66 verbose reify failed optional dependency /home/greg/example-app/node_modules/@esbuild/linux-loong64
67 silly reify mark deleted [ '/home/greg/example-app/node_modules/@esbuild/linux-loong64' ]
68 verbose reify failed optional dependency /home/greg/example-app/node_modules/@esbuild/linux-ia32
69 silly reify mark deleted [ '/home/greg/example-app/node_modules/@esbuild/linux-ia32' ]
70 verbose reify failed optional dependency /home/greg/example-app/node_modules/@esbuild/linux-arm64
71 silly reify mark deleted [ '/home/greg/example-app/node_modules/@esbuild/linux-arm64' ]
72 verbose reify failed optional dependency /home/greg/example-app/node_modules/@esbuild/linux-arm
73 silly reify mark deleted [ '/home/greg/example-app/node_modules/@esbuild/linux-arm' ]
74 verbose reify failed optional dependency /home/greg/example-app/node_modules/@esbuild/freebsd-x64
75 silly reify mark deleted [ '/home/greg/example-app/node_modules/@esbuild/freebsd-x64' ]
76 verbose reify failed optional dependency /home/greg/example-app/node_modules/@esbuild/freebsd-arm64
77 silly reify mark deleted [ '/home/greg/example-app/node_modules/@esbuild/freebsd-arm64' ]
78 verbose reify failed optional dependency /home/greg/example-app/node_modules/@esbuild/darwin-x64
79 silly reify mark deleted [ '/home/greg/example-app/node_modules/@esbuild/darwin-x64' ]
80 verbose reify failed optional dependency /home/greg/example-app/node_modules/@esbuild/darwin-arm64
81 silly reify mark deleted [ '/home/greg/example-app/node_modules/@esbuild/darwin-arm64' ]
82 verbose reify failed optional dependency /home/greg/example-app/node_modules/@esbuild/android-x64
83 silly reify mark deleted [ '/home/greg/example-app/node_modules/@esbuild/android-x64' ]
84 verbose reify failed optional dependency /home/greg/example-app/node_modules/@esbuild/android-arm64
85 silly reify mark deleted [ '/home/greg/example-app/node_modules/@esbuild/android-arm64' ]
86 verbose reify failed optional dependency /home/greg/example-app/node_modules/@esbuild/android-arm
87 silly reify mark deleted [ '/home/greg/example-app/node_modules/@esbuild/android-arm' ]
88 verbose reify failed optional dependency /home/greg/example-app/node_modules/@esbuild/aix-ppc64
89 silly reify mark deleted [ '/home/greg/example-app/node_modules/@esbuild/aix-ppc64' ]
90 silly tarball no local data for @rollup/rollup-linux-x64-musl@https://registry.npmjs.org/@rollup/rollup-linux-x64-musl/-/rollup-linux-x64-musl-4.22.4.tgz. Extracting by manifest.
91 http fetch GET 200 https://registry.npmjs.org/@rollup/rollup-linux-x64-musl/-/rollup-linux-x64-musl-4.22.4.tgz 211ms (cache miss)
92 http fetch POST 200 https://registry.npmjs.org/-/npm/v1/security/advisories/bulk 308ms
93 silly audit report {}
94 silly ADD
95 silly ADD
96 silly ADD
97 silly ADD
98 silly ADD node_modules/@rollup/rollup-linux-x64-musl
99 silly ADD
100 silly ADD
101 silly ADD
102 silly ADD
103 silly ADD
104 silly ADD
105 silly ADD
106 silly ADD
107 silly ADD
108 silly ADD
109 silly ADD
110 silly ADD
111 silly ADD
112 silly ADD
113 silly ADD
114 silly ADD
115 silly ADD
116 silly ADD
117 silly ADD
118 silly ADD
119 silly ADD
120 silly ADD
121 silly ADD
122 silly ADD
123 silly ADD
124 silly ADD
125 silly ADD
126 silly ADD
127 silly ADD
128 silly ADD
129 silly ADD
130 silly ADD
131 silly ADD
132 verbose cwd /home/greg/example-app
133 verbose os Linux 5.15.153.1-microsoft-standard-WSL2
134 verbose node v20.17.0
135 verbose npm  v10.8.2
136 verbose exit 0
137 info ok
