0 verbose cli /home/greg/.nvm/versions/node/v20.17.0/bin/node /home/greg/.nvm/versions/node/v20.17.0/bin/npm
1 info using npm@10.8.2
2 info using node@v20.17.0
3 silly config load:file:/home/greg/.nvm/versions/node/v20.17.0/lib/node_modules/npm/npmrc
4 silly config load:file:/home/greg/.cache/typescript/5.6/.npmrc
5 silly config load:file:/home/greg/.npmrc
6 silly config load:file:/home/greg/.nvm/versions/node/v20.17.0/etc/npmrc
7 verbose title npm install types-registry@latest
8 verbose argv "install" "--ignore-scripts" "types-registry@latest"
9 verbose logfile logs-max:10 dir:/home/greg/.npm/_logs/2024-11-06T17_11_35_656Z-
10 verbose logfile /home/greg/.npm/_logs/2024-11-06T17_11_35_656Z-debug-0.log
11 silly packumentCache heap:2197815296 maxSize:549453824 maxEntrySize:274726912
12 silly logfile done cleaning log files
13 silly packumentCache corgi:https://registry.npmjs.org/types-registry cache-miss
14 http fetch GET 200 https://registry.npmjs.org/npm 259ms
15 http fetch GET 200 https://registry.npmjs.org/types-registry 236ms (cache miss)
16 silly packumentCache corgi:https://registry.npmjs.org/types-registry set size:undefined disposed:false
17 silly idealTree buildDeps
18 silly fetch manifest types-registry@0.1.693
19 silly packumentCache full:https://registry.npmjs.org/types-registry cache-miss
20 http fetch GET 200 https://registry.npmjs.org/types-registry 113ms (cache miss)
21 silly packumentCache full:https://registry.npmjs.org/types-registry set size:undefined disposed:false
22 silly placeDep ROOT types-registry@0.1.693 OK for:  want: 0.1.693
23 silly reify moves {}
24 silly audit bulk request { 'types-registry': [ '0.1.693' ] }
25 silly tarball no local data for types-registry@https://registry.npmjs.org/types-registry/-/types-registry-0.1.693.tgz. Extracting by manifest.
26 http fetch GET 200 https://registry.npmjs.org/types-registry/-/types-registry-0.1.693.tgz 94ms (cache miss)
27 http fetch POST 200 https://registry.npmjs.org/-/npm/v1/security/advisories/bulk 190ms
28 silly audit report {}
29 silly ADD node_modules/types-registry
30 verbose cwd /home/greg/.cache/typescript/5.6
31 verbose os Linux 5.15.153.1-microsoft-standard-WSL2
32 verbose node v20.17.0
33 verbose npm  v10.8.2
34 notice
34 notice New minor version of npm available! 10.8.2 -> 10.9.0
34 notice Changelog: https://github.com/npm/cli/releases/tag/v10.9.0
34 notice To update run: npm install -g npm@10.9.0
34 notice  { force: true, [Symbol(proc-log.meta)]: true }
35 verbose exit 0
36 info ok
