2024-11-07 17:43:52.125 [info] [main] Log level: Info
2024-11-07 17:43:52.125 [info] [main] Validating found git in: "git"
2024-11-07 17:43:52.125 [info] [main] Using git "2.34.1" from "git"
2024-11-07 17:43:52.125 [info] [Model][doInitialScan] Initial repository scan started
2024-11-07 17:43:52.148 [info] > git rev-parse --show-toplevel [23ms]
2024-11-07 17:43:52.151 [info] > git rev-parse --git-dir --git-common-dir [1ms]
2024-11-07 17:43:52.171 [info] [Model][openRepository] Opened repository: /home/greg
2024-11-07 17:43:52.181 [info] > git config --get commit.template [4ms]
2024-11-07 17:43:52.182 [info] > git rev-parse --show-toplevel [4ms]
2024-11-07 17:43:52.186 [info] [Git][getRemotes] No remotes found in the git config file
2024-11-07 17:43:52.190 [info] > git rev-parse --show-toplevel [2ms]
2024-11-07 17:43:52.196 [info] > git rev-parse --show-toplevel [4ms]
2024-11-07 17:43:52.197 [info] > git for-each-ref --format=%(refname)%00%(upstream:short)%00%(objectname)%00%(upstream:track)%00%(upstream:remotename)%00%(upstream:remoteref) refs/heads/master refs/remotes/master [11ms]
2024-11-07 17:43:52.208 [info] > git rev-parse --show-toplevel [1ms]
2024-11-07 17:43:52.212 [info] > git rev-parse --show-toplevel [1ms]
2024-11-07 17:43:52.216 [info] > git rev-parse --show-toplevel [2ms]
2024-11-07 17:43:52.219 [info] > git for-each-ref --sort -committerdate --format %(refname) %(objectname) %(*objectname) [15ms]
2024-11-07 17:43:52.250 [info] > git rev-parse --show-toplevel [32ms]
2024-11-07 17:43:52.253 [info] > git rev-parse --git-dir --git-common-dir [1ms]
2024-11-07 17:43:52.258 [info] [Model][openRepository] Opened repository: /home/greg/.nvm
2024-11-07 17:43:52.265 [info] > git config --get commit.template [3ms]
2024-11-07 17:43:52.265 [info] > git rev-parse --show-toplevel [2ms]
2024-11-07 17:43:52.273 [info] > git rev-parse --show-toplevel [1ms]
2024-11-07 17:43:52.276 [info] > git rev-parse --show-toplevel [2ms]
2024-11-07 17:43:52.280 [info] [Model][doInitialScan] Initial repository scan completed - repositories (2), closed repositories (0), parent repositories (0), unsafe repositories (0)
2024-11-07 17:43:52.303 [info] > git for-each-ref --format %(refname) %(objectname) %(*objectname) refs/tags [35ms]
2024-11-07 17:43:52.373 [info] > git for-each-ref --sort -committerdate --format %(refname) %(objectname) %(*objectname) [64ms]
2024-11-07 17:43:52.379 [info] > git status -z -uall [74ms]
2024-11-07 17:43:52.493 [info] > git status -z -uall [292ms]
2024-11-07 17:43:52.528 [info] > git for-each-ref --format=%(refname)%00%(upstream:short)%00%(objectname)%00%(upstream:track)%00%(upstream:remotename)%00%(upstream:remoteref) refs/heads/master refs/remotes/master [22ms]
2024-11-07 17:43:52.532 [info] > git config --get commit.template [38ms]
2024-11-07 17:43:52.533 [info] > git config --local branch.master.vscode-merge-base [2ms]
2024-11-07 17:43:52.533 [warning] [Git][config] git config failed: Failed to execute git
2024-11-07 17:43:52.536 [info] > git config --get commit.template [8ms]
2024-11-07 17:43:52.543 [info] [Git][getRemotes] No remotes found in the git config file
2024-11-07 17:43:52.544 [info] > git for-each-ref --format %(refname) %(objectname) %(*objectname) refs/tags [4ms]
2024-11-07 17:43:52.552 [info] > git status -z -uall [6ms]
2024-11-07 17:43:52.552 [info] > git for-each-ref --format=%(refname)%00%(upstream:short)%00%(objectname)%00%(upstream:track)%00%(upstream:remotename)%00%(upstream:remoteref) refs/heads/master refs/remotes/master [9ms]
2024-11-07 17:43:52.560 [info] > git for-each-ref --sort -committerdate --format %(refname) %(objectname) %(*objectname) [10ms]
2024-11-07 17:43:52.562 [info] > git for-each-ref --sort -committerdate --format %(refname) %(objectname) %(*objectname) [3ms]
2024-11-07 17:43:52.588 [info] > git reflog master --grep-reflog=branch: Created from *. [52ms]
2024-11-07 17:43:52.592 [info] > git symbolic-ref --short refs/remotes/origin/HEAD [2ms]
2024-11-07 17:43:52.592 [info] fatal: ref refs/remotes/origin/HEAD is not a symbolic ref
2024-11-07 17:43:52.592 [warning] [Repository][getDefaultBranch] Failed to get default branch details: Failed to execute git.
2024-11-07 17:43:52.606 [info] > git status -z -uall [51ms]
2024-11-07 17:43:53.037 [info] > git check-ignore -v -z --stdin [14ms]
2024-11-07 17:43:53.039 [info] > git show --textconv :example-app/database/migrations/2024_10_03_152617_create_reviews_table.php [10ms]
2024-11-07 17:43:53.042 [info] > git ls-files --stage -- /home/greg/example-app/database/migrations/2024_10_03_152617_create_reviews_table.php [10ms]
2024-11-07 17:43:53.045 [info] > git cat-file -s 2b79407d65fa5f17f8a485d4f5f9a5def43b027b [1ms]
2024-11-07 17:44:00.066 [info] [Git][getRemotes] No remotes found in the git config file
2024-11-07 17:44:00.066 [info] > git config --get commit.template [3ms]
2024-11-07 17:44:00.067 [info] > git for-each-ref --format=%(refname)%00%(upstream:short)%00%(objectname)%00%(upstream:track)%00%(upstream:remotename)%00%(upstream:remoteref) refs/heads/master refs/remotes/master [2ms]
2024-11-07 17:44:00.073 [info] > git for-each-ref --sort -committerdate --format %(refname) %(objectname) %(*objectname) [2ms]
2024-11-07 17:44:00.107 [info] > git status -z -uall [38ms]
2024-11-07 17:44:05.115 [info] [Git][getRemotes] No remotes found in the git config file
2024-11-07 17:44:05.116 [info] > git config --get commit.template [2ms]
2024-11-07 17:44:05.116 [info] > git for-each-ref --format=%(refname)%00%(upstream:short)%00%(objectname)%00%(upstream:track)%00%(upstream:remotename)%00%(upstream:remoteref) refs/heads/master refs/remotes/master [1ms]
2024-11-07 17:44:05.121 [info] > git for-each-ref --sort -committerdate --format %(refname) %(objectname) %(*objectname) [1ms]
2024-11-07 17:44:05.143 [info] > git status -z -uall [25ms]
2024-11-07 17:44:10.148 [info] [Git][getRemotes] No remotes found in the git config file
2024-11-07 17:44:10.149 [info] > git config --get commit.template [2ms]
2024-11-07 17:44:10.149 [info] > git for-each-ref --format=%(refname)%00%(upstream:short)%00%(objectname)%00%(upstream:track)%00%(upstream:remotename)%00%(upstream:remoteref) refs/heads/master refs/remotes/master [1ms]
2024-11-07 17:44:10.154 [info] > git for-each-ref --sort -committerdate --format %(refname) %(objectname) %(*objectname) [2ms]
2024-11-07 17:44:10.173 [info] > git status -z -uall [23ms]
2024-11-07 17:44:15.182 [info] [Git][getRemotes] No remotes found in the git config file
2024-11-07 17:44:15.183 [info] > git config --get commit.template [4ms]
2024-11-07 17:44:15.184 [info] > git for-each-ref --format=%(refname)%00%(upstream:short)%00%(objectname)%00%(upstream:track)%00%(upstream:remotename)%00%(upstream:remoteref) refs/heads/master refs/remotes/master [2ms]
2024-11-07 17:44:15.190 [info] > git for-each-ref --sort -committerdate --format %(refname) %(objectname) %(*objectname) [1ms]
2024-11-07 17:44:15.224 [info] > git status -z -uall [37ms]
2024-11-07 17:44:20.233 [info] [Git][getRemotes] No remotes found in the git config file
2024-11-07 17:44:20.233 [info] > git config --get commit.template [3ms]
2024-11-07 17:44:20.234 [info] > git for-each-ref --format=%(refname)%00%(upstream:short)%00%(objectname)%00%(upstream:track)%00%(upstream:remotename)%00%(upstream:remoteref) refs/heads/master refs/remotes/master [2ms]
2024-11-07 17:44:20.240 [info] > git for-each-ref --sort -committerdate --format %(refname) %(objectname) %(*objectname) [1ms]
2024-11-07 17:44:20.270 [info] > git status -z -uall [34ms]
2024-11-07 17:44:25.276 [info] > git config --get commit.template [2ms]
2024-11-07 17:44:25.276 [info] [Git][getRemotes] No remotes found in the git config file
2024-11-07 17:44:25.277 [info] > git for-each-ref --format=%(refname)%00%(upstream:short)%00%(objectname)%00%(upstream:track)%00%(upstream:remotename)%00%(upstream:remoteref) refs/heads/master refs/remotes/master [1ms]
2024-11-07 17:44:25.282 [info] > git for-each-ref --sort -committerdate --format %(refname) %(objectname) %(*objectname) [1ms]
2024-11-07 17:44:25.303 [info] > git status -z -uall [25ms]
2024-11-07 17:44:30.311 [info] [Git][getRemotes] No remotes found in the git config file
2024-11-07 17:44:30.311 [info] > git config --get commit.template [3ms]
2024-11-07 17:44:30.311 [info] > git for-each-ref --format=%(refname)%00%(upstream:short)%00%(objectname)%00%(upstream:track)%00%(upstream:remotename)%00%(upstream:remoteref) refs/heads/master refs/remotes/master [0ms]
2024-11-07 17:44:30.316 [info] > git for-each-ref --sort -committerdate --format %(refname) %(objectname) %(*objectname) [2ms]
2024-11-07 17:44:30.336 [info] > git status -z -uall [23ms]
2024-11-07 17:44:35.342 [info] [Git][getRemotes] No remotes found in the git config file
2024-11-07 17:44:35.342 [info] > git config --get commit.template [2ms]
2024-11-07 17:44:35.342 [info] > git for-each-ref --format=%(refname)%00%(upstream:short)%00%(objectname)%00%(upstream:track)%00%(upstream:remotename)%00%(upstream:remoteref) refs/heads/master refs/remotes/master [0ms]
2024-11-07 17:44:35.347 [info] > git for-each-ref --sort -committerdate --format %(refname) %(objectname) %(*objectname) [1ms]
2024-11-07 17:44:35.366 [info] > git status -z -uall [22ms]
2024-11-07 17:44:40.370 [info] > git config --get commit.template [1ms]
2024-11-07 17:44:40.372 [info] [Git][getRemotes] No remotes found in the git config file
2024-11-07 17:44:40.372 [info] > git for-each-ref --format=%(refname)%00%(upstream:short)%00%(objectname)%00%(upstream:track)%00%(upstream:remotename)%00%(upstream:remoteref) refs/heads/master refs/remotes/master [0ms]
2024-11-07 17:44:40.377 [info] > git for-each-ref --sort -committerdate --format %(refname) %(objectname) %(*objectname) [2ms]
2024-11-07 17:44:40.395 [info] > git status -z -uall [21ms]
2024-11-07 17:44:45.400 [info] [Git][getRemotes] No remotes found in the git config file
2024-11-07 17:44:45.401 [info] > git config --get commit.template [2ms]
2024-11-07 17:44:45.401 [info] > git for-each-ref --format=%(refname)%00%(upstream:short)%00%(objectname)%00%(upstream:track)%00%(upstream:remotename)%00%(upstream:remoteref) refs/heads/master refs/remotes/master [1ms]
2024-11-07 17:44:45.405 [info] > git for-each-ref --sort -committerdate --format %(refname) %(objectname) %(*objectname) [1ms]
2024-11-07 17:44:45.423 [info] > git status -z -uall [21ms]
2024-11-07 17:44:50.430 [info] [Git][getRemotes] No remotes found in the git config file
2024-11-07 17:44:50.431 [info] > git config --get commit.template [3ms]
2024-11-07 17:44:50.432 [info] > git for-each-ref --format=%(refname)%00%(upstream:short)%00%(objectname)%00%(upstream:track)%00%(upstream:remotename)%00%(upstream:remoteref) refs/heads/master refs/remotes/master [2ms]
2024-11-07 17:44:50.437 [info] > git for-each-ref --sort -committerdate --format %(refname) %(objectname) %(*objectname) [1ms]
2024-11-07 17:44:50.456 [info] > git status -z -uall [23ms]
2024-11-07 17:44:55.462 [info] [Git][getRemotes] No remotes found in the git config file
2024-11-07 17:44:55.462 [info] > git config --get commit.template [2ms]
2024-11-07 17:44:55.463 [info] > git for-each-ref --format=%(refname)%00%(upstream:short)%00%(objectname)%00%(upstream:track)%00%(upstream:remotename)%00%(upstream:remoteref) refs/heads/master refs/remotes/master [1ms]
2024-11-07 17:44:55.467 [info] > git for-each-ref --sort -committerdate --format %(refname) %(objectname) %(*objectname) [1ms]
2024-11-07 17:44:55.486 [info] > git status -z -uall [22ms]
2024-11-07 17:45:00.492 [info] [Git][getRemotes] No remotes found in the git config file
2024-11-07 17:45:00.493 [info] > git config --get commit.template [3ms]
2024-11-07 17:45:00.493 [info] > git for-each-ref --format=%(refname)%00%(upstream:short)%00%(objectname)%00%(upstream:track)%00%(upstream:remotename)%00%(upstream:remoteref) refs/heads/master refs/remotes/master [1ms]
2024-11-07 17:45:00.498 [info] > git for-each-ref --sort -committerdate --format %(refname) %(objectname) %(*objectname) [1ms]
2024-11-07 17:45:00.518 [info] > git status -z -uall [23ms]
2024-11-07 17:45:05.525 [info] [Git][getRemotes] No remotes found in the git config file
2024-11-07 17:45:05.525 [info] > git config --get commit.template [2ms]
2024-11-07 17:45:05.525 [info] > git for-each-ref --format=%(refname)%00%(upstream:short)%00%(objectname)%00%(upstream:track)%00%(upstream:remotename)%00%(upstream:remoteref) refs/heads/master refs/remotes/master [0ms]
2024-11-07 17:45:05.530 [info] > git for-each-ref --sort -committerdate --format %(refname) %(objectname) %(*objectname) [2ms]
2024-11-07 17:45:05.550 [info] > git status -z -uall [23ms]
2024-11-07 17:45:10.554 [info] [Git][getRemotes] No remotes found in the git config file
2024-11-07 17:45:10.556 [info] > git config --get commit.template [2ms]
2024-11-07 17:45:10.556 [info] > git for-each-ref --format=%(refname)%00%(upstream:short)%00%(objectname)%00%(upstream:track)%00%(upstream:remotename)%00%(upstream:remoteref) refs/heads/master refs/remotes/master [0ms]
2024-11-07 17:45:10.561 [info] > git for-each-ref --sort -committerdate --format %(refname) %(objectname) %(*objectname) [2ms]
2024-11-07 17:45:10.580 [info] > git status -z -uall [22ms]
2024-11-07 17:45:15.586 [info] > git config --get commit.template [1ms]
2024-11-07 17:45:15.587 [info] [Git][getRemotes] No remotes found in the git config file
2024-11-07 17:45:15.588 [info] > git for-each-ref --format=%(refname)%00%(upstream:short)%00%(objectname)%00%(upstream:track)%00%(upstream:remotename)%00%(upstream:remoteref) refs/heads/master refs/remotes/master [1ms]
2024-11-07 17:45:15.593 [info] > git for-each-ref --sort -committerdate --format %(refname) %(objectname) %(*objectname) [2ms]
2024-11-07 17:45:15.612 [info] > git status -z -uall [22ms]
2024-11-07 17:45:20.618 [info] [Git][getRemotes] No remotes found in the git config file
2024-11-07 17:45:20.618 [info] > git config --get commit.template [2ms]
2024-11-07 17:45:20.618 [info] > git for-each-ref --format=%(refname)%00%(upstream:short)%00%(objectname)%00%(upstream:track)%00%(upstream:remotename)%00%(upstream:remoteref) refs/heads/master refs/remotes/master [1ms]
2024-11-07 17:45:20.622 [info] > git for-each-ref --sort -committerdate --format %(refname) %(objectname) %(*objectname) [1ms]
2024-11-07 17:45:20.641 [info] > git status -z -uall [21ms]
2024-11-07 17:45:25.647 [info] [Git][getRemotes] No remotes found in the git config file
2024-11-07 17:45:25.647 [info] > git config --get commit.template [2ms]
2024-11-07 17:45:25.648 [info] > git for-each-ref --format=%(refname)%00%(upstream:short)%00%(objectname)%00%(upstream:track)%00%(upstream:remotename)%00%(upstream:remoteref) refs/heads/master refs/remotes/master [1ms]
2024-11-07 17:45:25.652 [info] > git for-each-ref --sort -committerdate --format %(refname) %(objectname) %(*objectname) [2ms]
2024-11-07 17:45:25.671 [info] > git status -z -uall [22ms]
2024-11-07 17:45:32.139 [info] > git config --get commit.template [1ms]
2024-11-07 17:45:32.139 [info] [Git][getRemotes] No remotes found in the git config file
2024-11-07 17:45:32.141 [info] > git for-each-ref --format=%(refname)%00%(upstream:short)%00%(objectname)%00%(upstream:track)%00%(upstream:remotename)%00%(upstream:remoteref) refs/heads/master refs/remotes/master [1ms]
2024-11-07 17:45:32.145 [info] > git for-each-ref --sort -committerdate --format %(refname) %(objectname) %(*objectname) [1ms]
2024-11-07 17:45:32.165 [info] > git status -z -uall [22ms]
2024-11-07 17:45:38.142 [info] [Git][getRemotes] No remotes found in the git config file
2024-11-07 17:45:38.142 [info] > git config --get commit.template [2ms]
2024-11-07 17:45:38.142 [info] > git for-each-ref --format=%(refname)%00%(upstream:short)%00%(objectname)%00%(upstream:track)%00%(upstream:remotename)%00%(upstream:remoteref) refs/heads/master refs/remotes/master [0ms]
2024-11-07 17:45:38.147 [info] > git for-each-ref --sort -committerdate --format %(refname) %(objectname) %(*objectname) [1ms]
2024-11-07 17:45:38.166 [info] > git status -z -uall [22ms]
2024-11-07 17:45:43.170 [info] > git config --get commit.template [1ms]
2024-11-07 17:45:43.172 [info] [Git][getRemotes] No remotes found in the git config file
2024-11-07 17:45:43.172 [info] > git for-each-ref --format=%(refname)%00%(upstream:short)%00%(objectname)%00%(upstream:track)%00%(upstream:remotename)%00%(upstream:remoteref) refs/heads/master refs/remotes/master [0ms]
2024-11-07 17:45:43.177 [info] > git for-each-ref --sort -committerdate --format %(refname) %(objectname) %(*objectname) [2ms]
2024-11-07 17:45:43.196 [info] > git status -z -uall [23ms]
2024-11-07 17:45:48.203 [info] [Git][getRemotes] No remotes found in the git config file
2024-11-07 17:45:48.203 [info] > git config --get commit.template [2ms]
2024-11-07 17:45:48.203 [info] > git for-each-ref --format=%(refname)%00%(upstream:short)%00%(objectname)%00%(upstream:track)%00%(upstream:remotename)%00%(upstream:remoteref) refs/heads/master refs/remotes/master [1ms]
2024-11-07 17:45:48.207 [info] > git for-each-ref --sort -committerdate --format %(refname) %(objectname) %(*objectname) [1ms]
2024-11-07 17:45:48.227 [info] > git status -z -uall [22ms]
2024-11-07 17:45:53.233 [info] [Git][getRemotes] No remotes found in the git config file
2024-11-07 17:45:53.233 [info] > git config --get commit.template [2ms]
2024-11-07 17:45:53.233 [info] > git for-each-ref --format=%(refname)%00%(upstream:short)%00%(objectname)%00%(upstream:track)%00%(upstream:remotename)%00%(upstream:remoteref) refs/heads/master refs/remotes/master [1ms]
2024-11-07 17:45:53.237 [info] > git for-each-ref --sort -committerdate --format %(refname) %(objectname) %(*objectname) [1ms]
2024-11-07 17:45:53.258 [info] > git status -z -uall [24ms]
2024-11-07 17:45:58.263 [info] [Git][getRemotes] No remotes found in the git config file
2024-11-07 17:45:58.263 [info] > git config --get commit.template [2ms]
2024-11-07 17:45:58.264 [info] > git for-each-ref --format=%(refname)%00%(upstream:short)%00%(objectname)%00%(upstream:track)%00%(upstream:remotename)%00%(upstream:remoteref) refs/heads/master refs/remotes/master [1ms]
2024-11-07 17:45:58.268 [info] > git for-each-ref --sort -committerdate --format %(refname) %(objectname) %(*objectname) [1ms]
2024-11-07 17:45:58.287 [info] > git status -z -uall [21ms]
2024-11-07 17:46:03.291 [info] [Git][getRemotes] No remotes found in the git config file
2024-11-07 17:46:03.292 [info] > git config --get commit.template [3ms]
2024-11-07 17:46:03.292 [info] > git for-each-ref --format=%(refname)%00%(upstream:short)%00%(objectname)%00%(upstream:track)%00%(upstream:remotename)%00%(upstream:remoteref) refs/heads/master refs/remotes/master [1ms]
2024-11-07 17:46:03.297 [info] > git for-each-ref --sort -committerdate --format %(refname) %(objectname) %(*objectname) [1ms]
2024-11-07 17:46:03.315 [info] > git status -z -uall [21ms]
2024-11-07 17:46:08.322 [info] [Git][getRemotes] No remotes found in the git config file
2024-11-07 17:46:08.322 [info] > git config --get commit.template [2ms]
2024-11-07 17:46:08.323 [info] > git for-each-ref --format=%(refname)%00%(upstream:short)%00%(objectname)%00%(upstream:track)%00%(upstream:remotename)%00%(upstream:remoteref) refs/heads/master refs/remotes/master [1ms]
2024-11-07 17:46:08.328 [info] > git for-each-ref --sort -committerdate --format %(refname) %(objectname) %(*objectname) [2ms]
2024-11-07 17:46:08.348 [info] > git status -z -uall [24ms]
2024-11-07 17:46:13.354 [info] [Git][getRemotes] No remotes found in the git config file
2024-11-07 17:46:13.355 [info] > git config --get commit.template [3ms]
2024-11-07 17:46:13.355 [info] > git for-each-ref --format=%(refname)%00%(upstream:short)%00%(objectname)%00%(upstream:track)%00%(upstream:remotename)%00%(upstream:remoteref) refs/heads/master refs/remotes/master [1ms]
2024-11-07 17:46:13.360 [info] > git for-each-ref --sort -committerdate --format %(refname) %(objectname) %(*objectname) [2ms]
2024-11-07 17:46:13.378 [info] > git status -z -uall [21ms]
2024-11-07 17:46:18.385 [info] [Git][getRemotes] No remotes found in the git config file
2024-11-07 17:46:18.385 [info] > git config --get commit.template [2ms]
2024-11-07 17:46:18.386 [info] > git for-each-ref --format=%(refname)%00%(upstream:short)%00%(objectname)%00%(upstream:track)%00%(upstream:remotename)%00%(upstream:remoteref) refs/heads/master refs/remotes/master [1ms]
2024-11-07 17:46:18.390 [info] > git for-each-ref --sort -committerdate --format %(refname) %(objectname) %(*objectname) [1ms]
2024-11-07 17:46:18.409 [info] > git status -z -uall [22ms]
2024-11-07 17:46:23.414 [info] [Git][getRemotes] No remotes found in the git config file
2024-11-07 17:46:23.415 [info] > git config --get commit.template [2ms]
2024-11-07 17:46:23.415 [info] > git for-each-ref --format=%(refname)%00%(upstream:short)%00%(objectname)%00%(upstream:track)%00%(upstream:remotename)%00%(upstream:remoteref) refs/heads/master refs/remotes/master [1ms]
2024-11-07 17:46:23.420 [info] > git for-each-ref --sort -committerdate --format %(refname) %(objectname) %(*objectname) [1ms]
2024-11-07 17:46:23.439 [info] > git status -z -uall [22ms]
2024-11-07 17:46:28.444 [info] > git config --get commit.template [1ms]
2024-11-07 17:46:28.445 [info] [Git][getRemotes] No remotes found in the git config file
2024-11-07 17:46:28.446 [info] > git for-each-ref --format=%(refname)%00%(upstream:short)%00%(objectname)%00%(upstream:track)%00%(upstream:remotename)%00%(upstream:remoteref) refs/heads/master refs/remotes/master [1ms]
2024-11-07 17:46:28.450 [info] > git for-each-ref --sort -committerdate --format %(refname) %(objectname) %(*objectname) [1ms]
2024-11-07 17:46:28.470 [info] > git status -z -uall [23ms]
2024-11-07 17:46:33.477 [info] [Git][getRemotes] No remotes found in the git config file
2024-11-07 17:46:33.477 [info] > git config --get commit.template [2ms]
2024-11-07 17:46:33.478 [info] > git for-each-ref --format=%(refname)%00%(upstream:short)%00%(objectname)%00%(upstream:track)%00%(upstream:remotename)%00%(upstream:remoteref) refs/heads/master refs/remotes/master [1ms]
2024-11-07 17:46:33.483 [info] > git for-each-ref --sort -committerdate --format %(refname) %(objectname) %(*objectname) [1ms]
2024-11-07 17:46:33.504 [info] > git status -z -uall [24ms]
2024-11-07 17:46:38.510 [info] [Git][getRemotes] No remotes found in the git config file
2024-11-07 17:46:38.510 [info] > git config --get commit.template [3ms]
2024-11-07 17:46:38.510 [info] > git for-each-ref --format=%(refname)%00%(upstream:short)%00%(objectname)%00%(upstream:track)%00%(upstream:remotename)%00%(upstream:remoteref) refs/heads/master refs/remotes/master [1ms]
2024-11-07 17:46:38.515 [info] > git for-each-ref --sort -committerdate --format %(refname) %(objectname) %(*objectname) [2ms]
2024-11-07 17:46:38.535 [info] > git status -z -uall [23ms]
2024-11-07 17:47:11.595 [info] [Git][getRemotes] No remotes found in the git config file
2024-11-07 17:47:11.596 [info] > git config --get commit.template [4ms]
2024-11-07 17:47:11.596 [info] > git for-each-ref --format=%(refname)%00%(upstream:short)%00%(objectname)%00%(upstream:track)%00%(upstream:remotename)%00%(upstream:remoteref) refs/heads/master refs/remotes/master [1ms]
2024-11-07 17:47:11.604 [info] > git for-each-ref --sort -committerdate --format %(refname) %(objectname) %(*objectname) [2ms]
2024-11-07 17:47:11.628 [info] > git status -z -uall [29ms]
2024-11-07 17:47:16.633 [info] [Git][getRemotes] No remotes found in the git config file
2024-11-07 17:47:16.633 [info] > git config --get commit.template [2ms]
2024-11-07 17:47:16.634 [info] > git for-each-ref --format=%(refname)%00%(upstream:short)%00%(objectname)%00%(upstream:track)%00%(upstream:remotename)%00%(upstream:remoteref) refs/heads/master refs/remotes/master [1ms]
2024-11-07 17:47:16.638 [info] > git for-each-ref --sort -committerdate --format %(refname) %(objectname) %(*objectname) [0ms]
2024-11-07 17:47:16.657 [info] > git status -z -uall [22ms]
2024-11-07 17:47:21.662 [info] [Git][getRemotes] No remotes found in the git config file
2024-11-07 17:47:21.662 [info] > git config --get commit.template [2ms]
2024-11-07 17:47:21.663 [info] > git for-each-ref --format=%(refname)%00%(upstream:short)%00%(objectname)%00%(upstream:track)%00%(upstream:remotename)%00%(upstream:remoteref) refs/heads/master refs/remotes/master [1ms]
2024-11-07 17:47:21.667 [info] > git for-each-ref --sort -committerdate --format %(refname) %(objectname) %(*objectname) [1ms]
2024-11-07 17:47:21.686 [info] > git status -z -uall [22ms]
2024-11-07 17:47:26.693 [info] [Git][getRemotes] No remotes found in the git config file
2024-11-07 17:47:26.693 [info] > git config --get commit.template [2ms]
2024-11-07 17:47:26.694 [info] > git for-each-ref --format=%(refname)%00%(upstream:short)%00%(objectname)%00%(upstream:track)%00%(upstream:remotename)%00%(upstream:remoteref) refs/heads/master refs/remotes/master [1ms]
2024-11-07 17:47:26.698 [info] > git for-each-ref --sort -committerdate --format %(refname) %(objectname) %(*objectname) [1ms]
2024-11-07 17:47:26.719 [info] > git status -z -uall [23ms]
2024-11-07 17:47:31.725 [info] [Git][getRemotes] No remotes found in the git config file
2024-11-07 17:47:31.725 [info] > git config --get commit.template [2ms]
2024-11-07 17:47:31.726 [info] > git for-each-ref --format=%(refname)%00%(upstream:short)%00%(objectname)%00%(upstream:track)%00%(upstream:remotename)%00%(upstream:remoteref) refs/heads/master refs/remotes/master [1ms]
2024-11-07 17:47:31.730 [info] > git for-each-ref --sort -committerdate --format %(refname) %(objectname) %(*objectname) [1ms]
2024-11-07 17:47:31.749 [info] > git status -z -uall [22ms]
2024-11-07 17:47:36.753 [info] [Git][getRemotes] No remotes found in the git config file
2024-11-07 17:47:36.755 [info] > git config --get commit.template [2ms]
2024-11-07 17:47:36.756 [info] > git for-each-ref --format=%(refname)%00%(upstream:short)%00%(objectname)%00%(upstream:track)%00%(upstream:remotename)%00%(upstream:remoteref) refs/heads/master refs/remotes/master [1ms]
2024-11-07 17:47:36.760 [info] > git for-each-ref --sort -committerdate --format %(refname) %(objectname) %(*objectname) [1ms]
2024-11-07 17:47:36.780 [info] > git status -z -uall [23ms]
2024-11-07 17:47:41.787 [info] [Git][getRemotes] No remotes found in the git config file
2024-11-07 17:47:41.787 [info] > git config --get commit.template [3ms]
2024-11-07 17:47:41.787 [info] > git for-each-ref --format=%(refname)%00%(upstream:short)%00%(objectname)%00%(upstream:track)%00%(upstream:remotename)%00%(upstream:remoteref) refs/heads/master refs/remotes/master [0ms]
2024-11-07 17:47:41.791 [info] > git for-each-ref --sort -committerdate --format %(refname) %(objectname) %(*objectname) [1ms]
2024-11-07 17:47:41.811 [info] > git status -z -uall [22ms]
2024-11-07 17:55:36.731 [info] [Git][getRemotes] No remotes found in the git config file
2024-11-07 17:55:36.745 [info] > git config --get commit.template [15ms]
2024-11-07 17:55:36.747 [info] > git for-each-ref --format=%(refname)%00%(upstream:short)%00%(objectname)%00%(upstream:track)%00%(upstream:remotename)%00%(upstream:remoteref) refs/heads/master refs/remotes/master [14ms]
2024-11-07 17:55:36.755 [info] > git for-each-ref --sort -committerdate --format %(refname) %(objectname) %(*objectname) [4ms]
2024-11-07 17:55:37.206 [info] > git status -z -uall [457ms]
2024-11-07 17:56:12.237 [info] [Git][getRemotes] No remotes found in the git config file
2024-11-07 17:56:12.240 [info] > git config --get commit.template [3ms]
2024-11-07 17:56:12.241 [info] > git for-each-ref --format=%(refname)%00%(upstream:short)%00%(objectname)%00%(upstream:track)%00%(upstream:remotename)%00%(upstream:remoteref) refs/heads/master refs/remotes/master [1ms]
2024-11-07 17:56:12.247 [info] > git for-each-ref --sort -committerdate --format %(refname) %(objectname) %(*objectname) [1ms]
2024-11-07 17:56:12.273 [info] > git status -z -uall [30ms]
2024-11-07 17:56:13.848 [info] > git check-ignore -v -z --stdin [2ms]
2024-11-07 17:56:18.237 [info] [Git][getRemotes] No remotes found in the git config file
2024-11-07 17:56:18.238 [info] > git config --get commit.template [4ms]
2024-11-07 17:56:18.238 [info] > git for-each-ref --format=%(refname)%00%(upstream:short)%00%(objectname)%00%(upstream:track)%00%(upstream:remotename)%00%(upstream:remoteref) refs/heads/master refs/remotes/master [1ms]
2024-11-07 17:56:18.245 [info] > git for-each-ref --sort -committerdate --format %(refname) %(objectname) %(*objectname) [1ms]
2024-11-07 17:56:18.266 [info] > git status -z -uall [25ms]
2024-11-07 17:56:18.673 [info] > git ls-files --stage -- /home/greg/example-app/config/auth.php [1ms]
2024-11-07 17:56:18.675 [info] > git show --textconv :example-app/config/auth.php [5ms]
2024-11-07 17:56:18.676 [info] > git cat-file -s 9548c15de9407839ac1068eb208c008b56e54b52 [1ms]
2024-11-07 17:56:20.984 [info] > git check-ignore -v -z --stdin [3ms]
2024-11-07 17:56:22.951 [info] > git show --textconv :example-app/resources/views/pets/all.blade.php [3ms]
2024-11-07 17:56:22.951 [info] > git ls-files --stage -- /home/greg/example-app/resources/views/pets/all.blade.php [2ms]
2024-11-07 17:56:22.953 [info] > git cat-file -s 5702b3dd917bd1c961ba65e3eea0987082b87589 [1ms]
2024-11-07 17:56:23.271 [info] > git config --get commit.template [1ms]
2024-11-07 17:56:23.272 [info] [Git][getRemotes] No remotes found in the git config file
2024-11-07 17:56:23.273 [info] > git for-each-ref --format=%(refname)%00%(upstream:short)%00%(objectname)%00%(upstream:track)%00%(upstream:remotename)%00%(upstream:remoteref) refs/heads/master refs/remotes/master [1ms]
2024-11-07 17:56:23.277 [info] > git for-each-ref --sort -committerdate --format %(refname) %(objectname) %(*objectname) [1ms]
2024-11-07 17:56:23.296 [info] > git status -z -uall [22ms]
2024-11-07 17:56:27.684 [info] > git check-ignore -v -z --stdin [2ms]
2024-11-07 17:56:28.301 [info] [Git][getRemotes] No remotes found in the git config file
2024-11-07 17:56:28.302 [info] > git config --get commit.template [2ms]
2024-11-07 17:56:28.302 [info] > git for-each-ref --format=%(refname)%00%(upstream:short)%00%(objectname)%00%(upstream:track)%00%(upstream:remotename)%00%(upstream:remoteref) refs/heads/master refs/remotes/master [1ms]
2024-11-07 17:56:28.307 [info] > git for-each-ref --sort -committerdate --format %(refname) %(objectname) %(*objectname) [2ms]
2024-11-07 17:56:28.327 [info] > git status -z -uall [24ms]
2024-11-07 17:56:30.928 [info] > git log --format=%H%n%aN%n%aE%n%at%n%ct%n%P%n%D%n%B -z --shortstat --diff-merges=first-parent -n50 --skip=0 --topo-order --decorate=full --stdin [3774ms]
2024-11-07 18:01:15.472 [info] [Git][getRemotes] No remotes found in the git config file
2024-11-07 18:01:15.486 [info] > git config --get commit.template [14ms]
2024-11-07 18:01:15.488 [info] > git for-each-ref --format=%(refname)%00%(upstream:short)%00%(objectname)%00%(upstream:track)%00%(upstream:remotename)%00%(upstream:remoteref) refs/heads/master refs/remotes/master [14ms]
2024-11-07 18:01:15.496 [info] > git for-each-ref --sort -committerdate --format %(refname) %(objectname) %(*objectname) [4ms]
2024-11-07 18:01:15.721 [info] > git show --textconv :example-app/app/Models/Pet.php [3ms]
2024-11-07 18:01:15.721 [info] > git ls-files --stage -- /home/greg/example-app/app/Models/Pet.php [2ms]
2024-11-07 18:01:15.723 [info] > git cat-file -s b6a2ec8995fe8fc1cd44fa1b09de4464890bf862 [1ms]
2024-11-07 18:01:15.981 [info] > git status -z -uall [491ms]
2024-11-07 18:01:20.726 [info] > git show --textconv :example-app/resources/views/pets/all.blade.php [2ms]
2024-11-07 18:01:20.727 [info] > git ls-files --stage -- /home/greg/example-app/resources/views/pets/all.blade.php [1ms]
2024-11-07 18:01:20.730 [info] > git cat-file -s 5702b3dd917bd1c961ba65e3eea0987082b87589 [0ms]
2024-11-07 18:01:20.986 [info] > git config --get commit.template [1ms]
2024-11-07 18:01:20.988 [info] [Git][getRemotes] No remotes found in the git config file
2024-11-07 18:01:20.990 [info] > git for-each-ref --format=%(refname)%00%(upstream:short)%00%(objectname)%00%(upstream:track)%00%(upstream:remotename)%00%(upstream:remoteref) refs/heads/master refs/remotes/master [2ms]
2024-11-07 18:01:20.994 [info] > git for-each-ref --sort -committerdate --format %(refname) %(objectname) %(*objectname) [1ms]
2024-11-07 18:01:21.022 [info] > git status -z -uall [31ms]
2024-11-07 18:01:24.552 [info] > git show --textconv :example-app/app/Models/Pet.php [2ms]
2024-11-07 18:01:24.553 [info] > git ls-files --stage -- /home/greg/example-app/app/Models/Pet.php [1ms]
2024-11-07 18:01:24.555 [info] > git cat-file -s b6a2ec8995fe8fc1cd44fa1b09de4464890bf862 [1ms]
2024-11-07 18:01:26.028 [info] [Git][getRemotes] No remotes found in the git config file
2024-11-07 18:01:26.028 [info] > git config --get commit.template [2ms]
2024-11-07 18:01:26.028 [info] > git for-each-ref --format=%(refname)%00%(upstream:short)%00%(objectname)%00%(upstream:track)%00%(upstream:remotename)%00%(upstream:remoteref) refs/heads/master refs/remotes/master [0ms]
2024-11-07 18:01:26.033 [info] > git for-each-ref --sort -committerdate --format %(refname) %(objectname) %(*objectname) [2ms]
2024-11-07 18:01:26.055 [info] > git status -z -uall [25ms]
2024-11-07 18:01:31.063 [info] [Git][getRemotes] No remotes found in the git config file
2024-11-07 18:01:31.063 [info] > git config --get commit.template [3ms]
2024-11-07 18:01:31.064 [info] > git for-each-ref --format=%(refname)%00%(upstream:short)%00%(objectname)%00%(upstream:track)%00%(upstream:remotename)%00%(upstream:remoteref) refs/heads/master refs/remotes/master [1ms]
2024-11-07 18:01:31.070 [info] > git for-each-ref --sort -committerdate --format %(refname) %(objectname) %(*objectname) [1ms]
2024-11-07 18:01:31.092 [info] > git status -z -uall [26ms]
2024-11-07 18:01:36.098 [info] [Git][getRemotes] No remotes found in the git config file
2024-11-07 18:01:36.098 [info] > git config --get commit.template [2ms]
2024-11-07 18:01:36.099 [info] > git for-each-ref --format=%(refname)%00%(upstream:short)%00%(objectname)%00%(upstream:track)%00%(upstream:remotename)%00%(upstream:remoteref) refs/heads/master refs/remotes/master [1ms]
2024-11-07 18:01:36.104 [info] > git for-each-ref --sort -committerdate --format %(refname) %(objectname) %(*objectname) [1ms]
2024-11-07 18:01:36.124 [info] > git status -z -uall [24ms]
2024-11-07 18:01:41.131 [info] [Git][getRemotes] No remotes found in the git config file
2024-11-07 18:01:41.131 [info] > git config --get commit.template [2ms]
2024-11-07 18:01:41.131 [info] > git for-each-ref --format=%(refname)%00%(upstream:short)%00%(objectname)%00%(upstream:track)%00%(upstream:remotename)%00%(upstream:remoteref) refs/heads/master refs/remotes/master [0ms]
2024-11-07 18:01:41.136 [info] > git for-each-ref --sort -committerdate --format %(refname) %(objectname) %(*objectname) [1ms]
2024-11-07 18:01:41.157 [info] > git status -z -uall [24ms]
2024-11-07 18:01:46.163 [info] [Git][getRemotes] No remotes found in the git config file
2024-11-07 18:01:46.163 [info] > git config --get commit.template [3ms]
2024-11-07 18:01:46.164 [info] > git for-each-ref --format=%(refname)%00%(upstream:short)%00%(objectname)%00%(upstream:track)%00%(upstream:remotename)%00%(upstream:remoteref) refs/heads/master refs/remotes/master [1ms]
2024-11-07 18:01:46.169 [info] > git for-each-ref --sort -committerdate --format %(refname) %(objectname) %(*objectname) [2ms]
2024-11-07 18:01:46.189 [info] > git status -z -uall [23ms]
2024-11-07 18:01:51.194 [info] > git config --get commit.template [1ms]
2024-11-07 18:01:51.196 [info] [Git][getRemotes] No remotes found in the git config file
2024-11-07 18:01:51.196 [info] > git for-each-ref --format=%(refname)%00%(upstream:short)%00%(objectname)%00%(upstream:track)%00%(upstream:remotename)%00%(upstream:remoteref) refs/heads/master refs/remotes/master [0ms]
2024-11-07 18:01:51.201 [info] > git for-each-ref --sort -committerdate --format %(refname) %(objectname) %(*objectname) [1ms]
2024-11-07 18:01:51.221 [info] > git status -z -uall [23ms]
2024-11-07 18:01:51.909 [info] > git check-ignore -v -z --stdin [2ms]
2024-11-07 18:02:04.221 [info] [Git][getRemotes] No remotes found in the git config file
2024-11-07 18:02:04.222 [info] > git config --get commit.template [3ms]
2024-11-07 18:02:04.222 [info] > git for-each-ref --format=%(refname)%00%(upstream:short)%00%(objectname)%00%(upstream:track)%00%(upstream:remotename)%00%(upstream:remoteref) refs/heads/master refs/remotes/master [1ms]
2024-11-07 18:02:04.228 [info] > git for-each-ref --sort -committerdate --format %(refname) %(objectname) %(*objectname) [1ms]
2024-11-07 18:02:04.254 [info] > git status -z -uall [29ms]
2024-11-07 18:02:05.082 [info] > git check-ignore -v -z --stdin [3ms]
2024-11-07 18:02:05.082 [info] > git check-ignore -v -z --stdin [1ms]
2024-11-07 18:02:08.027 [info] > git show --textconv :example-app/app/Models/Review.php [2ms]
2024-11-07 18:02:08.029 [info] > git ls-files --stage -- /home/greg/example-app/app/Models/Review.php [2ms]
2024-11-07 18:02:08.032 [info] > git cat-file -s 419c15b6e2f9d82e2b2115d8485f80eec0afab21 [1ms]
2024-11-07 18:02:09.261 [info] [Git][getRemotes] No remotes found in the git config file
2024-11-07 18:02:09.261 [info] > git config --get commit.template [3ms]
2024-11-07 18:02:09.262 [info] > git for-each-ref --format=%(refname)%00%(upstream:short)%00%(objectname)%00%(upstream:track)%00%(upstream:remotename)%00%(upstream:remoteref) refs/heads/master refs/remotes/master [1ms]
2024-11-07 18:02:09.266 [info] > git for-each-ref --sort -committerdate --format %(refname) %(objectname) %(*objectname) [1ms]
2024-11-07 18:02:09.285 [info] > git status -z -uall [22ms]
2024-11-07 18:04:33.696 [info] [Git][getRemotes] No remotes found in the git config file
2024-11-07 18:04:33.696 [info] > git config --get commit.template [3ms]
2024-11-07 18:04:33.697 [info] > git for-each-ref --format=%(refname)%00%(upstream:short)%00%(objectname)%00%(upstream:track)%00%(upstream:remotename)%00%(upstream:remoteref) refs/heads/master refs/remotes/master [1ms]
2024-11-07 18:04:33.704 [info] > git for-each-ref --sort -committerdate --format %(refname) %(objectname) %(*objectname) [2ms]
2024-11-07 18:04:33.726 [info] > git status -z -uall [27ms]
2024-11-07 18:04:34.082 [info] > git show --textconv :example-app/app/Models/Pet.php [2ms]
2024-11-07 18:04:34.083 [info] > git ls-files --stage -- /home/greg/example-app/app/Models/Pet.php [2ms]
2024-11-07 18:04:34.085 [info] > git cat-file -s b6a2ec8995fe8fc1cd44fa1b09de4464890bf862 [1ms]
2024-11-07 18:04:36.700 [info] > git show --textconv :example-app/resources/views/pets/all.blade.php [1ms]
2024-11-07 18:04:36.702 [info] > git ls-files --stage -- /home/greg/example-app/resources/views/pets/all.blade.php [2ms]
2024-11-07 18:04:36.704 [info] > git cat-file -s 5702b3dd917bd1c961ba65e3eea0987082b87589 [1ms]
2024-11-07 18:04:38.732 [info] [Git][getRemotes] No remotes found in the git config file
2024-11-07 18:04:38.732 [info] > git config --get commit.template [2ms]
2024-11-07 18:04:38.732 [info] > git for-each-ref --format=%(refname)%00%(upstream:short)%00%(objectname)%00%(upstream:track)%00%(upstream:remotename)%00%(upstream:remoteref) refs/heads/master refs/remotes/master [0ms]
2024-11-07 18:04:38.737 [info] > git for-each-ref --sort -committerdate --format %(refname) %(objectname) %(*objectname) [1ms]
2024-11-07 18:04:38.758 [info] > git status -z -uall [24ms]
2024-11-07 18:05:10.620 [info] > git config --get commit.template [1ms]
2024-11-07 18:05:10.621 [info] [Git][getRemotes] No remotes found in the git config file
2024-11-07 18:05:10.622 [info] > git for-each-ref --format=%(refname)%00%(upstream:short)%00%(objectname)%00%(upstream:track)%00%(upstream:remotename)%00%(upstream:remoteref) refs/heads/master refs/remotes/master [1ms]
2024-11-07 18:05:10.628 [info] > git for-each-ref --sort -committerdate --format %(refname) %(objectname) %(*objectname) [2ms]
2024-11-07 18:05:10.652 [info] > git status -z -uall [28ms]
2024-11-07 18:05:15.659 [info] [Git][getRemotes] No remotes found in the git config file
2024-11-07 18:05:15.659 [info] > git config --get commit.template [2ms]
2024-11-07 18:05:15.660 [info] > git for-each-ref --format=%(refname)%00%(upstream:short)%00%(objectname)%00%(upstream:track)%00%(upstream:remotename)%00%(upstream:remoteref) refs/heads/master refs/remotes/master [1ms]
2024-11-07 18:05:15.664 [info] > git for-each-ref --sort -committerdate --format %(refname) %(objectname) %(*objectname) [1ms]
2024-11-07 18:05:15.684 [info] > git status -z -uall [23ms]
2024-11-07 18:05:50.199 [info] [Git][getRemotes] No remotes found in the git config file
2024-11-07 18:05:50.199 [info] > git config --get commit.template [3ms]
2024-11-07 18:05:50.200 [info] > git for-each-ref --format=%(refname)%00%(upstream:short)%00%(objectname)%00%(upstream:track)%00%(upstream:remotename)%00%(upstream:remoteref) refs/heads/master refs/remotes/master [2ms]
2024-11-07 18:05:50.210 [info] > git for-each-ref --sort -committerdate --format %(refname) %(objectname) %(*objectname) [4ms]
2024-11-07 18:05:50.221 [info] > git ls-files --stage -- /home/greg/example-app/database/migrations/2024_10_03_152617_create_reviews_table.php [3ms]
2024-11-07 18:05:50.223 [info] > git ls-files --stage -- /home/greg/example-app/resources/views/pets/all.blade.php [3ms]
2024-11-07 18:05:50.226 [info] > git cat-file -s 2b79407d65fa5f17f8a485d4f5f9a5def43b027b [2ms]
2024-11-07 18:05:50.226 [info] > git cat-file -s 5702b3dd917bd1c961ba65e3eea0987082b87589 [1ms]
2024-11-07 18:05:50.232 [info] > git status -z -uall [30ms]
2024-11-07 18:05:50.240 [info] > git show --textconv :example-app/database/migrations/2024_10_03_152617_create_reviews_table.php [3ms]
2024-11-07 18:05:50.242 [info] > git show --textconv :example-app/resources/views/pets/all.blade.php [3ms]
2024-11-07 18:05:55.241 [info] [Git][getRemotes] No remotes found in the git config file
2024-11-07 18:05:55.241 [info] > git config --get commit.template [3ms]
2024-11-07 18:05:55.241 [info] > git for-each-ref --format=%(refname)%00%(upstream:short)%00%(objectname)%00%(upstream:track)%00%(upstream:remotename)%00%(upstream:remoteref) refs/heads/master refs/remotes/master [1ms]
2024-11-07 18:05:55.246 [info] > git for-each-ref --sort -committerdate --format %(refname) %(objectname) %(*objectname) [1ms]
2024-11-07 18:05:55.266 [info] > git status -z -uall [23ms]
2024-11-07 18:06:00.270 [info] [Git][getRemotes] No remotes found in the git config file
2024-11-07 18:06:00.271 [info] > git config --get commit.template [2ms]
2024-11-07 18:06:00.272 [info] > git for-each-ref --format=%(refname)%00%(upstream:short)%00%(objectname)%00%(upstream:track)%00%(upstream:remotename)%00%(upstream:remoteref) refs/heads/master refs/remotes/master [1ms]
2024-11-07 18:06:00.276 [info] > git for-each-ref --sort -committerdate --format %(refname) %(objectname) %(*objectname) [2ms]
2024-11-07 18:06:00.293 [info] > git status -z -uall [20ms]
2024-11-07 18:06:05.298 [info] [Git][getRemotes] No remotes found in the git config file
2024-11-07 18:06:05.299 [info] > git config --get commit.template [3ms]
2024-11-07 18:06:05.299 [info] > git for-each-ref --format=%(refname)%00%(upstream:short)%00%(objectname)%00%(upstream:track)%00%(upstream:remotename)%00%(upstream:remoteref) refs/heads/master refs/remotes/master [1ms]
2024-11-07 18:06:05.303 [info] > git for-each-ref --sort -committerdate --format %(refname) %(objectname) %(*objectname) [1ms]
2024-11-07 18:06:05.321 [info] > git status -z -uall [21ms]
2024-11-07 18:06:10.326 [info] > git config --get commit.template [1ms]
2024-11-07 18:06:10.328 [info] [Git][getRemotes] No remotes found in the git config file
2024-11-07 18:06:10.328 [info] > git for-each-ref --format=%(refname)%00%(upstream:short)%00%(objectname)%00%(upstream:track)%00%(upstream:remotename)%00%(upstream:remoteref) refs/heads/master refs/remotes/master [0ms]
2024-11-07 18:06:10.333 [info] > git for-each-ref --sort -committerdate --format %(refname) %(objectname) %(*objectname) [1ms]
2024-11-07 18:06:10.351 [info] > git status -z -uall [21ms]
2024-11-07 18:06:15.356 [info] > git config --get commit.template [1ms]
2024-11-07 18:06:15.358 [info] [Git][getRemotes] No remotes found in the git config file
2024-11-07 18:06:15.359 [info] > git for-each-ref --format=%(refname)%00%(upstream:short)%00%(objectname)%00%(upstream:track)%00%(upstream:remotename)%00%(upstream:remoteref) refs/heads/master refs/remotes/master [1ms]
2024-11-07 18:06:15.363 [info] > git for-each-ref --sort -committerdate --format %(refname) %(objectname) %(*objectname) [1ms]
2024-11-07 18:06:15.381 [info] > git status -z -uall [21ms]
2024-11-07 18:06:20.386 [info] [Git][getRemotes] No remotes found in the git config file
2024-11-07 18:06:20.388 [info] > git config --get commit.template [3ms]
2024-11-07 18:06:20.388 [info] > git for-each-ref --format=%(refname)%00%(upstream:short)%00%(objectname)%00%(upstream:track)%00%(upstream:remotename)%00%(upstream:remoteref) refs/heads/master refs/remotes/master [1ms]
2024-11-07 18:06:20.393 [info] > git for-each-ref --sort -committerdate --format %(refname) %(objectname) %(*objectname) [2ms]
2024-11-07 18:06:20.410 [info] > git status -z -uall [20ms]
2024-11-07 18:06:25.414 [info] [Git][getRemotes] No remotes found in the git config file
2024-11-07 18:06:25.416 [info] > git config --get commit.template [2ms]
2024-11-07 18:06:25.417 [info] > git for-each-ref --format=%(refname)%00%(upstream:short)%00%(objectname)%00%(upstream:track)%00%(upstream:remotename)%00%(upstream:remoteref) refs/heads/master refs/remotes/master [1ms]
2024-11-07 18:06:25.422 [info] > git for-each-ref --sort -committerdate --format %(refname) %(objectname) %(*objectname) [1ms]
2024-11-07 18:06:25.441 [info] > git status -z -uall [23ms]
2024-11-07 18:06:30.447 [info] [Git][getRemotes] No remotes found in the git config file
2024-11-07 18:06:30.447 [info] > git config --get commit.template [2ms]
2024-11-07 18:06:30.448 [info] > git for-each-ref --format=%(refname)%00%(upstream:short)%00%(objectname)%00%(upstream:track)%00%(upstream:remotename)%00%(upstream:remoteref) refs/heads/master refs/remotes/master [1ms]
2024-11-07 18:06:30.453 [info] > git for-each-ref --sort -committerdate --format %(refname) %(objectname) %(*objectname) [2ms]
2024-11-07 18:06:30.475 [info] > git status -z -uall [26ms]
2024-11-07 18:06:35.479 [info] [Git][getRemotes] No remotes found in the git config file
2024-11-07 18:06:35.480 [info] > git config --get commit.template [2ms]
2024-11-07 18:06:35.481 [info] > git for-each-ref --format=%(refname)%00%(upstream:short)%00%(objectname)%00%(upstream:track)%00%(upstream:remotename)%00%(upstream:remoteref) refs/heads/master refs/remotes/master [1ms]
2024-11-07 18:06:35.485 [info] > git for-each-ref --sort -committerdate --format %(refname) %(objectname) %(*objectname) [1ms]
2024-11-07 18:06:35.502 [info] > git status -z -uall [20ms]
2024-11-07 18:06:40.508 [info] [Git][getRemotes] No remotes found in the git config file
2024-11-07 18:06:40.508 [info] > git config --get commit.template [3ms]
2024-11-07 18:06:40.508 [info] > git for-each-ref --format=%(refname)%00%(upstream:short)%00%(objectname)%00%(upstream:track)%00%(upstream:remotename)%00%(upstream:remoteref) refs/heads/master refs/remotes/master [1ms]
2024-11-07 18:06:40.513 [info] > git for-each-ref --sort -committerdate --format %(refname) %(objectname) %(*objectname) [2ms]
2024-11-07 18:06:40.531 [info] > git status -z -uall [21ms]
2024-11-07 18:06:45.538 [info] [Git][getRemotes] No remotes found in the git config file
2024-11-07 18:06:45.538 [info] > git config --get commit.template [2ms]
2024-11-07 18:06:45.539 [info] > git for-each-ref --format=%(refname)%00%(upstream:short)%00%(objectname)%00%(upstream:track)%00%(upstream:remotename)%00%(upstream:remoteref) refs/heads/master refs/remotes/master [1ms]
2024-11-07 18:06:45.543 [info] > git for-each-ref --sort -committerdate --format %(refname) %(objectname) %(*objectname) [1ms]
2024-11-07 18:06:45.561 [info] > git status -z -uall [21ms]
2024-11-07 18:06:50.566 [info] [Git][getRemotes] No remotes found in the git config file
2024-11-07 18:06:50.566 [info] > git config --get commit.template [2ms]
2024-11-07 18:06:50.567 [info] > git for-each-ref --format=%(refname)%00%(upstream:short)%00%(objectname)%00%(upstream:track)%00%(upstream:remotename)%00%(upstream:remoteref) refs/heads/master refs/remotes/master [1ms]
2024-11-07 18:06:50.571 [info] > git for-each-ref --sort -committerdate --format %(refname) %(objectname) %(*objectname) [1ms]
2024-11-07 18:06:50.589 [info] > git status -z -uall [21ms]
2024-11-07 18:06:55.594 [info] [Git][getRemotes] No remotes found in the git config file
2024-11-07 18:06:55.594 [info] > git config --get commit.template [2ms]
2024-11-07 18:06:55.594 [info] > git for-each-ref --format=%(refname)%00%(upstream:short)%00%(objectname)%00%(upstream:track)%00%(upstream:remotename)%00%(upstream:remoteref) refs/heads/master refs/remotes/master [0ms]
2024-11-07 18:06:55.599 [info] > git for-each-ref --sort -committerdate --format %(refname) %(objectname) %(*objectname) [2ms]
2024-11-07 18:06:55.616 [info] > git status -z -uall [20ms]
2024-11-07 18:07:00.622 [info] [Git][getRemotes] No remotes found in the git config file
2024-11-07 18:07:00.622 [info] > git config --get commit.template [2ms]
2024-11-07 18:07:00.623 [info] > git for-each-ref --format=%(refname)%00%(upstream:short)%00%(objectname)%00%(upstream:track)%00%(upstream:remotename)%00%(upstream:remoteref) refs/heads/master refs/remotes/master [1ms]
2024-11-07 18:07:00.627 [info] > git for-each-ref --sort -committerdate --format %(refname) %(objectname) %(*objectname) [1ms]
2024-11-07 18:07:00.645 [info] > git status -z -uall [20ms]
2024-11-07 18:07:05.650 [info] > git config --get commit.template [1ms]
2024-11-07 18:07:05.652 [info] [Git][getRemotes] No remotes found in the git config file
2024-11-07 18:07:05.653 [info] > git for-each-ref --format=%(refname)%00%(upstream:short)%00%(objectname)%00%(upstream:track)%00%(upstream:remotename)%00%(upstream:remoteref) refs/heads/master refs/remotes/master [1ms]
2024-11-07 18:07:05.658 [info] > git for-each-ref --sort -committerdate --format %(refname) %(objectname) %(*objectname) [1ms]
2024-11-07 18:07:05.678 [info] > git status -z -uall [22ms]
2024-11-07 18:07:10.682 [info] [Git][getRemotes] No remotes found in the git config file
2024-11-07 18:07:10.683 [info] > git config --get commit.template [3ms]
2024-11-07 18:07:10.683 [info] > git for-each-ref --format=%(refname)%00%(upstream:short)%00%(objectname)%00%(upstream:track)%00%(upstream:remotename)%00%(upstream:remoteref) refs/heads/master refs/remotes/master [1ms]
2024-11-07 18:07:10.687 [info] > git for-each-ref --sort -committerdate --format %(refname) %(objectname) %(*objectname) [1ms]
2024-11-07 18:07:10.704 [info] > git status -z -uall [20ms]
2024-11-07 18:07:15.709 [info] [Git][getRemotes] No remotes found in the git config file
2024-11-07 18:07:15.710 [info] > git config --get commit.template [3ms]
2024-11-07 18:07:15.710 [info] > git for-each-ref --format=%(refname)%00%(upstream:short)%00%(objectname)%00%(upstream:track)%00%(upstream:remotename)%00%(upstream:remoteref) refs/heads/master refs/remotes/master [1ms]
2024-11-07 18:07:15.715 [info] > git for-each-ref --sort -committerdate --format %(refname) %(objectname) %(*objectname) [1ms]
2024-11-07 18:07:15.732 [info] > git status -z -uall [20ms]
2024-11-07 18:09:50.831 [info] [Git][getRemotes] No remotes found in the git config file
2024-11-07 18:09:50.832 [info] > git config --get commit.template [4ms]
2024-11-07 18:09:50.832 [info] > git for-each-ref --format=%(refname)%00%(upstream:short)%00%(objectname)%00%(upstream:track)%00%(upstream:remotename)%00%(upstream:remoteref) refs/heads/master refs/remotes/master [1ms]
2024-11-07 18:09:50.841 [info] > git for-each-ref --sort -committerdate --format %(refname) %(objectname) %(*objectname) [1ms]
2024-11-07 18:09:50.862 [info] > git status -z -uall [27ms]
2024-11-07 18:09:55.868 [info] [Git][getRemotes] No remotes found in the git config file
2024-11-07 18:09:55.869 [info] > git config --get commit.template [3ms]
2024-11-07 18:09:55.869 [info] > git for-each-ref --format=%(refname)%00%(upstream:short)%00%(objectname)%00%(upstream:track)%00%(upstream:remotename)%00%(upstream:remoteref) refs/heads/master refs/remotes/master [1ms]
2024-11-07 18:09:55.874 [info] > git for-each-ref --sort -committerdate --format %(refname) %(objectname) %(*objectname) [2ms]
2024-11-07 18:09:55.891 [info] > git status -z -uall [20ms]
2024-11-07 18:10:00.898 [info] [Git][getRemotes] No remotes found in the git config file
2024-11-07 18:10:00.898 [info] > git config --get commit.template [3ms]
2024-11-07 18:10:00.899 [info] > git for-each-ref --format=%(refname)%00%(upstream:short)%00%(objectname)%00%(upstream:track)%00%(upstream:remotename)%00%(upstream:remoteref) refs/heads/master refs/remotes/master [1ms]
2024-11-07 18:10:00.903 [info] > git for-each-ref --sort -committerdate --format %(refname) %(objectname) %(*objectname) [1ms]
2024-11-07 18:10:00.921 [info] > git status -z -uall [21ms]
2024-11-07 18:10:05.927 [info] [Git][getRemotes] No remotes found in the git config file
2024-11-07 18:10:05.927 [info] > git config --get commit.template [2ms]
2024-11-07 18:10:05.927 [info] > git for-each-ref --format=%(refname)%00%(upstream:short)%00%(objectname)%00%(upstream:track)%00%(upstream:remotename)%00%(upstream:remoteref) refs/heads/master refs/remotes/master [0ms]
2024-11-07 18:10:05.932 [info] > git for-each-ref --sort -committerdate --format %(refname) %(objectname) %(*objectname) [2ms]
2024-11-07 18:10:05.949 [info] > git status -z -uall [20ms]
2024-11-07 18:10:10.954 [info] > git config --get commit.template [1ms]
2024-11-07 18:10:10.956 [info] [Git][getRemotes] No remotes found in the git config file
2024-11-07 18:10:10.956 [info] > git for-each-ref --format=%(refname)%00%(upstream:short)%00%(objectname)%00%(upstream:track)%00%(upstream:remotename)%00%(upstream:remoteref) refs/heads/master refs/remotes/master [0ms]
2024-11-07 18:10:10.961 [info] > git for-each-ref --sort -committerdate --format %(refname) %(objectname) %(*objectname) [1ms]
2024-11-07 18:10:10.978 [info] > git status -z -uall [20ms]
2024-11-07 18:10:15.985 [info] [Git][getRemotes] No remotes found in the git config file
2024-11-07 18:10:15.985 [info] > git config --get commit.template [2ms]
2024-11-07 18:10:15.985 [info] > git for-each-ref --format=%(refname)%00%(upstream:short)%00%(objectname)%00%(upstream:track)%00%(upstream:remotename)%00%(upstream:remoteref) refs/heads/master refs/remotes/master [1ms]
2024-11-07 18:10:15.991 [info] > git for-each-ref --sort -committerdate --format %(refname) %(objectname) %(*objectname) [2ms]
2024-11-07 18:10:16.009 [info] > git status -z -uall [21ms]
2024-11-07 18:10:21.013 [info] > git config --get commit.template [1ms]
2024-11-07 18:10:21.015 [info] [Git][getRemotes] No remotes found in the git config file
2024-11-07 18:10:21.015 [info] > git for-each-ref --format=%(refname)%00%(upstream:short)%00%(objectname)%00%(upstream:track)%00%(upstream:remotename)%00%(upstream:remoteref) refs/heads/master refs/remotes/master [1ms]
2024-11-07 18:10:21.019 [info] > git for-each-ref --sort -committerdate --format %(refname) %(objectname) %(*objectname) [1ms]
2024-11-07 18:10:21.037 [info] > git status -z -uall [20ms]
2024-11-07 18:10:24.678 [info] > git check-ignore -v -z --stdin [2ms]
2024-11-07 18:10:26.044 [info] [Git][getRemotes] No remotes found in the git config file
2024-11-07 18:10:26.044 [info] > git config --get commit.template [3ms]
2024-11-07 18:10:26.044 [info] > git for-each-ref --format=%(refname)%00%(upstream:short)%00%(objectname)%00%(upstream:track)%00%(upstream:remotename)%00%(upstream:remoteref) refs/heads/master refs/remotes/master [1ms]
2024-11-07 18:10:26.049 [info] > git for-each-ref --sort -committerdate --format %(refname) %(objectname) %(*objectname) [2ms]
2024-11-07 18:10:26.066 [info] > git status -z -uall [20ms]
2024-11-07 18:10:27.892 [info] > git log --format=%H%n%aN%n%aE%n%at%n%ct%n%P%n%D%n%B -z --shortstat --diff-merges=first-parent -n50 --skip=0 --topo-order --decorate=full --stdin [3721ms]
2024-11-07 18:10:31.073 [info] [Git][getRemotes] No remotes found in the git config file
2024-11-07 18:10:31.074 [info] > git config --get commit.template [3ms]
2024-11-07 18:10:31.074 [info] > git for-each-ref --format=%(refname)%00%(upstream:short)%00%(objectname)%00%(upstream:track)%00%(upstream:remotename)%00%(upstream:remoteref) refs/heads/master refs/remotes/master [1ms]
2024-11-07 18:10:31.079 [info] > git for-each-ref --sort -committerdate --format %(refname) %(objectname) %(*objectname) [1ms]
2024-11-07 18:10:31.096 [info] > git status -z -uall [20ms]
2024-11-07 18:10:38.242 [info] [Git][getRemotes] No remotes found in the git config file
2024-11-07 18:10:38.242 [info] > git config --get commit.template [2ms]
2024-11-07 18:10:38.243 [info] > git for-each-ref --format=%(refname)%00%(upstream:short)%00%(objectname)%00%(upstream:track)%00%(upstream:remotename)%00%(upstream:remoteref) refs/heads/master refs/remotes/master [0ms]
2024-11-07 18:10:38.248 [info] > git for-each-ref --sort -committerdate --format %(refname) %(objectname) %(*objectname) [1ms]
2024-11-07 18:10:38.268 [info] > git status -z -uall [23ms]
2024-11-07 18:11:16.084 [info] [Git][getRemotes] No remotes found in the git config file
2024-11-07 18:11:16.101 [info] > git config --get commit.template [21ms]
2024-11-07 18:11:16.103 [info] > git for-each-ref --format=%(refname)%00%(upstream:short)%00%(objectname)%00%(upstream:track)%00%(upstream:remotename)%00%(upstream:remoteref) refs/heads/master refs/remotes/master [19ms]
2024-11-07 18:11:16.110 [info] > git for-each-ref --sort -committerdate --format %(refname) %(objectname) %(*objectname) [3ms]
2024-11-07 18:11:16.571 [info] > git status -z -uall [466ms]
2024-11-07 18:11:22.216 [info] > git config --get commit.template [1ms]
2024-11-07 18:11:22.220 [info] [Git][getRemotes] No remotes found in the git config file
2024-11-07 18:11:22.221 [info] > git for-each-ref --format=%(refname)%00%(upstream:short)%00%(objectname)%00%(upstream:track)%00%(upstream:remotename)%00%(upstream:remoteref) refs/heads/master refs/remotes/master [1ms]
2024-11-07 18:11:22.228 [info] > git for-each-ref --sort -committerdate --format %(refname) %(objectname) %(*objectname) [2ms]
2024-11-07 18:11:22.251 [info] > git status -z -uall [28ms]
2024-11-07 18:11:29.656 [info] [Git][getRemotes] No remotes found in the git config file
2024-11-07 18:11:29.657 [info] > git config --get commit.template [4ms]
2024-11-07 18:11:29.657 [info] > git for-each-ref --format=%(refname)%00%(upstream:short)%00%(objectname)%00%(upstream:track)%00%(upstream:remotename)%00%(upstream:remoteref) refs/heads/master refs/remotes/master [1ms]
2024-11-07 18:11:29.663 [info] > git for-each-ref --sort -committerdate --format %(refname) %(objectname) %(*objectname) [1ms]
2024-11-07 18:11:29.689 [info] > git status -z -uall [30ms]
2024-11-07 18:11:34.695 [info] [Git][getRemotes] No remotes found in the git config file
2024-11-07 18:11:34.695 [info] > git config --get commit.template [2ms]
2024-11-07 18:11:34.695 [info] > git for-each-ref --format=%(refname)%00%(upstream:short)%00%(objectname)%00%(upstream:track)%00%(upstream:remotename)%00%(upstream:remoteref) refs/heads/master refs/remotes/master [0ms]
2024-11-07 18:11:34.700 [info] > git for-each-ref --sort -committerdate --format %(refname) %(objectname) %(*objectname) [1ms]
2024-11-07 18:11:34.718 [info] > git status -z -uall [21ms]
2024-11-07 18:11:39.724 [info] [Git][getRemotes] No remotes found in the git config file
2024-11-07 18:11:39.724 [info] > git config --get commit.template [2ms]
2024-11-07 18:11:39.724 [info] > git for-each-ref --format=%(refname)%00%(upstream:short)%00%(objectname)%00%(upstream:track)%00%(upstream:remotename)%00%(upstream:remoteref) refs/heads/master refs/remotes/master [0ms]
2024-11-07 18:11:39.729 [info] > git for-each-ref --sort -committerdate --format %(refname) %(objectname) %(*objectname) [2ms]
2024-11-07 18:11:39.754 [info] > git status -z -uall [28ms]
2024-11-07 18:11:44.760 [info] [Git][getRemotes] No remotes found in the git config file
2024-11-07 18:11:44.760 [info] > git config --get commit.template [2ms]
2024-11-07 18:11:44.761 [info] > git for-each-ref --format=%(refname)%00%(upstream:short)%00%(objectname)%00%(upstream:track)%00%(upstream:remotename)%00%(upstream:remoteref) refs/heads/master refs/remotes/master [1ms]
2024-11-07 18:11:44.765 [info] > git for-each-ref --sort -committerdate --format %(refname) %(objectname) %(*objectname) [1ms]
2024-11-07 18:11:44.784 [info] > git status -z -uall [22ms]
2024-11-07 18:11:49.789 [info] [Git][getRemotes] No remotes found in the git config file
2024-11-07 18:11:49.790 [info] > git config --get commit.template [3ms]
2024-11-07 18:11:49.790 [info] > git for-each-ref --format=%(refname)%00%(upstream:short)%00%(objectname)%00%(upstream:track)%00%(upstream:remotename)%00%(upstream:remoteref) refs/heads/master refs/remotes/master [1ms]
2024-11-07 18:11:49.795 [info] > git for-each-ref --sort -committerdate --format %(refname) %(objectname) %(*objectname) [1ms]
2024-11-07 18:11:49.813 [info] > git status -z -uall [21ms]
2024-11-07 18:11:54.818 [info] [Git][getRemotes] No remotes found in the git config file
2024-11-07 18:11:54.818 [info] > git config --get commit.template [2ms]
2024-11-07 18:11:54.819 [info] > git for-each-ref --format=%(refname)%00%(upstream:short)%00%(objectname)%00%(upstream:track)%00%(upstream:remotename)%00%(upstream:remoteref) refs/heads/master refs/remotes/master [1ms]
2024-11-07 18:11:54.823 [info] > git for-each-ref --sort -committerdate --format %(refname) %(objectname) %(*objectname) [1ms]
2024-11-07 18:11:54.840 [info] > git status -z -uall [20ms]
2024-11-07 18:12:13.916 [info] > git config --get commit.template [1ms]
2024-11-07 18:12:13.919 [info] [Git][getRemotes] No remotes found in the git config file
2024-11-07 18:12:13.920 [info] > git for-each-ref --format=%(refname)%00%(upstream:short)%00%(objectname)%00%(upstream:track)%00%(upstream:remotename)%00%(upstream:remoteref) refs/heads/master refs/remotes/master [1ms]
2024-11-07 18:12:13.926 [info] > git for-each-ref --sort -committerdate --format %(refname) %(objectname) %(*objectname) [1ms]
2024-11-07 18:12:13.946 [info] > git status -z -uall [24ms]
2024-11-07 18:12:30.772 [info] [Git][getRemotes] No remotes found in the git config file
2024-11-07 18:12:30.772 [info] > git config --get commit.template [3ms]
2024-11-07 18:12:30.773 [info] > git for-each-ref --format=%(refname)%00%(upstream:short)%00%(objectname)%00%(upstream:track)%00%(upstream:remotename)%00%(upstream:remoteref) refs/heads/master refs/remotes/master [1ms]
2024-11-07 18:12:30.778 [info] > git for-each-ref --sort -committerdate --format %(refname) %(objectname) %(*objectname) [1ms]
2024-11-07 18:12:30.801 [info] > git status -z -uall [26ms]
2024-11-07 18:12:35.807 [info] [Git][getRemotes] No remotes found in the git config file
2024-11-07 18:12:35.807 [info] > git config --get commit.template [2ms]
2024-11-07 18:12:35.808 [info] > git for-each-ref --format=%(refname)%00%(upstream:short)%00%(objectname)%00%(upstream:track)%00%(upstream:remotename)%00%(upstream:remoteref) refs/heads/master refs/remotes/master [1ms]
2024-11-07 18:12:35.812 [info] > git for-each-ref --sort -committerdate --format %(refname) %(objectname) %(*objectname) [1ms]
2024-11-07 18:12:35.833 [info] > git status -z -uall [24ms]
2024-11-07 18:13:44.300 [info] [Git][getRemotes] No remotes found in the git config file
2024-11-07 18:13:44.303 [info] > git config --get commit.template [2ms]
2024-11-07 18:13:44.303 [info] > git for-each-ref --format=%(refname)%00%(upstream:short)%00%(objectname)%00%(upstream:track)%00%(upstream:remotename)%00%(upstream:remoteref) refs/heads/master refs/remotes/master [1ms]
2024-11-07 18:13:44.309 [info] > git for-each-ref --sort -committerdate --format %(refname) %(objectname) %(*objectname) [2ms]
2024-11-07 18:13:44.330 [info] > git status -z -uall [25ms]
2024-11-07 18:13:49.337 [info] [Git][getRemotes] No remotes found in the git config file
2024-11-07 18:13:49.337 [info] > git config --get commit.template [3ms]
2024-11-07 18:13:49.338 [info] > git for-each-ref --format=%(refname)%00%(upstream:short)%00%(objectname)%00%(upstream:track)%00%(upstream:remotename)%00%(upstream:remoteref) refs/heads/master refs/remotes/master [2ms]
2024-11-07 18:13:49.343 [info] > git for-each-ref --sort -committerdate --format %(refname) %(objectname) %(*objectname) [1ms]
2024-11-07 18:13:49.367 [info] > git status -z -uall [27ms]
2024-11-07 18:13:54.373 [info] [Git][getRemotes] No remotes found in the git config file
2024-11-07 18:13:54.373 [info] > git config --get commit.template [2ms]
2024-11-07 18:13:54.374 [info] > git for-each-ref --format=%(refname)%00%(upstream:short)%00%(objectname)%00%(upstream:track)%00%(upstream:remotename)%00%(upstream:remoteref) refs/heads/master refs/remotes/master [1ms]
2024-11-07 18:13:54.379 [info] > git for-each-ref --sort -committerdate --format %(refname) %(objectname) %(*objectname) [1ms]
2024-11-07 18:13:54.397 [info] > git status -z -uall [22ms]
2024-11-07 18:14:02.687 [info] [Git][getRemotes] No remotes found in the git config file
2024-11-07 18:14:02.687 [info] > git config --get commit.template [3ms]
2024-11-07 18:14:02.688 [info] > git for-each-ref --format=%(refname)%00%(upstream:short)%00%(objectname)%00%(upstream:track)%00%(upstream:remotename)%00%(upstream:remoteref) refs/heads/master refs/remotes/master [1ms]
2024-11-07 18:14:02.693 [info] > git for-each-ref --sort -committerdate --format %(refname) %(objectname) %(*objectname) [2ms]
2024-11-07 18:14:02.716 [info] > git status -z -uall [26ms]
2024-11-07 18:14:06.988 [info] > git ls-files --stage -- /home/greg/example-app/app/Http/Controllers/ReviewController.php [2ms]
2024-11-07 18:14:06.990 [info] > git show --textconv :example-app/app/Http/Controllers/ReviewController.php [5ms]
2024-11-07 18:14:06.991 [info] > git cat-file -s b084016dca87718413b5a974d9885172594b3813 [1ms]
2024-11-07 18:14:07.722 [info] [Git][getRemotes] No remotes found in the git config file
2024-11-07 18:14:07.722 [info] > git config --get commit.template [2ms]
2024-11-07 18:14:07.722 [info] > git for-each-ref --format=%(refname)%00%(upstream:short)%00%(objectname)%00%(upstream:track)%00%(upstream:remotename)%00%(upstream:remoteref) refs/heads/master refs/remotes/master [1ms]
2024-11-07 18:14:07.727 [info] > git for-each-ref --sort -committerdate --format %(refname) %(objectname) %(*objectname) [2ms]
2024-11-07 18:14:07.745 [info] > git status -z -uall [21ms]
2024-11-07 18:14:35.310 [info] > git config --get commit.template [2ms]
2024-11-07 18:14:35.313 [info] [Git][getRemotes] No remotes found in the git config file
2024-11-07 18:14:35.314 [info] > git for-each-ref --format=%(refname)%00%(upstream:short)%00%(objectname)%00%(upstream:track)%00%(upstream:remotename)%00%(upstream:remoteref) refs/heads/master refs/remotes/master [2ms]
2024-11-07 18:14:35.322 [info] > git for-each-ref --sort -committerdate --format %(refname) %(objectname) %(*objectname) [2ms]
2024-11-07 18:14:35.342 [info] > git status -z -uall [24ms]
2024-11-07 18:14:37.036 [info] > git show --textconv :example-app/routes/web.php [2ms]
2024-11-07 18:14:37.037 [info] > git ls-files --stage -- /home/greg/example-app/routes/web.php [1ms]
2024-11-07 18:14:37.039 [info] > git cat-file -s 1416b628a3bd6011857cc3fdf663a9081c3ebf37 [1ms]
2024-11-07 18:14:40.348 [info] [Git][getRemotes] No remotes found in the git config file
2024-11-07 18:14:40.348 [info] > git config --get commit.template [2ms]
2024-11-07 18:14:40.349 [info] > git for-each-ref --format=%(refname)%00%(upstream:short)%00%(objectname)%00%(upstream:track)%00%(upstream:remotename)%00%(upstream:remoteref) refs/heads/master refs/remotes/master [1ms]
2024-11-07 18:14:40.353 [info] > git for-each-ref --sort -committerdate --format %(refname) %(objectname) %(*objectname) [2ms]
2024-11-07 18:14:40.372 [info] > git status -z -uall [22ms]
2024-11-07 18:14:45.377 [info] [Git][getRemotes] No remotes found in the git config file
2024-11-07 18:14:45.377 [info] > git config --get commit.template [2ms]
2024-11-07 18:14:45.378 [info] > git for-each-ref --format=%(refname)%00%(upstream:short)%00%(objectname)%00%(upstream:track)%00%(upstream:remotename)%00%(upstream:remoteref) refs/heads/master refs/remotes/master [1ms]
2024-11-07 18:14:45.382 [info] > git for-each-ref --sort -committerdate --format %(refname) %(objectname) %(*objectname) [1ms]
2024-11-07 18:14:45.400 [info] > git status -z -uall [21ms]
2024-11-07 18:14:50.406 [info] [Git][getRemotes] No remotes found in the git config file
2024-11-07 18:14:50.406 [info] > git config --get commit.template [2ms]
2024-11-07 18:14:50.407 [info] > git for-each-ref --format=%(refname)%00%(upstream:short)%00%(objectname)%00%(upstream:track)%00%(upstream:remotename)%00%(upstream:remoteref) refs/heads/master refs/remotes/master [1ms]
2024-11-07 18:14:50.411 [info] > git for-each-ref --sort -committerdate --format %(refname) %(objectname) %(*objectname) [1ms]
2024-11-07 18:14:50.431 [info] > git status -z -uall [23ms]
2024-11-07 18:14:55.436 [info] [Git][getRemotes] No remotes found in the git config file
2024-11-07 18:14:55.437 [info] > git config --get commit.template [3ms]
2024-11-07 18:14:55.437 [info] > git for-each-ref --format=%(refname)%00%(upstream:short)%00%(objectname)%00%(upstream:track)%00%(upstream:remotename)%00%(upstream:remoteref) refs/heads/master refs/remotes/master [1ms]
2024-11-07 18:14:55.441 [info] > git for-each-ref --sort -committerdate --format %(refname) %(objectname) %(*objectname) [1ms]
2024-11-07 18:14:55.460 [info] > git status -z -uall [21ms]
2024-11-07 18:15:00.465 [info] [Git][getRemotes] No remotes found in the git config file
2024-11-07 18:15:00.465 [info] > git config --get commit.template [2ms]
2024-11-07 18:15:00.466 [info] > git for-each-ref --format=%(refname)%00%(upstream:short)%00%(objectname)%00%(upstream:track)%00%(upstream:remotename)%00%(upstream:remoteref) refs/heads/master refs/remotes/master [1ms]
2024-11-07 18:15:00.470 [info] > git for-each-ref --sort -committerdate --format %(refname) %(objectname) %(*objectname) [1ms]
2024-11-07 18:15:00.488 [info] > git status -z -uall [21ms]
2024-11-07 18:16:39.310 [info] [Git][getRemotes] No remotes found in the git config file
2024-11-07 18:16:39.310 [info] > git config --get commit.template [3ms]
2024-11-07 18:16:39.311 [info] > git for-each-ref --format=%(refname)%00%(upstream:short)%00%(objectname)%00%(upstream:track)%00%(upstream:remotename)%00%(upstream:remoteref) refs/heads/master refs/remotes/master [1ms]
2024-11-07 18:16:39.317 [info] > git for-each-ref --sort -committerdate --format %(refname) %(objectname) %(*objectname) [1ms]
2024-11-07 18:16:39.338 [info] > git status -z -uall [24ms]
2024-11-07 18:16:44.345 [info] [Git][getRemotes] No remotes found in the git config file
2024-11-07 18:16:44.345 [info] > git config --get commit.template [2ms]
2024-11-07 18:16:44.346 [info] > git for-each-ref --format=%(refname)%00%(upstream:short)%00%(objectname)%00%(upstream:track)%00%(upstream:remotename)%00%(upstream:remoteref) refs/heads/master refs/remotes/master [1ms]
2024-11-07 18:16:44.350 [info] > git for-each-ref --sort -committerdate --format %(refname) %(objectname) %(*objectname) [1ms]
2024-11-07 18:16:44.383 [info] > git status -z -uall [36ms]
2024-11-07 18:17:01.743 [info] [Git][getRemotes] No remotes found in the git config file
2024-11-07 18:17:01.743 [info] > git config --get commit.template [3ms]
2024-11-07 18:17:01.744 [info] > git for-each-ref --format=%(refname)%00%(upstream:short)%00%(objectname)%00%(upstream:track)%00%(upstream:remotename)%00%(upstream:remoteref) refs/heads/master refs/remotes/master [2ms]
2024-11-07 18:17:01.749 [info] > git for-each-ref --sort -committerdate --format %(refname) %(objectname) %(*objectname) [1ms]
2024-11-07 18:17:01.773 [info] > git status -z -uall [28ms]
2024-11-07 18:17:06.520 [info] > git show --textconv :example-app/app/Http/Controllers/PetController.php [2ms]
2024-11-07 18:17:06.522 [info] > git ls-files --stage -- /home/greg/example-app/app/Http/Controllers/PetController.php [2ms]
2024-11-07 18:17:06.524 [info] > git cat-file -s 40f7882f226e975fae8968e323b347ff49e35532 [1ms]
2024-11-07 18:17:06.779 [info] [Git][getRemotes] No remotes found in the git config file
2024-11-07 18:17:06.779 [info] > git config --get commit.template [3ms]
2024-11-07 18:17:06.779 [info] > git for-each-ref --format=%(refname)%00%(upstream:short)%00%(objectname)%00%(upstream:track)%00%(upstream:remotename)%00%(upstream:remoteref) refs/heads/master refs/remotes/master [1ms]
2024-11-07 18:17:06.784 [info] > git for-each-ref --sort -committerdate --format %(refname) %(objectname) %(*objectname) [1ms]
2024-11-07 18:17:06.803 [info] > git status -z -uall [21ms]
2024-11-07 18:17:11.808 [info] [Git][getRemotes] No remotes found in the git config file
2024-11-07 18:17:11.809 [info] > git config --get commit.template [3ms]
2024-11-07 18:17:11.809 [info] > git for-each-ref --format=%(refname)%00%(upstream:short)%00%(objectname)%00%(upstream:track)%00%(upstream:remotename)%00%(upstream:remoteref) refs/heads/master refs/remotes/master [1ms]
2024-11-07 18:17:11.815 [info] > git for-each-ref --sort -committerdate --format %(refname) %(objectname) %(*objectname) [1ms]
2024-11-07 18:17:11.834 [info] > git status -z -uall [23ms]
2024-11-07 18:18:25.726 [info] [Git][getRemotes] No remotes found in the git config file
2024-11-07 18:18:25.727 [info] > git config --get commit.template [4ms]
2024-11-07 18:18:25.727 [info] > git for-each-ref --format=%(refname)%00%(upstream:short)%00%(objectname)%00%(upstream:track)%00%(upstream:remotename)%00%(upstream:remoteref) refs/heads/master refs/remotes/master [1ms]
2024-11-07 18:18:25.734 [info] > git for-each-ref --sort -committerdate --format %(refname) %(objectname) %(*objectname) [2ms]
2024-11-07 18:18:25.755 [info] > git status -z -uall [25ms]
2024-11-07 18:18:44.143 [info] [Git][getRemotes] No remotes found in the git config file
2024-11-07 18:18:44.143 [info] > git config --get commit.template [3ms]
2024-11-07 18:18:44.144 [info] > git for-each-ref --format=%(refname)%00%(upstream:short)%00%(objectname)%00%(upstream:track)%00%(upstream:remotename)%00%(upstream:remoteref) refs/heads/master refs/remotes/master [1ms]
2024-11-07 18:18:44.150 [info] > git for-each-ref --sort -committerdate --format %(refname) %(objectname) %(*objectname) [1ms]
2024-11-07 18:18:44.172 [info] > git status -z -uall [25ms]
2024-11-07 18:20:05.500 [info] [Git][getRemotes] No remotes found in the git config file
2024-11-07 18:20:05.500 [info] > git config --get commit.template [3ms]
2024-11-07 18:20:05.502 [info] > git for-each-ref --format=%(refname)%00%(upstream:short)%00%(objectname)%00%(upstream:track)%00%(upstream:remotename)%00%(upstream:remoteref) refs/heads/master refs/remotes/master [2ms]
2024-11-07 18:20:05.508 [info] > git for-each-ref --sort -committerdate --format %(refname) %(objectname) %(*objectname) [1ms]
2024-11-07 18:20:05.527 [info] > git status -z -uall [23ms]
2024-11-07 18:20:10.531 [info] [Git][getRemotes] No remotes found in the git config file
2024-11-07 18:20:10.533 [info] > git config --get commit.template [2ms]
2024-11-07 18:20:10.534 [info] > git for-each-ref --format=%(refname)%00%(upstream:short)%00%(objectname)%00%(upstream:track)%00%(upstream:remotename)%00%(upstream:remoteref) refs/heads/master refs/remotes/master [1ms]
2024-11-07 18:20:10.538 [info] > git for-each-ref --sort -committerdate --format %(refname) %(objectname) %(*objectname) [1ms]
2024-11-07 18:20:10.558 [info] > git status -z -uall [22ms]
2024-11-07 18:20:15.563 [info] [Git][getRemotes] No remotes found in the git config file
2024-11-07 18:20:15.564 [info] > git config --get commit.template [3ms]
2024-11-07 18:20:15.564 [info] > git for-each-ref --format=%(refname)%00%(upstream:short)%00%(objectname)%00%(upstream:track)%00%(upstream:remotename)%00%(upstream:remoteref) refs/heads/master refs/remotes/master [1ms]
2024-11-07 18:20:15.569 [info] > git for-each-ref --sort -committerdate --format %(refname) %(objectname) %(*objectname) [1ms]
2024-11-07 18:20:15.586 [info] > git status -z -uall [21ms]
2024-11-07 18:20:20.592 [info] [Git][getRemotes] No remotes found in the git config file
2024-11-07 18:20:20.593 [info] > git for-each-ref --format=%(refname)%00%(upstream:short)%00%(objectname)%00%(upstream:track)%00%(upstream:remotename)%00%(upstream:remoteref) refs/heads/master refs/remotes/master [2ms]
2024-11-07 18:20:20.593 [info] > git config --get commit.template [4ms]
2024-11-07 18:20:20.597 [info] > git for-each-ref --sort -committerdate --format %(refname) %(objectname) %(*objectname) [1ms]
2024-11-07 18:20:20.617 [info] > git status -z -uall [23ms]
2024-11-07 18:20:25.622 [info] [Git][getRemotes] No remotes found in the git config file
2024-11-07 18:20:25.622 [info] > git config --get commit.template [2ms]
2024-11-07 18:20:25.623 [info] > git for-each-ref --format=%(refname)%00%(upstream:short)%00%(objectname)%00%(upstream:track)%00%(upstream:remotename)%00%(upstream:remoteref) refs/heads/master refs/remotes/master [1ms]
2024-11-07 18:20:25.627 [info] > git for-each-ref --sort -committerdate --format %(refname) %(objectname) %(*objectname) [1ms]
2024-11-07 18:20:25.645 [info] > git status -z -uall [21ms]
2024-11-07 18:20:30.650 [info] [Git][getRemotes] No remotes found in the git config file
2024-11-07 18:20:30.651 [info] > git config --get commit.template [2ms]
2024-11-07 18:20:30.651 [info] > git for-each-ref --format=%(refname)%00%(upstream:short)%00%(objectname)%00%(upstream:track)%00%(upstream:remotename)%00%(upstream:remoteref) refs/heads/master refs/remotes/master [1ms]
2024-11-07 18:20:30.656 [info] > git for-each-ref --sort -committerdate --format %(refname) %(objectname) %(*objectname) [1ms]
2024-11-07 18:20:30.675 [info] > git status -z -uall [22ms]
2024-11-07 18:20:31.359 [info] > git check-ignore -v -z --stdin [2ms]
2024-11-07 18:20:35.682 [info] [Git][getRemotes] No remotes found in the git config file
2024-11-07 18:20:35.682 [info] > git config --get commit.template [3ms]
2024-11-07 18:20:35.683 [info] > git for-each-ref --format=%(refname)%00%(upstream:short)%00%(objectname)%00%(upstream:track)%00%(upstream:remotename)%00%(upstream:remoteref) refs/heads/master refs/remotes/master [2ms]
2024-11-07 18:20:35.688 [info] > git for-each-ref --sort -committerdate --format %(refname) %(objectname) %(*objectname) [1ms]
2024-11-07 18:20:35.706 [info] > git status -z -uall [22ms]
2024-11-07 18:20:40.711 [info] > git config --get commit.template [1ms]
2024-11-07 18:20:40.712 [info] [Git][getRemotes] No remotes found in the git config file
2024-11-07 18:20:40.713 [info] > git for-each-ref --format=%(refname)%00%(upstream:short)%00%(objectname)%00%(upstream:track)%00%(upstream:remotename)%00%(upstream:remoteref) refs/heads/master refs/remotes/master [1ms]
2024-11-07 18:20:40.717 [info] > git for-each-ref --sort -committerdate --format %(refname) %(objectname) %(*objectname) [1ms]
2024-11-07 18:20:40.735 [info] > git status -z -uall [20ms]
2024-11-07 18:20:45.740 [info] [Git][getRemotes] No remotes found in the git config file
2024-11-07 18:20:45.740 [info] > git config --get commit.template [2ms]
2024-11-07 18:20:45.741 [info] > git for-each-ref --format=%(refname)%00%(upstream:short)%00%(objectname)%00%(upstream:track)%00%(upstream:remotename)%00%(upstream:remoteref) refs/heads/master refs/remotes/master [2ms]
2024-11-07 18:20:45.745 [info] > git for-each-ref --sort -committerdate --format %(refname) %(objectname) %(*objectname) [2ms]
2024-11-07 18:20:45.766 [info] > git status -z -uall [23ms]
2024-11-07 18:20:50.769 [info] [Git][getRemotes] No remotes found in the git config file
2024-11-07 18:20:50.771 [info] > git config --get commit.template [3ms]
2024-11-07 18:20:50.772 [info] > git for-each-ref --format=%(refname)%00%(upstream:short)%00%(objectname)%00%(upstream:track)%00%(upstream:remotename)%00%(upstream:remoteref) refs/heads/master refs/remotes/master [1ms]
2024-11-07 18:20:50.776 [info] > git for-each-ref --sort -committerdate --format %(refname) %(objectname) %(*objectname) [1ms]
2024-11-07 18:20:50.795 [info] > git status -z -uall [22ms]
2024-11-07 18:20:55.799 [info] [Git][getRemotes] No remotes found in the git config file
2024-11-07 18:20:55.800 [info] > git config --get commit.template [3ms]
2024-11-07 18:20:55.800 [info] > git for-each-ref --format=%(refname)%00%(upstream:short)%00%(objectname)%00%(upstream:track)%00%(upstream:remotename)%00%(upstream:remoteref) refs/heads/master refs/remotes/master [1ms]
2024-11-07 18:20:55.804 [info] > git for-each-ref --sort -committerdate --format %(refname) %(objectname) %(*objectname) [1ms]
2024-11-07 18:20:55.824 [info] > git status -z -uall [22ms]
2024-11-07 18:21:00.830 [info] [Git][getRemotes] No remotes found in the git config file
2024-11-07 18:21:00.830 [info] > git config --get commit.template [2ms]
2024-11-07 18:21:00.830 [info] > git for-each-ref --format=%(refname)%00%(upstream:short)%00%(objectname)%00%(upstream:track)%00%(upstream:remotename)%00%(upstream:remoteref) refs/heads/master refs/remotes/master [1ms]
2024-11-07 18:21:00.834 [info] > git for-each-ref --sort -committerdate --format %(refname) %(objectname) %(*objectname) [1ms]
2024-11-07 18:21:00.852 [info] > git status -z -uall [21ms]
2024-11-07 18:21:05.856 [info] [Git][getRemotes] No remotes found in the git config file
2024-11-07 18:21:05.858 [info] > git config --get commit.template [3ms]
2024-11-07 18:21:05.859 [info] > git for-each-ref --format=%(refname)%00%(upstream:short)%00%(objectname)%00%(upstream:track)%00%(upstream:remotename)%00%(upstream:remoteref) refs/heads/master refs/remotes/master [2ms]
2024-11-07 18:21:05.863 [info] > git for-each-ref --sort -committerdate --format %(refname) %(objectname) %(*objectname) [2ms]
2024-11-07 18:21:05.882 [info] > git status -z -uall [22ms]
2024-11-07 18:21:10.888 [info] [Git][getRemotes] No remotes found in the git config file
2024-11-07 18:21:10.888 [info] > git config --get commit.template [3ms]
2024-11-07 18:21:10.889 [info] > git for-each-ref --format=%(refname)%00%(upstream:short)%00%(objectname)%00%(upstream:track)%00%(upstream:remotename)%00%(upstream:remoteref) refs/heads/master refs/remotes/master [2ms]
2024-11-07 18:21:10.893 [info] > git for-each-ref --sort -committerdate --format %(refname) %(objectname) %(*objectname) [1ms]
2024-11-07 18:21:10.912 [info] > git status -z -uall [22ms]
2024-11-07 18:21:15.918 [info] [Git][getRemotes] No remotes found in the git config file
2024-11-07 18:21:15.918 [info] > git config --get commit.template [3ms]
2024-11-07 18:21:15.919 [info] > git for-each-ref --format=%(refname)%00%(upstream:short)%00%(objectname)%00%(upstream:track)%00%(upstream:remotename)%00%(upstream:remoteref) refs/heads/master refs/remotes/master [1ms]
2024-11-07 18:21:15.923 [info] > git for-each-ref --sort -committerdate --format %(refname) %(objectname) %(*objectname) [1ms]
2024-11-07 18:21:15.946 [info] > git status -z -uall [26ms]
2024-11-07 18:21:20.405 [info] > git show --textconv HEAD:example-app/resources/views/pets/all.blade.php [3ms]
2024-11-07 18:21:20.405 [info] > git ls-tree -l HEAD -- /home/greg/example-app/resources/views/pets/all.blade.php [1ms]
2024-11-07 18:21:20.951 [info] > git config --get commit.template [1ms]
2024-11-07 18:21:20.952 [info] [Git][getRemotes] No remotes found in the git config file
2024-11-07 18:21:20.953 [info] > git for-each-ref --format=%(refname)%00%(upstream:short)%00%(objectname)%00%(upstream:track)%00%(upstream:remotename)%00%(upstream:remoteref) refs/heads/master refs/remotes/master [1ms]
2024-11-07 18:21:20.957 [info] > git for-each-ref --sort -committerdate --format %(refname) %(objectname) %(*objectname) [1ms]
2024-11-07 18:21:20.975 [info] > git status -z -uall [21ms]
2024-11-07 18:21:25.980 [info] [Git][getRemotes] No remotes found in the git config file
2024-11-07 18:21:25.980 [info] > git config --get commit.template [1ms]
2024-11-07 18:21:25.981 [info] > git for-each-ref --format=%(refname)%00%(upstream:short)%00%(objectname)%00%(upstream:track)%00%(upstream:remotename)%00%(upstream:remoteref) refs/heads/master refs/remotes/master [1ms]
2024-11-07 18:21:25.985 [info] > git for-each-ref --sort -committerdate --format %(refname) %(objectname) %(*objectname) [2ms]
2024-11-07 18:21:26.003 [info] > git status -z -uall [21ms]
2024-11-07 18:21:29.571 [info] > git add -A -- /home/greg/.bash_history [9ms]
2024-11-07 18:21:29.575 [info] [Git][getRemotes] No remotes found in the git config file
2024-11-07 18:21:29.575 [info] > git config --get commit.template [2ms]
2024-11-07 18:21:29.575 [info] > git for-each-ref --format=%(refname)%00%(upstream:short)%00%(objectname)%00%(upstream:track)%00%(upstream:remotename)%00%(upstream:remoteref) refs/heads/master refs/remotes/master [0ms]
2024-11-07 18:21:29.579 [info] > git for-each-ref --sort -committerdate --format %(refname) %(objectname) %(*objectname) [1ms]
2024-11-07 18:21:29.598 [info] > git status -z -uall [21ms]
2024-11-07 18:21:30.762 [info] > git ls-files --stage -- /home/greg/example-app/app/Http/Controllers/PetController.php [2ms]
2024-11-07 18:21:30.763 [info] > git ls-tree -l HEAD -- /home/greg/example-app/resources/views/pets/all.blade.php [2ms]
2024-11-07 18:21:30.763 [info] > git cat-file -s 40f7882f226e975fae8968e323b347ff49e35532 [0ms]
2024-11-07 18:21:30.769 [info] > git show --textconv HEAD:example-app/resources/views/pets/all.blade.php [2ms]
2024-11-07 18:21:30.770 [info] > git show --textconv :example-app/app/Http/Controllers/PetController.php [1ms]
2024-11-07 18:21:30.845 [info] > git add -A -- /home/greg/.mysql_history /home/greg/.vscode-server/data/User/History/-46800e05/entries.json /home/greg/.vscode-server/data/User/History/-c36ec07/entries.json /home/greg/.vscode-server/data/User/History/3f5a9fac/entries.json /home/greg/.vscode-server/data/User/History/5c070e60/bQZw.php /home/greg/.vscode-server/data/User/History/5c070e60/entries.json /home/greg/.vscode-server/data/User/workspaceStorage/f4be759cc90087aa636f7144e54f67d7/vscode.lock /home/greg/.vscode-server/data/logs/20240924T123428/exthost1/remoteexthost.log /home/greg/.vscode-server/data/logs/20240924T123428/exthost1/vscode.git/Git.log /home/greg/.vscode-server/data/logs/20240924T123428/exthost1/vscode.github/GitHub.log /home/greg/.vscode-server/data/logs/20240924T123428/exthost1/vscode.json-language-features/JSON Language Server.log /home/greg/.vscode-server/data/logs/20240924T123428/network.log /home/greg/.vscode-server/data/logs/20240924T123428/ptyhost.log /home/greg/.vscode-server/data/logs/20240924T123428/remoteagent.log /home/greg/.vscode-server/data/logs/20241107T124154/exthost1/remoteexthost.log /home/greg/.vscode-server/data/logs/20241107T124154/exthost1/vscode.git/Git.log /home/greg/.vscode-server/data/logs/20241107T124154/remoteagent.log /home/greg/example-app/app/Http/Controllers/PetController.php /home/greg/example-app/app/Models/Pet.php /home/greg/example-app/resources/views/pets/all.blade.php /home/greg/example-app/routes/web.php /home/greg/.vscode-server/data/User/History/-46800e05/wkx3.php /home/greg/.vscode-server/data/User/History/-c36ec07/23TP.php /home/greg/.vscode-server/data/User/History/3f5a9fac/JvHn.php /home/greg/.vscode-server/data/User/History/3f5a9fac/tcow.php /home/greg/.vscode-server/data/User/History/5c070e60/eFJA.php /home/greg/.vscode-server/data/logs/20241107T174348/exthost1/remoteexthost.log /home/greg/.vscode-server/data/logs/20241107T174348/exthost1/vscode.git/Git.log /home/greg/.vscode-server/data/logs/20241107T174348/exthost1/vscode.github/GitHub.log /home/greg/.vscode-server/data/logs/20241107T174348/ptyhost.log /home/greg/.vscode-server/data/logs/20241107T174348/remoteagent.log [25ms]
2024-11-07 18:21:30.849 [info] [Git][getRemotes] No remotes found in the git config file
2024-11-07 18:21:30.849 [info] > git config --get commit.template [2ms]
2024-11-07 18:21:30.849 [info] > git for-each-ref --format=%(refname)%00%(upstream:short)%00%(objectname)%00%(upstream:track)%00%(upstream:remotename)%00%(upstream:remoteref) refs/heads/master refs/remotes/master [0ms]
2024-11-07 18:21:30.853 [info] > git for-each-ref --sort -committerdate --format %(refname) %(objectname) %(*objectname) [1ms]
2024-11-07 18:21:30.881 [info] > git status -z -uall [31ms]
2024-11-07 18:21:31.008 [info] [Git][getRemotes] No remotes found in the git config file
2024-11-07 18:21:31.008 [info] > git config --get commit.template [2ms]
2024-11-07 18:21:31.009 [info] > git for-each-ref --format=%(refname)%00%(upstream:short)%00%(objectname)%00%(upstream:track)%00%(upstream:remotename)%00%(upstream:remoteref) refs/heads/master refs/remotes/master [1ms]
2024-11-07 18:21:31.013 [info] > git for-each-ref --sort -committerdate --format %(refname) %(objectname) %(*objectname) [1ms]
2024-11-07 18:21:31.033 [info] > git status -z -uall [23ms]
2024-11-07 18:21:32.080 [info] > git ls-files --stage -- /home/greg/example-app/app/Http/Controllers/PetController.php [2ms]
2024-11-07 18:21:32.081 [info] > git ls-files --stage -- /home/greg/example-app/resources/views/pets/all.blade.php [2ms]
2024-11-07 18:21:32.083 [info] > git cat-file -s f5eb67bc775907c029df622e859b571706974dde [2ms]
2024-11-07 18:21:32.084 [info] > git cat-file -s 4f3a65d48638d397fb42a39f4bd55073fd428eec [1ms]
2024-11-07 18:21:32.089 [info] > git show --textconv :example-app/app/Http/Controllers/PetController.php [2ms]
2024-11-07 18:21:32.091 [info] > git show --textconv :example-app/resources/views/pets/all.blade.php [2ms]
2024-11-07 18:21:36.039 [info] [Git][getRemotes] No remotes found in the git config file
2024-11-07 18:21:36.039 [info] > git config --get commit.template [2ms]
2024-11-07 18:21:36.039 [info] > git for-each-ref --format=%(refname)%00%(upstream:short)%00%(objectname)%00%(upstream:track)%00%(upstream:remotename)%00%(upstream:remoteref) refs/heads/master refs/remotes/master [1ms]
2024-11-07 18:21:36.043 [info] > git for-each-ref --sort -committerdate --format %(refname) %(objectname) %(*objectname) [1ms]
2024-11-07 18:21:36.065 [info] > git status -z -uall [23ms]
2024-11-07 18:21:41.070 [info] [Git][getRemotes] No remotes found in the git config file
2024-11-07 18:21:41.071 [info] > git config --get commit.template [2ms]
2024-11-07 18:21:41.071 [info] > git for-each-ref --format=%(refname)%00%(upstream:short)%00%(objectname)%00%(upstream:track)%00%(upstream:remotename)%00%(upstream:remoteref) refs/heads/master refs/remotes/master [1ms]
2024-11-07 18:21:41.078 [info] > git for-each-ref --sort -committerdate --format %(refname) %(objectname) %(*objectname) [4ms]
2024-11-07 18:21:41.098 [info] > git status -z -uall [25ms]
2024-11-07 18:21:41.862 [info] > git branch [1ms]
2024-11-07 18:21:41.870 [info] > git reset -q HEAD -- /home/greg/example-app/resources/views/pets/all.blade.php [6ms]
2024-11-07 18:21:41.874 [info] [Git][getRemotes] No remotes found in the git config file
2024-11-07 18:21:41.875 [info] > git config --get commit.template [2ms]
2024-11-07 18:21:41.875 [info] > git for-each-ref --format=%(refname)%00%(upstream:short)%00%(objectname)%00%(upstream:track)%00%(upstream:remotename)%00%(upstream:remoteref) refs/heads/master refs/remotes/master [1ms]
2024-11-07 18:21:41.879 [info] > git for-each-ref --sort -committerdate --format %(refname) %(objectname) %(*objectname) [1ms]
2024-11-07 18:21:41.899 [info] > git status -z -uall [23ms]
2024-11-07 18:21:43.106 [info] > git ls-files --stage -- /home/greg/example-app/app/Http/Controllers/PetController.php [2ms]
2024-11-07 18:21:43.109 [info] > git ls-tree -l HEAD -- /home/greg/example-app/resources/views/pets/all.blade.php [3ms]
2024-11-07 18:21:43.109 [info] > git cat-file -s f5eb67bc775907c029df622e859b571706974dde [1ms]
2024-11-07 18:21:43.115 [info] > git show --textconv HEAD:example-app/resources/views/pets/all.blade.php [2ms]
2024-11-07 18:21:43.117 [info] > git show --textconv :example-app/app/Http/Controllers/PetController.php [2ms]
2024-11-07 18:21:44.774 [info] > git branch [2ms]
2024-11-07 18:21:44.781 [info] > git reset -q HEAD -- /home/greg/example-app/routes/web.php [5ms]
2024-11-07 18:21:44.785 [info] [Git][getRemotes] No remotes found in the git config file
2024-11-07 18:21:44.785 [info] > git config --get commit.template [2ms]
2024-11-07 18:21:44.786 [info] > git for-each-ref --format=%(refname)%00%(upstream:short)%00%(objectname)%00%(upstream:track)%00%(upstream:remotename)%00%(upstream:remoteref) refs/heads/master refs/remotes/master [1ms]
2024-11-07 18:21:44.790 [info] > git for-each-ref --sort -committerdate --format %(refname) %(objectname) %(*objectname) [2ms]
2024-11-07 18:21:44.809 [info] > git status -z -uall [22ms]
2024-11-07 18:21:45.972 [info] > git ls-files --stage -- /home/greg/example-app/app/Http/Controllers/PetController.php [1ms]
2024-11-07 18:21:45.974 [info] > git ls-tree -l HEAD -- /home/greg/example-app/resources/views/pets/all.blade.php [2ms]
2024-11-07 18:21:45.974 [info] > git cat-file -s f5eb67bc775907c029df622e859b571706974dde [0ms]
2024-11-07 18:21:45.980 [info] > git show --textconv HEAD:example-app/resources/views/pets/all.blade.php [1ms]
2024-11-07 18:21:45.982 [info] > git show --textconv :example-app/app/Http/Controllers/PetController.php [2ms]
2024-11-07 18:21:46.103 [info] [Git][getRemotes] No remotes found in the git config file
2024-11-07 18:21:46.103 [info] > git config --get commit.template [2ms]
2024-11-07 18:21:46.104 [info] > git for-each-ref --format=%(refname)%00%(upstream:short)%00%(objectname)%00%(upstream:track)%00%(upstream:remotename)%00%(upstream:remoteref) refs/heads/master refs/remotes/master [1ms]
2024-11-07 18:21:46.107 [info] > git for-each-ref --sort -committerdate --format %(refname) %(objectname) %(*objectname) [0ms]
2024-11-07 18:21:46.128 [info] > git status -z -uall [23ms]
2024-11-07 18:21:51.132 [info] [Git][getRemotes] No remotes found in the git config file
2024-11-07 18:21:51.133 [info] > git config --get commit.template [2ms]
2024-11-07 18:21:51.133 [info] > git for-each-ref --format=%(refname)%00%(upstream:short)%00%(objectname)%00%(upstream:track)%00%(upstream:remotename)%00%(upstream:remoteref) refs/heads/master refs/remotes/master [1ms]
2024-11-07 18:21:51.138 [info] > git for-each-ref --sort -committerdate --format %(refname) %(objectname) %(*objectname) [1ms]
2024-11-07 18:21:51.157 [info] > git status -z -uall [23ms]
