2024-09-24 12:34:30.818 [info] [main] Log level: Info
2024-09-24 12:34:30.818 [info] [main] Validating found git in: "git"
2024-09-24 12:34:30.818 [info] [main] Using git "2.34.1" from "git"
2024-09-24 12:34:30.818 [info] [Model][doInitialScan] Initial repository scan started
2024-09-24 12:34:30.818 [info] > git rev-parse --show-toplevel [8ms]
2024-09-24 12:34:30.818 [info] fatal: not a git repository (or any of the parent directories): .git
2024-09-24 12:34:30.822 [info] > git rev-parse --show-toplevel [44ms]
2024-09-24 12:34:30.822 [info] fatal: not a git repository (or any of the parent directories): .git
2024-09-24 12:34:30.826 [info] > git rev-parse --show-toplevel [1ms]
2024-09-24 12:34:30.826 [info] fatal: not a git repository (or any of the parent directories): .git
2024-09-24 12:34:30.830 [info] > git rev-parse --show-toplevel [1ms]
2024-09-24 12:34:30.830 [info] fatal: not a git repository (or any of the parent directories): .git
2024-09-24 12:34:30.833 [info] > git rev-parse --show-toplevel [1ms]
2024-09-24 12:34:30.833 [info] fatal: not a git repository (or any of the parent directories): .git
2024-09-24 12:34:30.837 [info] > git rev-parse --show-toplevel [1ms]
2024-09-24 12:34:30.837 [info] fatal: not a git repository (or any of the parent directories): .git
2024-09-24 12:34:30.841 [info] > git rev-parse --show-toplevel [2ms]
2024-09-24 12:34:30.841 [info] fatal: not a git repository (or any of the parent directories): .git
2024-09-24 12:34:30.845 [info] [Model][doInitialScan] Initial repository scan completed - repositories (0), closed repositories (0), parent repositories (0), unsafe repositories (0)
2024-09-24 13:14:00.421 [info] > git rev-parse --show-toplevel [11ms]
2024-09-24 13:14:00.422 [info] fatal: not a git repository (or any of the parent directories): .git
2024-09-24 13:14:00.424 [info] > git rev-parse --show-toplevel [0ms]
2024-09-24 13:14:00.424 [info] fatal: not a git repository (or any of the parent directories): .git
2024-09-24 13:14:00.427 [info] > git rev-parse --show-toplevel [1ms]
2024-09-24 13:14:00.427 [info] fatal: not a git repository (or any of the parent directories): .git
2024-09-24 13:14:00.429 [info] > git rev-parse --show-toplevel [1ms]
2024-09-24 13:14:00.429 [info] fatal: not a git repository (or any of the parent directories): .git
2024-09-24 13:14:00.431 [info] > git rev-parse --show-toplevel [1ms]
2024-09-24 13:14:00.431 [info] fatal: not a git repository (or any of the parent directories): .git
2024-09-24 13:14:00.433 [info] > git rev-parse --show-toplevel [1ms]
2024-09-24 13:14:00.433 [info] fatal: not a git repository (or any of the parent directories): .git
2024-09-24 13:14:00.436 [info] > git rev-parse --show-toplevel [1ms]
2024-09-24 13:14:00.436 [info] fatal: not a git repository (or any of the parent directories): .git
2024-09-24 13:14:00.438 [info] > git rev-parse --show-toplevel [0ms]
2024-09-24 13:14:00.438 [info] fatal: not a git repository (or any of the parent directories): .git
2024-09-24 13:14:00.440 [info] > git rev-parse --show-toplevel [0ms]
2024-09-24 13:14:00.440 [info] fatal: not a git repository (or any of the parent directories): .git
2024-09-24 13:14:00.442 [info] > git rev-parse --show-toplevel [0ms]
2024-09-24 13:14:00.442 [info] fatal: not a git repository (or any of the parent directories): .git
2024-09-24 13:14:00.445 [info] > git rev-parse --show-toplevel [1ms]
2024-09-24 13:14:00.445 [info] fatal: not a git repository (or any of the parent directories): .git
2024-09-24 13:14:00.447 [info] > git rev-parse --show-toplevel [1ms]
2024-09-24 13:14:00.447 [info] fatal: not a git repository (or any of the parent directories): .git
2024-09-24 13:14:00.449 [info] > git rev-parse --show-toplevel [0ms]
2024-09-24 13:14:00.449 [info] fatal: not a git repository (or any of the parent directories): .git
2024-09-24 13:14:00.452 [info] > git rev-parse --show-toplevel [1ms]
2024-09-24 13:14:00.452 [info] fatal: not a git repository (or any of the parent directories): .git
2024-09-24 13:14:01.164 [info] > git rev-parse --show-toplevel [1ms]
2024-09-24 13:14:01.164 [info] fatal: not a git repository (or any of the parent directories): .git
2024-09-24 13:14:01.166 [info] > git rev-parse --show-toplevel [1ms]
2024-09-24 13:14:01.166 [info] fatal: not a git repository (or any of the parent directories): .git
2024-09-24 13:14:01.809 [info] > git rev-parse --show-toplevel [1ms]
2024-09-24 13:14:01.809 [info] fatal: not a git repository (or any of the parent directories): .git
2024-09-24 13:14:02.829 [info] > git rev-parse --show-toplevel [1ms]
2024-09-24 13:14:02.829 [info] fatal: not a git repository (or any of the parent directories): .git
2024-09-24 13:14:02.831 [info] > git rev-parse --show-toplevel [1ms]
2024-09-24 13:14:02.831 [info] fatal: not a git repository (or any of the parent directories): .git
2024-09-24 13:14:02.833 [info] > git rev-parse --show-toplevel [1ms]
2024-09-24 13:14:02.833 [info] fatal: not a git repository (or any of the parent directories): .git
2024-09-24 13:14:08.520 [info] > git rev-parse --show-toplevel [1ms]
2024-09-24 13:14:08.520 [info] fatal: not a git repository (or any of the parent directories): .git
2024-09-24 13:14:08.522 [info] > git rev-parse --show-toplevel [0ms]
2024-09-24 13:14:08.522 [info] fatal: not a git repository (or any of the parent directories): .git
2024-09-24 13:14:08.524 [info] > git rev-parse --show-toplevel [0ms]
2024-09-24 13:14:08.524 [info] fatal: not a git repository (or any of the parent directories): .git
2024-09-24 13:14:08.526 [info] > git rev-parse --show-toplevel [0ms]
2024-09-24 13:14:08.526 [info] fatal: not a git repository (or any of the parent directories): .git
2024-09-24 13:14:08.529 [info] > git rev-parse --show-toplevel [0ms]
2024-09-24 13:14:08.529 [info] fatal: not a git repository (or any of the parent directories): .git
2024-09-24 13:14:08.531 [info] > git rev-parse --show-toplevel [1ms]
2024-09-24 13:14:08.531 [info] fatal: not a git repository (or any of the parent directories): .git
2024-09-24 13:14:08.533 [info] > git rev-parse --show-toplevel [1ms]
2024-09-24 13:14:08.533 [info] fatal: not a git repository (or any of the parent directories): .git
2024-09-24 13:14:08.535 [info] > git rev-parse --show-toplevel [0ms]
2024-09-24 13:14:08.535 [info] fatal: not a git repository (or any of the parent directories): .git
2024-09-24 13:14:08.537 [info] > git rev-parse --show-toplevel [1ms]
2024-09-24 13:14:08.537 [info] fatal: not a git repository (or any of the parent directories): .git
2024-09-24 13:14:08.539 [info] > git rev-parse --show-toplevel [1ms]
2024-09-24 13:14:08.539 [info] fatal: not a git repository (or any of the parent directories): .git
2024-09-24 13:14:08.541 [info] > git rev-parse --show-toplevel [1ms]
2024-09-24 13:14:08.541 [info] fatal: not a git repository (or any of the parent directories): .git
2024-09-24 13:14:08.543 [info] > git rev-parse --show-toplevel [0ms]
2024-09-24 13:14:08.543 [info] fatal: not a git repository (or any of the parent directories): .git
2024-09-24 13:14:08.545 [info] > git rev-parse --show-toplevel [0ms]
2024-09-24 13:14:08.545 [info] fatal: not a git repository (or any of the parent directories): .git
2024-09-24 13:14:09.484 [info] > git rev-parse --show-toplevel [0ms]
2024-09-24 13:14:09.484 [info] fatal: not a git repository (or any of the parent directories): .git
2024-09-24 13:14:09.487 [info] > git rev-parse --show-toplevel [1ms]
2024-09-24 13:14:09.487 [info] fatal: not a git repository (or any of the parent directories): .git
2024-09-24 13:14:11.101 [info] > git rev-parse --show-toplevel [1ms]
2024-09-24 13:14:11.101 [info] fatal: not a git repository (or any of the parent directories): .git
2024-09-24 13:14:11.103 [info] > git rev-parse --show-toplevel [1ms]
2024-09-24 13:14:11.103 [info] fatal: not a git repository (or any of the parent directories): .git
2024-09-24 13:14:11.105 [info] > git rev-parse --show-toplevel [1ms]
2024-09-24 13:14:11.105 [info] fatal: not a git repository (or any of the parent directories): .git
2024-09-24 13:14:11.108 [info] > git rev-parse --show-toplevel [0ms]
2024-09-24 13:14:11.108 [info] fatal: not a git repository (or any of the parent directories): .git
2024-09-24 13:14:11.110 [info] > git rev-parse --show-toplevel [1ms]
2024-09-24 13:14:11.110 [info] fatal: not a git repository (or any of the parent directories): .git
2024-09-24 13:18:27.984 [info] > git rev-parse --show-toplevel [0ms]
2024-09-24 13:18:27.986 [info] > git rev-parse --git-dir --git-common-dir [0ms]
2024-09-24 13:18:27.996 [info] [Model][openRepository] Opened repository: /home/greg/.nvm
2024-09-24 13:18:28.000 [info] > git config --get commit.template [1ms]
2024-09-24 13:18:28.003 [info] > git for-each-ref --format=%(refname)%00%(upstream:short)%00%(objectname)%00%(upstream:track)%00%(upstream:remotename)%00%(upstream:remoteref) refs/heads/master refs/remotes/master [1ms]
2024-09-24 13:18:28.005 [warning] [Git][revParse] Unable to read file: ENOENT: no such file or directory, open '/home/greg/.nvm/.git/refs/remotes/origin/master'
2024-09-24 13:18:28.005 [info] > git rev-parse refs/remotes/origin/master [0ms]
2024-09-24 13:18:28.019 [info] > git status -z -uall [12ms]
2024-09-24 13:18:28.031 [info] > git for-each-ref --format=%(refname)%00%(upstream:short)%00%(objectname)%00%(upstream:track)%00%(upstream:remotename)%00%(upstream:remoteref) refs/heads/master refs/remotes/master [9ms]
2024-09-24 13:18:28.035 [info] > git config --get commit.template [7ms]
2024-09-24 13:18:28.036 [info] > git config --local branch.master.vscode-merge-base [2ms]
2024-09-24 13:18:28.036 [warning] [Git][config] git config failed: Failed to execute git
2024-09-24 13:18:28.042 [info] > git reflog master --grep-reflog=branch: Created from *. [3ms]
2024-09-24 13:18:28.044 [info] > git for-each-ref --format=%(refname)%00%(upstream:short)%00%(objectname)%00%(upstream:track)%00%(upstream:remotename)%00%(upstream:remoteref) refs/heads/master refs/remotes/master [3ms]
2024-09-24 13:18:28.046 [warning] [Git][revParse] Unable to read file: ENOENT: no such file or directory, open '/home/greg/.nvm/.git/refs/remotes/origin/master'
2024-09-24 13:18:28.046 [info] > git symbolic-ref --short refs/remotes/origin/HEAD [2ms]
2024-09-24 13:18:28.049 [info] > git rev-parse refs/remotes/origin/master [3ms]
2024-09-24 13:18:28.051 [info] > git for-each-ref --format=%(refname)%00%(upstream:short)%00%(objectname)%00%(upstream:track)%00%(upstream:remotename)%00%(upstream:remoteref) refs/heads/origin/master refs/remotes/origin/master [2ms]
2024-09-24 13:18:28.055 [info] > git config --local branch.master.vscode-merge-base origin/master [2ms]
2024-09-24 13:18:28.058 [info] > git status -z -uall [7ms] (cancelled)
2024-09-24 13:18:28.059 [info] > git config --get commit.template [1ms]
2024-09-24 13:18:28.061 [info] > git for-each-ref --format=%(refname)%00%(upstream:short)%00%(objectname)%00%(upstream:track)%00%(upstream:remotename)%00%(upstream:remoteref) refs/heads/master refs/remotes/master [1ms]
2024-09-24 13:18:28.063 [warning] [Git][revParse] Unable to read file: ENOENT: no such file or directory, open '/home/greg/.nvm/.git/refs/remotes/origin/master'
2024-09-24 13:18:28.063 [info] > git rev-parse refs/remotes/origin/master [0ms]
2024-09-24 13:18:28.070 [info] > git status -z -uall [5ms]
2024-09-24 13:18:28.079 [info] > git for-each-ref --format=%(refname)%00%(upstream:short)%00%(objectname)%00%(upstream:track)%00%(upstream:remotename)%00%(upstream:remoteref) refs/heads/master refs/remotes/master [6ms]
2024-09-24 13:18:28.083 [info] > git merge-base refs/heads/master refs/remotes/origin/master [5ms]
2024-09-24 13:18:28.083 [info] fatal: Not a valid object name refs/heads/master
2024-09-24 13:18:28.083 [info] [GitHistoryProvider][resolveHistoryItemGroupCommonAncestor] Failed to resolve common ancestor for 'refs/heads/master' and 'refs/remotes/origin/master'
2024-09-24 13:18:28.083 [info] > git config --local branch.master.vscode-merge-base [1ms]
2024-09-24 13:18:28.083 [warning] [Git][config] git config failed: Failed to execute git
2024-09-24 13:18:28.086 [info] > git reflog master --grep-reflog=branch: Created from *. [1ms]
2024-09-24 13:18:28.086 [info] fatal: ambiguous argument 'master': unknown revision or path not in the working tree.
Use '--' to separate paths from revisions, like this:
'git <command> [<revision>...] -- [<file>...]'
2024-09-24 13:18:28.089 [info] > git symbolic-ref --short refs/remotes/origin/HEAD [1ms]
2024-09-24 13:18:28.122 [info] > git for-each-ref --format=%(refname)%00%(upstream:short)%00%(objectname)%00%(upstream:track)%00%(upstream:remotename)%00%(upstream:remoteref) refs/heads/origin/master refs/remotes/origin/master [31ms]
2024-09-24 13:18:28.125 [info] > git config --local branch.master.vscode-merge-base origin/master [1ms]
2024-09-24 13:18:28.130 [info] > git config --get commit.template [2ms]
2024-09-24 13:18:28.131 [info] > git for-each-ref --format %(refname) %(objectname) %(*objectname) refs/tags [1ms]
2024-09-24 13:18:28.140 [info] > git status -z -uall [7ms]
2024-09-24 13:18:28.533 [info] > git check-ignore -v -z --stdin [1ms]
2024-09-24 13:18:28.574 [warning] [Model][getRepositoryExact] Failed to get repository realpath for: "/home/greg/.nvm/test/fixtures/nvmrc". Error:Error: ENOENT: no such file or directory, realpath '/home/greg/.nvm/test/fixtures/nvmrc'
2024-09-24 13:18:29.304 [info] > git config --get commit.template [0ms]
2024-09-24 13:18:29.306 [info] > git for-each-ref --format %(refname) %(objectname) %(*objectname) refs/tags [1ms]
2024-09-24 13:18:29.315 [info] > git status -z -uall [8ms]
2024-09-24 13:18:41.269 [info] > git config --get commit.template [3ms]
2024-09-24 13:18:41.269 [info] > git for-each-ref --format %(refname) %(objectname) %(*objectname) refs/tags [0ms]
2024-09-24 13:18:41.279 [info] > git status -z -uall [8ms]
2024-09-24 14:19:51.659 [info] > git rev-parse --show-toplevel [17ms]
2024-09-24 14:19:51.660 [info] fatal: not a git repository (or any of the parent directories): .git
2024-09-24 14:31:54.097 [info] > git rev-parse --show-toplevel [1ms]
2024-09-24 14:31:54.097 [info] fatal: not a git repository (or any of the parent directories): .git
2024-09-24 14:31:55.179 [info] > git rev-parse --show-toplevel [2ms]
2024-09-24 14:31:55.179 [info] fatal: not a git repository (or any of the parent directories): .git
2024-09-24 14:31:55.621 [info] > git rev-parse --show-toplevel [1ms]
2024-09-24 14:31:55.621 [info] fatal: not a git repository (or any of the parent directories): .git
2024-09-24 14:33:02.550 [info] > git rev-parse --show-toplevel [9ms]
2024-09-24 14:33:02.550 [info] fatal: not a git repository (or any of the parent directories): .git
